Apr 25 07:41:51 
Apr 25 07:41:51 🔔美丽研究院, 开始!
Apr 25 07:41:51 
Apr 25 07:41:51 ====================共0个京东账号Cookie=========
Apr 25 07:41:51 
Apr 25 07:41:51 ==================脚本执行- 北京时间(UTC+8)：4/25/2021, 7:41:51 AM=====================
Apr 25 07:41:51 
Apr 25 07:41:51 
Apr 25 07:41:51 ==============📣系统通知📣==============
Apr 25 07:41:51 美丽研究院
Apr 25 07:41:51 【提示】请先获取京东账号一cookie
Apr 25 07:41:51 直接使用NobyDa的京东签到获取
Apr 25 07:41:51 https://bean.m.jd.com/
Apr 25 07:41:51 
Apr 25 07:41:51 🔔美丽研究院, 结束! 🕛 0.035 秒
Apr 25 07:41:51 
Apr 25 12:42:44 
Apr 25 12:42:44 🔔美丽研究院, 开始!
Apr 25 12:42:44 
Apr 25 12:42:44 ====================共0个京东账号Cookie=========
Apr 25 12:42:44 
Apr 25 12:42:44 ==================脚本执行- 北京时间(UTC+8)：4/25/2021, 12:42:44 PM=====================
Apr 25 12:42:44 
Apr 25 12:42:44 
Apr 25 12:42:44 ==============📣系统通知📣==============
Apr 25 12:42:44 美丽研究院
Apr 25 12:42:44 【提示】请先获取京东账号一cookie
Apr 25 12:42:44 直接使用NobyDa的京东签到获取
Apr 25 12:42:44 https://bean.m.jd.com/
Apr 25 12:42:44 
Apr 25 12:42:44 🔔美丽研究院, 结束! 🕛 0.015 秒
Apr 25 12:42:44 
Apr 25 19:41:21 
Apr 25 19:41:21 🔔美丽研究院, 开始!
Apr 25 19:41:21 
Apr 25 19:41:21 ====================共0个京东账号Cookie=========
Apr 25 19:41:21 
Apr 25 19:41:21 ==================脚本执行- 北京时间(UTC+8)：4/25/2021, 7:41:21 PM=====================
Apr 25 19:41:21 
Apr 25 19:41:21 
Apr 25 19:41:21 ==============📣系统通知📣==============
Apr 25 19:41:21 美丽研究院
Apr 25 19:41:21 【提示】请先获取京东账号一cookie
Apr 25 19:41:21 直接使用NobyDa的京东签到获取
Apr 25 19:41:21 https://bean.m.jd.com/
Apr 25 19:41:21 
Apr 25 19:41:21 🔔美丽研究院, 结束! 🕛 0.02 秒
Apr 25 19:41:21 
