Apr 25 00:00:00 
Apr 25 00:00:00 🔔东东超市兑换奖品, 开始!
Apr 25 00:00:00 
Apr 25 00:00:00 ====================共0个京东账号Cookie=========
Apr 25 00:00:00 
Apr 25 00:00:00 ==================脚本执行- 北京时间(UTC+8)：4/25/2021, 12:00:00 AM=====================
Apr 25 00:00:00 
Apr 25 00:00:00 
Apr 25 00:00:00 ==============📣系统通知📣==============
Apr 25 00:00:00 东东超市兑换奖品
Apr 25 00:00:00 【提示】请先获取cookie
Apr 25 00:00:00 直接使用NobyDa的京东签到获取
Apr 25 00:00:00 https://bean.m.jd.com/bean/signIndex.action
Apr 25 00:00:00 
Apr 25 00:00:00 🔔东东超市兑换奖品, 结束! 🕛 0.103 秒
Apr 25 00:00:00 
Apr 25 00:30:00 
Apr 25 00:30:00 🔔东东超市兑换奖品, 开始!
Apr 25 00:30:00 
Apr 25 00:30:00 ====================共0个京东账号Cookie=========
Apr 25 00:30:00 
Apr 25 00:30:00 ==================脚本执行- 北京时间(UTC+8)：4/25/2021, 12:30:00 AM=====================
Apr 25 00:30:00 
Apr 25 00:30:00 
Apr 25 00:30:00 ==============📣系统通知📣==============
Apr 25 00:30:00 东东超市兑换奖品
Apr 25 00:30:00 【提示】请先获取cookie
Apr 25 00:30:00 直接使用NobyDa的京东签到获取
Apr 25 00:30:00 https://bean.m.jd.com/bean/signIndex.action
Apr 25 00:30:00 
Apr 25 00:30:00 🔔东东超市兑换奖品, 结束! 🕛 0.032 秒
Apr 25 00:30:00 
