Apr 25 00:11:44 
Apr 25 00:11:44 🔔签到领现金, 开始!
Apr 25 00:11:44 
Apr 25 00:11:44 ====================共0个京东账号Cookie=========
Apr 25 00:11:44 
Apr 25 00:11:44 ==================脚本执行- 北京时间(UTC+8)：4/25/2021, 12:11:44 AM=====================
Apr 25 00:11:44 
Apr 25 00:11:44 
Apr 25 00:11:44 ==============📣系统通知📣==============
Apr 25 00:11:44 签到领现金
Apr 25 00:11:44 【提示】请先获取京东账号一cookie
Apr 25 00:11:44 直接使用NobyDa的京东签到获取
Apr 25 00:11:44 https://bean.m.jd.com/bean/signIndex.action
Apr 25 00:11:44 
Apr 25 00:11:44 🔔签到领现金, 结束! 🕛 0.02 秒
Apr 25 00:11:44 
Apr 25 04:11:00 
Apr 25 04:11:00 🔔签到领现金, 开始!
Apr 25 04:11:00 
Apr 25 04:11:00 ====================共0个京东账号Cookie=========
Apr 25 04:11:00 
Apr 25 04:11:00 ==================脚本执行- 北京时间(UTC+8)：4/25/2021, 4:11:00 AM=====================
Apr 25 04:11:00 
Apr 25 04:11:00 
Apr 25 04:11:00 ==============📣系统通知📣==============
Apr 25 04:11:00 签到领现金
Apr 25 04:11:00 【提示】请先获取京东账号一cookie
Apr 25 04:11:00 直接使用NobyDa的京东签到获取
Apr 25 04:11:00 https://bean.m.jd.com/bean/signIndex.action
Apr 25 04:11:00 
Apr 25 04:11:00 🔔签到领现金, 结束! 🕛 0.017 秒
Apr 25 04:11:00 
Apr 25 08:10:01 
Apr 25 08:10:01 🔔签到领现金, 开始!
Apr 25 08:10:01 
Apr 25 08:10:01 ====================共0个京东账号Cookie=========
Apr 25 08:10:01 
Apr 25 08:10:01 ==================脚本执行- 北京时间(UTC+8)：4/25/2021, 8:10:01 AM=====================
Apr 25 08:10:01 
Apr 25 08:10:01 
Apr 25 08:10:01 ==============📣系统通知📣==============
Apr 25 08:10:01 签到领现金
Apr 25 08:10:01 【提示】请先获取京东账号一cookie
Apr 25 08:10:01 直接使用NobyDa的京东签到获取
Apr 25 08:10:01 https://bean.m.jd.com/bean/signIndex.action
Apr 25 08:10:01 
Apr 25 08:10:01 🔔签到领现金, 结束! 🕛 0.018 秒
Apr 25 08:10:01 
Apr 25 12:10:32 
Apr 25 12:10:32 🔔签到领现金, 开始!
Apr 25 12:10:32 
Apr 25 12:10:32 ====================共0个京东账号Cookie=========
Apr 25 12:10:32 
Apr 25 12:10:32 ==================脚本执行- 北京时间(UTC+8)：4/25/2021, 12:10:32 PM=====================
Apr 25 12:10:32 
Apr 25 12:10:32 
Apr 25 12:10:32 ==============📣系统通知📣==============
Apr 25 12:10:32 签到领现金
Apr 25 12:10:32 【提示】请先获取京东账号一cookie
Apr 25 12:10:32 直接使用NobyDa的京东签到获取
Apr 25 12:10:32 https://bean.m.jd.com/bean/signIndex.action
Apr 25 12:10:32 
Apr 25 12:10:32 🔔签到领现金, 结束! 🕛 0.022 秒
Apr 25 12:10:32 
Apr 25 16:11:00 
Apr 25 16:11:00 🔔签到领现金, 开始!
Apr 25 16:11:00 
Apr 25 16:11:00 ====================共0个京东账号Cookie=========
Apr 25 16:11:00 
Apr 25 16:11:00 ==================脚本执行- 北京时间(UTC+8)：4/25/2021, 4:11:00 PM=====================
Apr 25 16:11:00 
Apr 25 16:11:00 
Apr 25 16:11:00 ==============📣系统通知📣==============
Apr 25 16:11:00 签到领现金
Apr 25 16:11:00 【提示】请先获取京东账号一cookie
Apr 25 16:11:00 直接使用NobyDa的京东签到获取
Apr 25 16:11:00 https://bean.m.jd.com/bean/signIndex.action
Apr 25 16:11:00 
Apr 25 16:11:00 🔔签到领现金, 结束! 🕛 0.018 秒
Apr 25 16:11:00 
Apr 25 20:11:17 
Apr 25 20:11:17 🔔签到领现金, 开始!
Apr 25 20:11:17 
Apr 25 20:11:17 ====================共0个京东账号Cookie=========
Apr 25 20:11:17 
Apr 25 20:11:17 ==================脚本执行- 北京时间(UTC+8)：4/25/2021, 8:11:17 PM=====================
Apr 25 20:11:17 
Apr 25 20:11:17 
Apr 25 20:11:17 ==============📣系统通知📣==============
Apr 25 20:11:17 签到领现金
Apr 25 20:11:17 【提示】请先获取京东账号一cookie
Apr 25 20:11:17 直接使用NobyDa的京东签到获取
Apr 25 20:11:17 https://bean.m.jd.com/bean/signIndex.action
Apr 25 20:11:17 
Apr 25 20:11:17 🔔签到领现金, 结束! 🕛 0.016 秒
Apr 25 20:11:17 
