Apr 25 00:29:55 
Apr 25 00:29:55 🔔天天提鹅, 开始!
Apr 25 00:29:55 
Apr 25 00:29:55 ====================共0个京东账号Cookie=========
Apr 25 00:29:55 
Apr 25 00:29:55 ==================脚本执行- 北京时间(UTC+8)：4/25/2021, 12:29:55 AM=====================
Apr 25 00:29:55 
Apr 25 00:29:55 
Apr 25 00:29:55 ==============📣系统通知📣==============
Apr 25 00:29:55 天天提鹅
Apr 25 00:29:55 【提示】请先获取京东账号一cookie
Apr 25 00:29:55 直接使用NobyDa的京东签到获取
Apr 25 00:29:55 https://bean.m.jd.com/bean/signIndex.action
Apr 25 00:29:55 
Apr 25 00:29:55 🔔天天提鹅, 结束! 🕛 0.023 秒
Apr 25 00:29:55 
Apr 25 01:29:07 
Apr 25 01:29:07 🔔天天提鹅, 开始!
Apr 25 01:29:07 
Apr 25 01:29:07 ====================共0个京东账号Cookie=========
Apr 25 01:29:07 
Apr 25 01:29:07 ==================脚本执行- 北京时间(UTC+8)：4/25/2021, 1:29:07 AM=====================
Apr 25 01:29:07 
Apr 25 01:29:07 
Apr 25 01:29:07 ==============📣系统通知📣==============
Apr 25 01:29:07 天天提鹅
Apr 25 01:29:07 【提示】请先获取京东账号一cookie
Apr 25 01:29:07 直接使用NobyDa的京东签到获取
Apr 25 01:29:07 https://bean.m.jd.com/bean/signIndex.action
Apr 25 01:29:07 
Apr 25 01:29:07 🔔天天提鹅, 结束! 🕛 0.021 秒
Apr 25 01:29:07 
Apr 25 02:28:37 
Apr 25 02:28:37 🔔天天提鹅, 开始!
Apr 25 02:28:37 
Apr 25 02:28:37 ====================共0个京东账号Cookie=========
Apr 25 02:28:37 
Apr 25 02:28:37 ==================脚本执行- 北京时间(UTC+8)：4/25/2021, 2:28:37 AM=====================
Apr 25 02:28:37 
Apr 25 02:28:37 
Apr 25 02:28:37 ==============📣系统通知📣==============
Apr 25 02:28:37 天天提鹅
Apr 25 02:28:37 【提示】请先获取京东账号一cookie
Apr 25 02:28:37 直接使用NobyDa的京东签到获取
Apr 25 02:28:37 https://bean.m.jd.com/bean/signIndex.action
Apr 25 02:28:37 
Apr 25 02:28:37 🔔天天提鹅, 结束! 🕛 0.023 秒
Apr 25 02:28:37 
Apr 25 03:29:12 
Apr 25 03:29:12 🔔天天提鹅, 开始!
Apr 25 03:29:12 
Apr 25 03:29:12 ====================共0个京东账号Cookie=========
Apr 25 03:29:12 
Apr 25 03:29:12 ==================脚本执行- 北京时间(UTC+8)：4/25/2021, 3:29:12 AM=====================
Apr 25 03:29:12 
Apr 25 03:29:12 
Apr 25 03:29:12 ==============📣系统通知📣==============
Apr 25 03:29:12 天天提鹅
Apr 25 03:29:12 【提示】请先获取京东账号一cookie
Apr 25 03:29:12 直接使用NobyDa的京东签到获取
Apr 25 03:29:12 https://bean.m.jd.com/bean/signIndex.action
Apr 25 03:29:12 
Apr 25 03:29:12 🔔天天提鹅, 结束! 🕛 0.02 秒
Apr 25 03:29:12 
Apr 25 04:29:46 
Apr 25 04:29:46 🔔天天提鹅, 开始!
Apr 25 04:29:46 
Apr 25 04:29:46 ====================共0个京东账号Cookie=========
Apr 25 04:29:46 
Apr 25 04:29:46 ==================脚本执行- 北京时间(UTC+8)：4/25/2021, 4:29:46 AM=====================
Apr 25 04:29:46 
Apr 25 04:29:46 
Apr 25 04:29:46 ==============📣系统通知📣==============
Apr 25 04:29:46 天天提鹅
Apr 25 04:29:46 【提示】请先获取京东账号一cookie
Apr 25 04:29:46 直接使用NobyDa的京东签到获取
Apr 25 04:29:46 https://bean.m.jd.com/bean/signIndex.action
Apr 25 04:29:46 
Apr 25 04:29:46 🔔天天提鹅, 结束! 🕛 0.016 秒
Apr 25 04:29:46 
Apr 25 05:28:25 
Apr 25 05:28:25 🔔天天提鹅, 开始!
Apr 25 05:28:25 
Apr 25 05:28:25 ====================共0个京东账号Cookie=========
Apr 25 05:28:25 
Apr 25 05:28:25 ==================脚本执行- 北京时间(UTC+8)：4/25/2021, 5:28:25 AM=====================
Apr 25 05:28:25 
Apr 25 05:28:25 
Apr 25 05:28:25 ==============📣系统通知📣==============
Apr 25 05:28:25 天天提鹅
Apr 25 05:28:25 【提示】请先获取京东账号一cookie
Apr 25 05:28:25 直接使用NobyDa的京东签到获取
Apr 25 05:28:25 https://bean.m.jd.com/bean/signIndex.action
Apr 25 05:28:25 
Apr 25 05:28:25 🔔天天提鹅, 结束! 🕛 0.022 秒
Apr 25 05:28:25 
Apr 25 06:28:11 
Apr 25 06:28:11 🔔天天提鹅, 开始!
Apr 25 06:28:11 
Apr 25 06:28:11 ====================共0个京东账号Cookie=========
Apr 25 06:28:11 
Apr 25 06:28:11 ==================脚本执行- 北京时间(UTC+8)：4/25/2021, 6:28:11 AM=====================
Apr 25 06:28:11 
Apr 25 06:28:11 
Apr 25 06:28:11 ==============📣系统通知📣==============
Apr 25 06:28:11 天天提鹅
Apr 25 06:28:11 【提示】请先获取京东账号一cookie
Apr 25 06:28:11 直接使用NobyDa的京东签到获取
Apr 25 06:28:11 https://bean.m.jd.com/bean/signIndex.action
Apr 25 06:28:11 
Apr 25 06:28:11 🔔天天提鹅, 结束! 🕛 0.015 秒
Apr 25 06:28:11 
Apr 25 07:29:30 
Apr 25 07:29:30 🔔天天提鹅, 开始!
Apr 25 07:29:30 
Apr 25 07:29:30 ====================共0个京东账号Cookie=========
Apr 25 07:29:30 
Apr 25 07:29:30 ==================脚本执行- 北京时间(UTC+8)：4/25/2021, 7:29:30 AM=====================
Apr 25 07:29:30 
Apr 25 07:29:30 
Apr 25 07:29:30 ==============📣系统通知📣==============
Apr 25 07:29:30 天天提鹅
Apr 25 07:29:30 【提示】请先获取京东账号一cookie
Apr 25 07:29:30 直接使用NobyDa的京东签到获取
Apr 25 07:29:30 https://bean.m.jd.com/bean/signIndex.action
Apr 25 07:29:30 
Apr 25 07:29:30 🔔天天提鹅, 结束! 🕛 0.024 秒
Apr 25 07:29:30 
Apr 25 08:29:47 
Apr 25 08:29:47 🔔天天提鹅, 开始!
Apr 25 08:29:47 
Apr 25 08:29:47 ====================共0个京东账号Cookie=========
Apr 25 08:29:47 
Apr 25 08:29:47 ==================脚本执行- 北京时间(UTC+8)：4/25/2021, 8:29:47 AM=====================
Apr 25 08:29:47 
Apr 25 08:29:47 
Apr 25 08:29:47 ==============📣系统通知📣==============
Apr 25 08:29:47 天天提鹅
Apr 25 08:29:47 【提示】请先获取京东账号一cookie
Apr 25 08:29:47 直接使用NobyDa的京东签到获取
Apr 25 08:29:47 https://bean.m.jd.com/bean/signIndex.action
Apr 25 08:29:47 
Apr 25 08:29:47 🔔天天提鹅, 结束! 🕛 0.02 秒
Apr 25 08:29:47 
Apr 25 09:29:33 
Apr 25 09:29:33 🔔天天提鹅, 开始!
Apr 25 09:29:33 
Apr 25 09:29:33 ====================共0个京东账号Cookie=========
Apr 25 09:29:33 
Apr 25 09:29:33 ==================脚本执行- 北京时间(UTC+8)：4/25/2021, 9:29:33 AM=====================
Apr 25 09:29:33 
Apr 25 09:29:33 
Apr 25 09:29:33 ==============📣系统通知📣==============
Apr 25 09:29:33 天天提鹅
Apr 25 09:29:33 【提示】请先获取京东账号一cookie
Apr 25 09:29:33 直接使用NobyDa的京东签到获取
Apr 25 09:29:33 https://bean.m.jd.com/bean/signIndex.action
Apr 25 09:29:33 
Apr 25 09:29:33 🔔天天提鹅, 结束! 🕛 0.019 秒
Apr 25 09:29:33 
Apr 25 10:28:49 
Apr 25 10:28:49 🔔天天提鹅, 开始!
Apr 25 10:28:49 
Apr 25 10:28:49 ====================共0个京东账号Cookie=========
Apr 25 10:28:49 
Apr 25 10:28:49 ==================脚本执行- 北京时间(UTC+8)：4/25/2021, 10:28:49 AM=====================
Apr 25 10:28:49 
Apr 25 10:28:49 
Apr 25 10:28:49 ==============📣系统通知📣==============
Apr 25 10:28:49 天天提鹅
Apr 25 10:28:49 【提示】请先获取京东账号一cookie
Apr 25 10:28:49 直接使用NobyDa的京东签到获取
Apr 25 10:28:49 https://bean.m.jd.com/bean/signIndex.action
Apr 25 10:28:49 
Apr 25 10:28:49 🔔天天提鹅, 结束! 🕛 0.026 秒
Apr 25 10:28:49 
Apr 25 11:29:17 
Apr 25 11:29:17 🔔天天提鹅, 开始!
Apr 25 11:29:17 
Apr 25 11:29:17 ====================共0个京东账号Cookie=========
Apr 25 11:29:17 
Apr 25 11:29:17 ==================脚本执行- 北京时间(UTC+8)：4/25/2021, 11:29:17 AM=====================
Apr 25 11:29:17 
Apr 25 11:29:17 
Apr 25 11:29:17 ==============📣系统通知📣==============
Apr 25 11:29:17 天天提鹅
Apr 25 11:29:17 【提示】请先获取京东账号一cookie
Apr 25 11:29:17 直接使用NobyDa的京东签到获取
Apr 25 11:29:17 https://bean.m.jd.com/bean/signIndex.action
Apr 25 11:29:17 
Apr 25 11:29:17 🔔天天提鹅, 结束! 🕛 0.02 秒
Apr 25 11:29:17 
Apr 25 12:29:58 
Apr 25 12:29:58 🔔天天提鹅, 开始!
Apr 25 12:29:58 
Apr 25 12:29:58 ====================共0个京东账号Cookie=========
Apr 25 12:29:58 
Apr 25 12:29:58 ==================脚本执行- 北京时间(UTC+8)：4/25/2021, 12:29:58 PM=====================
Apr 25 12:29:58 
Apr 25 12:29:58 
Apr 25 12:29:58 ==============📣系统通知📣==============
Apr 25 12:29:58 天天提鹅
Apr 25 12:29:58 【提示】请先获取京东账号一cookie
Apr 25 12:29:58 直接使用NobyDa的京东签到获取
Apr 25 12:29:58 https://bean.m.jd.com/bean/signIndex.action
Apr 25 12:29:58 
Apr 25 12:29:58 🔔天天提鹅, 结束! 🕛 0.02 秒
Apr 25 12:29:58 
Apr 25 13:29:55 
Apr 25 13:29:55 🔔天天提鹅, 开始!
Apr 25 13:29:55 
Apr 25 13:29:55 ====================共0个京东账号Cookie=========
Apr 25 13:29:55 
Apr 25 13:29:55 ==================脚本执行- 北京时间(UTC+8)：4/25/2021, 1:29:55 PM=====================
Apr 25 13:29:55 
Apr 25 13:29:55 
Apr 25 13:29:55 ==============📣系统通知📣==============
Apr 25 13:29:55 天天提鹅
Apr 25 13:29:55 【提示】请先获取京东账号一cookie
Apr 25 13:29:55 直接使用NobyDa的京东签到获取
Apr 25 13:29:55 https://bean.m.jd.com/bean/signIndex.action
Apr 25 13:29:55 
Apr 25 13:29:55 🔔天天提鹅, 结束! 🕛 0.023 秒
Apr 25 13:29:55 
Apr 25 14:28:30 
Apr 25 14:28:30 🔔天天提鹅, 开始!
Apr 25 14:28:30 
Apr 25 14:28:30 ====================共0个京东账号Cookie=========
Apr 25 14:28:30 
Apr 25 14:28:30 ==================脚本执行- 北京时间(UTC+8)：4/25/2021, 2:28:30 PM=====================
Apr 25 14:28:30 
Apr 25 14:28:30 
Apr 25 14:28:30 ==============📣系统通知📣==============
Apr 25 14:28:30 天天提鹅
Apr 25 14:28:30 【提示】请先获取京东账号一cookie
Apr 25 14:28:30 直接使用NobyDa的京东签到获取
Apr 25 14:28:30 https://bean.m.jd.com/bean/signIndex.action
Apr 25 14:28:30 
Apr 25 14:28:30 🔔天天提鹅, 结束! 🕛 0.028 秒
Apr 25 14:28:30 
Apr 25 15:28:11 
Apr 25 15:28:11 🔔天天提鹅, 开始!
Apr 25 15:28:11 
Apr 25 15:28:11 ====================共0个京东账号Cookie=========
Apr 25 15:28:11 
Apr 25 15:28:11 ==================脚本执行- 北京时间(UTC+8)：4/25/2021, 3:28:11 PM=====================
Apr 25 15:28:11 
Apr 25 15:28:11 
Apr 25 15:28:11 ==============📣系统通知📣==============
Apr 25 15:28:11 天天提鹅
Apr 25 15:28:11 【提示】请先获取京东账号一cookie
Apr 25 15:28:11 直接使用NobyDa的京东签到获取
Apr 25 15:28:11 https://bean.m.jd.com/bean/signIndex.action
Apr 25 15:28:11 
Apr 25 15:28:11 🔔天天提鹅, 结束! 🕛 0.019 秒
Apr 25 15:28:11 
Apr 25 16:29:17 
Apr 25 16:29:17 🔔天天提鹅, 开始!
Apr 25 16:29:17 
Apr 25 16:29:17 ====================共0个京东账号Cookie=========
Apr 25 16:29:17 
Apr 25 16:29:17 ==================脚本执行- 北京时间(UTC+8)：4/25/2021, 4:29:17 PM=====================
Apr 25 16:29:17 
Apr 25 16:29:17 
Apr 25 16:29:17 ==============📣系统通知📣==============
Apr 25 16:29:17 天天提鹅
Apr 25 16:29:17 【提示】请先获取京东账号一cookie
Apr 25 16:29:17 直接使用NobyDa的京东签到获取
Apr 25 16:29:17 https://bean.m.jd.com/bean/signIndex.action
Apr 25 16:29:17 
Apr 25 16:29:17 🔔天天提鹅, 结束! 🕛 0.017 秒
Apr 25 16:29:17 
Apr 25 17:29:35 
Apr 25 17:29:35 🔔天天提鹅, 开始!
Apr 25 17:29:35 
Apr 25 17:29:35 ====================共0个京东账号Cookie=========
Apr 25 17:29:35 
Apr 25 17:29:35 ==================脚本执行- 北京时间(UTC+8)：4/25/2021, 5:29:35 PM=====================
Apr 25 17:29:35 
Apr 25 17:29:35 
Apr 25 17:29:35 ==============📣系统通知📣==============
Apr 25 17:29:35 天天提鹅
Apr 25 17:29:35 【提示】请先获取京东账号一cookie
Apr 25 17:29:35 直接使用NobyDa的京东签到获取
Apr 25 17:29:35 https://bean.m.jd.com/bean/signIndex.action
Apr 25 17:29:35 
Apr 25 17:29:35 🔔天天提鹅, 结束! 🕛 0.018 秒
Apr 25 17:29:35 
Apr 25 18:28:05 
Apr 25 18:28:05 🔔天天提鹅, 开始!
Apr 25 18:28:05 
Apr 25 18:28:05 ====================共0个京东账号Cookie=========
Apr 25 18:28:05 
Apr 25 18:28:05 ==================脚本执行- 北京时间(UTC+8)：4/25/2021, 6:28:05 PM=====================
Apr 25 18:28:05 
Apr 25 18:28:05 
Apr 25 18:28:05 ==============📣系统通知📣==============
Apr 25 18:28:05 天天提鹅
Apr 25 18:28:05 【提示】请先获取京东账号一cookie
Apr 25 18:28:05 直接使用NobyDa的京东签到获取
Apr 25 18:28:05 https://bean.m.jd.com/bean/signIndex.action
Apr 25 18:28:05 
Apr 25 18:28:05 🔔天天提鹅, 结束! 🕛 0.016 秒
Apr 25 18:28:05 
Apr 25 19:28:47 
Apr 25 19:28:47 🔔天天提鹅, 开始!
Apr 25 19:28:47 
Apr 25 19:28:47 ====================共0个京东账号Cookie=========
Apr 25 19:28:47 
Apr 25 19:28:47 ==================脚本执行- 北京时间(UTC+8)：4/25/2021, 7:28:47 PM=====================
Apr 25 19:28:47 
Apr 25 19:28:47 
Apr 25 19:28:47 ==============📣系统通知📣==============
Apr 25 19:28:47 天天提鹅
Apr 25 19:28:47 【提示】请先获取京东账号一cookie
Apr 25 19:28:47 直接使用NobyDa的京东签到获取
Apr 25 19:28:47 https://bean.m.jd.com/bean/signIndex.action
Apr 25 19:28:47 
Apr 25 19:28:47 🔔天天提鹅, 结束! 🕛 0.021 秒
Apr 25 19:28:47 
Apr 25 20:28:18 
Apr 25 20:28:18 🔔天天提鹅, 开始!
Apr 25 20:28:18 
Apr 25 20:28:18 ====================共0个京东账号Cookie=========
Apr 25 20:28:18 
Apr 25 20:28:18 ==================脚本执行- 北京时间(UTC+8)：4/25/2021, 8:28:18 PM=====================
Apr 25 20:28:18 
Apr 25 20:28:18 
Apr 25 20:28:18 ==============📣系统通知📣==============
Apr 25 20:28:18 天天提鹅
Apr 25 20:28:18 【提示】请先获取京东账号一cookie
Apr 25 20:28:18 直接使用NobyDa的京东签到获取
Apr 25 20:28:18 https://bean.m.jd.com/bean/signIndex.action
Apr 25 20:28:18 
Apr 25 20:28:18 🔔天天提鹅, 结束! 🕛 0.018 秒
Apr 25 20:28:18 
Apr 25 21:29:08 
Apr 25 21:29:08 🔔天天提鹅, 开始!
Apr 25 21:29:08 
Apr 25 21:29:08 ====================共0个京东账号Cookie=========
Apr 25 21:29:08 
Apr 25 21:29:08 ==================脚本执行- 北京时间(UTC+8)：4/25/2021, 9:29:08 PM=====================
Apr 25 21:29:08 
Apr 25 21:29:08 
Apr 25 21:29:08 ==============📣系统通知📣==============
Apr 25 21:29:08 天天提鹅
Apr 25 21:29:08 【提示】请先获取京东账号一cookie
Apr 25 21:29:08 直接使用NobyDa的京东签到获取
Apr 25 21:29:08 https://bean.m.jd.com/bean/signIndex.action
Apr 25 21:29:08 
Apr 25 21:29:08 🔔天天提鹅, 结束! 🕛 0.015 秒
Apr 25 21:29:08 
Apr 25 22:28:27 
Apr 25 22:28:27 🔔天天提鹅, 开始!
Apr 25 22:28:27 
Apr 25 22:28:27 ====================共0个京东账号Cookie=========
Apr 25 22:28:27 
Apr 25 22:28:27 ==================脚本执行- 北京时间(UTC+8)：4/25/2021, 10:28:27 PM=====================
Apr 25 22:28:27 
Apr 25 22:28:27 
Apr 25 22:28:27 ==============📣系统通知📣==============
Apr 25 22:28:27 天天提鹅
Apr 25 22:28:27 【提示】请先获取京东账号一cookie
Apr 25 22:28:27 直接使用NobyDa的京东签到获取
Apr 25 22:28:27 https://bean.m.jd.com/bean/signIndex.action
Apr 25 22:28:27 
Apr 25 22:28:27 🔔天天提鹅, 结束! 🕛 0.017 秒
Apr 25 22:28:27 
