Apr 25 06:15:12 
Apr 25 06:15:12 🔔东东农场, 开始!
Apr 25 06:15:12 开始获取配置文件
Apr 25 06:15:12 
Apr 25 06:15:12 
Apr 25 06:15:12 ====================共0个京东账号Cookie=========
Apr 25 06:15:12 
Apr 25 06:15:12 ==================脚本执行- 北京时间(UTC+8)：4/25/2021, 6:15:12 AM=====================
Apr 25 06:15:12 
Apr 25 06:15:12 您的东东农场互助码选择的是用&隔开
Apr 25 06:15:12 
Apr 25 06:15:12 共0个京东账号
Apr 25 06:15:12 
Apr 25 06:15:12 您提供了13个账号的农场助力码
Apr 25 06:15:12 
Apr 25 06:15:12 
Apr 25 06:15:12 ==============📣系统通知📣==============
Apr 25 06:15:12 东东农场
Apr 25 06:15:12 【提示】请先获取京东账号一cookie
Apr 25 06:15:12 直接使用NobyDa的京东签到获取
Apr 25 06:15:12 https://bean.m.jd.com/bean/signIndex.action
Apr 25 06:15:12 
Apr 25 06:15:12 🔔东东农场, 结束! 🕛 0.02 秒
Apr 25 06:15:12 
Apr 25 12:15:37 
Apr 25 12:15:37 🔔东东农场, 开始!
Apr 25 12:15:37 开始获取配置文件
Apr 25 12:15:37 
Apr 25 12:15:37 
Apr 25 12:15:37 ====================共0个京东账号Cookie=========
Apr 25 12:15:37 
Apr 25 12:15:37 ==================脚本执行- 北京时间(UTC+8)：4/25/2021, 12:15:37 PM=====================
Apr 25 12:15:37 
Apr 25 12:15:37 您的东东农场互助码选择的是用&隔开
Apr 25 12:15:37 
Apr 25 12:15:37 共0个京东账号
Apr 25 12:15:37 
Apr 25 12:15:37 您提供了13个账号的农场助力码
Apr 25 12:15:37 
Apr 25 12:15:37 
Apr 25 12:15:37 ==============📣系统通知📣==============
Apr 25 12:15:37 东东农场
Apr 25 12:15:37 【提示】请先获取京东账号一cookie
Apr 25 12:15:37 直接使用NobyDa的京东签到获取
Apr 25 12:15:37 https://bean.m.jd.com/bean/signIndex.action
Apr 25 12:15:37 
Apr 25 12:15:37 🔔东东农场, 结束! 🕛 0.02 秒
Apr 25 12:15:37 
Apr 25 18:16:49 
Apr 25 18:16:49 🔔东东农场, 开始!
Apr 25 18:16:49 开始获取配置文件
Apr 25 18:16:49 
Apr 25 18:16:49 
Apr 25 18:16:49 ====================共0个京东账号Cookie=========
Apr 25 18:16:49 
Apr 25 18:16:49 ==================脚本执行- 北京时间(UTC+8)：4/25/2021, 6:16:49 PM=====================
Apr 25 18:16:49 
Apr 25 18:16:49 您的东东农场互助码选择的是用&隔开
Apr 25 18:16:49 
Apr 25 18:16:49 共0个京东账号
Apr 25 18:16:49 
Apr 25 18:16:49 您提供了13个账号的农场助力码
Apr 25 18:16:49 
Apr 25 18:16:49 
Apr 25 18:16:49 ==============📣系统通知📣==============
Apr 25 18:16:49 东东农场
Apr 25 18:16:49 【提示】请先获取京东账号一cookie
Apr 25 18:16:49 直接使用NobyDa的京东签到获取
Apr 25 18:16:49 https://bean.m.jd.com/bean/signIndex.action
Apr 25 18:16:49 
Apr 25 18:16:49 🔔东东农场, 结束! 🕛 0.023 秒
Apr 25 18:16:49 
