Apr 25 06:11:23 
Apr 25 06:11:23 🔔京东家庭号, 开始!
Apr 25 06:11:23 
Apr 25 06:11:23 ====================共0个京东账号Cookie=========
Apr 25 06:11:23 
Apr 25 06:11:23 ==================脚本执行- 北京时间(UTC+8)：4/25/2021, 6:11:23 AM=====================
Apr 25 06:11:23 
Apr 25 06:11:23 
Apr 25 06:11:23 ==============📣系统通知📣==============
Apr 25 06:11:23 京东家庭号
Apr 25 06:11:23 【提示】请先获取京东账号一cookie
Apr 25 06:11:23 直接使用NobyDa的京东签到获取
Apr 25 06:11:23 https://bean.m.jd.com/bean/signIndex.action
Apr 25 06:11:23 
Apr 25 06:11:23 🔔京东家庭号, 结束! 🕛 0.02 秒
Apr 25 06:11:23 
Apr 25 07:10:39 
Apr 25 07:10:39 🔔京东家庭号, 开始!
Apr 25 07:10:39 
Apr 25 07:10:39 ====================共0个京东账号Cookie=========
Apr 25 07:10:39 
Apr 25 07:10:39 ==================脚本执行- 北京时间(UTC+8)：4/25/2021, 7:10:39 AM=====================
Apr 25 07:10:39 
Apr 25 07:10:39 
Apr 25 07:10:39 ==============📣系统通知📣==============
Apr 25 07:10:39 京东家庭号
Apr 25 07:10:39 【提示】请先获取京东账号一cookie
Apr 25 07:10:39 直接使用NobyDa的京东签到获取
Apr 25 07:10:39 https://bean.m.jd.com/bean/signIndex.action
Apr 25 07:10:39 
Apr 25 07:10:39 🔔京东家庭号, 结束! 🕛 0.019 秒
Apr 25 07:10:39 
