Apr 25 00:06:02 
Apr 25 00:06:02 🔔京东赚赚, 开始!
Apr 25 00:06:02 
Apr 25 00:06:02 ====================共0个京东账号Cookie=========
Apr 25 00:06:02 
Apr 25 00:06:02 ==================脚本执行- 北京时间(UTC+8)：4/25/2021, 12:06:02 AM=====================
Apr 25 00:06:02 
Apr 25 00:06:02 开始获取京东赚赚配置文件
Apr 25 00:06:02 
Apr 25 00:06:02 共0个京东账号
Apr 25 00:06:02 
Apr 25 00:06:02 您提供了13个账号的京东赚赚助力码
Apr 25 00:06:02 
Apr 25 00:06:02 
Apr 25 00:06:02 ==============📣系统通知📣==============
Apr 25 00:06:02 京东赚赚
Apr 25 00:06:02 【提示】请先获取京东账号一cookie
Apr 25 00:06:02 直接使用NobyDa的京东签到获取
Apr 25 00:06:02 https://bean.m.jd.com/bean/signIndex.action
Apr 25 00:06:02 
Apr 25 00:06:02 🔔京东赚赚, 结束! 🕛 0.031 秒
Apr 25 00:06:02 
Apr 25 01:06:20 
Apr 25 01:06:20 🔔京东赚赚, 开始!
Apr 25 01:06:20 
Apr 25 01:06:20 ====================共0个京东账号Cookie=========
Apr 25 01:06:20 
Apr 25 01:06:20 ==================脚本执行- 北京时间(UTC+8)：4/25/2021, 1:06:20 AM=====================
Apr 25 01:06:20 
Apr 25 01:06:20 开始获取京东赚赚配置文件
Apr 25 01:06:20 
Apr 25 01:06:20 共0个京东账号
Apr 25 01:06:20 
Apr 25 01:06:20 您提供了13个账号的京东赚赚助力码
Apr 25 01:06:20 
Apr 25 01:06:20 
Apr 25 01:06:20 ==============📣系统通知📣==============
Apr 25 01:06:20 京东赚赚
Apr 25 01:06:20 【提示】请先获取京东账号一cookie
Apr 25 01:06:20 直接使用NobyDa的京东签到获取
Apr 25 01:06:20 https://bean.m.jd.com/bean/signIndex.action
Apr 25 01:06:20 
Apr 25 01:06:20 🔔京东赚赚, 结束! 🕛 0.019 秒
Apr 25 01:06:20 
Apr 25 02:06:51 
Apr 25 02:06:51 🔔京东赚赚, 开始!
Apr 25 02:06:51 
Apr 25 02:06:51 ====================共0个京东账号Cookie=========
Apr 25 02:06:51 
Apr 25 02:06:51 ==================脚本执行- 北京时间(UTC+8)：4/25/2021, 2:06:51 AM=====================
Apr 25 02:06:51 
Apr 25 02:06:51 开始获取京东赚赚配置文件
Apr 25 02:06:51 
Apr 25 02:06:51 共0个京东账号
Apr 25 02:06:51 
Apr 25 02:06:51 您提供了13个账号的京东赚赚助力码
Apr 25 02:06:51 
Apr 25 02:06:51 
Apr 25 02:06:51 ==============📣系统通知📣==============
Apr 25 02:06:51 京东赚赚
Apr 25 02:06:51 【提示】请先获取京东账号一cookie
Apr 25 02:06:51 直接使用NobyDa的京东签到获取
Apr 25 02:06:51 https://bean.m.jd.com/bean/signIndex.action
Apr 25 02:06:51 
Apr 25 02:06:51 🔔京东赚赚, 结束! 🕛 0.02 秒
Apr 25 02:06:51 
Apr 25 03:06:25 
Apr 25 03:06:25 🔔京东赚赚, 开始!
Apr 25 03:06:25 
Apr 25 03:06:25 ====================共0个京东账号Cookie=========
Apr 25 03:06:25 
Apr 25 03:06:25 ==================脚本执行- 北京时间(UTC+8)：4/25/2021, 3:06:25 AM=====================
Apr 25 03:06:25 
Apr 25 03:06:25 开始获取京东赚赚配置文件
Apr 25 03:06:25 
Apr 25 03:06:25 共0个京东账号
Apr 25 03:06:25 
Apr 25 03:06:25 您提供了13个账号的京东赚赚助力码
Apr 25 03:06:25 
Apr 25 03:06:25 
Apr 25 03:06:25 ==============📣系统通知📣==============
Apr 25 03:06:25 京东赚赚
Apr 25 03:06:25 【提示】请先获取京东账号一cookie
Apr 25 03:06:25 直接使用NobyDa的京东签到获取
Apr 25 03:06:25 https://bean.m.jd.com/bean/signIndex.action
Apr 25 03:06:25 
Apr 25 03:06:25 🔔京东赚赚, 结束! 🕛 0.021 秒
Apr 25 03:06:25 
Apr 25 04:06:52 
Apr 25 04:06:52 🔔京东赚赚, 开始!
Apr 25 04:06:52 
Apr 25 04:06:52 ====================共0个京东账号Cookie=========
Apr 25 04:06:52 
Apr 25 04:06:52 ==================脚本执行- 北京时间(UTC+8)：4/25/2021, 4:06:52 AM=====================
Apr 25 04:06:52 
Apr 25 04:06:52 开始获取京东赚赚配置文件
Apr 25 04:06:52 
Apr 25 04:06:52 共0个京东账号
Apr 25 04:06:52 
Apr 25 04:06:52 您提供了13个账号的京东赚赚助力码
Apr 25 04:06:52 
Apr 25 04:06:52 
Apr 25 04:06:52 ==============📣系统通知📣==============
Apr 25 04:06:52 京东赚赚
Apr 25 04:06:52 【提示】请先获取京东账号一cookie
Apr 25 04:06:52 直接使用NobyDa的京东签到获取
Apr 25 04:06:52 https://bean.m.jd.com/bean/signIndex.action
Apr 25 04:06:52 
Apr 25 04:06:52 🔔京东赚赚, 结束! 🕛 0.019 秒
Apr 25 04:06:52 
Apr 25 05:06:52 
Apr 25 05:06:52 🔔京东赚赚, 开始!
Apr 25 05:06:52 
Apr 25 05:06:52 ====================共0个京东账号Cookie=========
Apr 25 05:06:52 
Apr 25 05:06:52 ==================脚本执行- 北京时间(UTC+8)：4/25/2021, 5:06:52 AM=====================
Apr 25 05:06:52 
Apr 25 05:06:52 开始获取京东赚赚配置文件
Apr 25 05:06:52 
Apr 25 05:06:52 共0个京东账号
Apr 25 05:06:52 
Apr 25 05:06:52 您提供了13个账号的京东赚赚助力码
Apr 25 05:06:52 
Apr 25 05:06:52 
Apr 25 05:06:52 ==============📣系统通知📣==============
Apr 25 05:06:52 京东赚赚
Apr 25 05:06:52 【提示】请先获取京东账号一cookie
Apr 25 05:06:52 直接使用NobyDa的京东签到获取
Apr 25 05:06:52 https://bean.m.jd.com/bean/signIndex.action
Apr 25 05:06:52 
Apr 25 05:06:52 🔔京东赚赚, 结束! 🕛 0.015 秒
Apr 25 05:06:52 
Apr 25 11:06:23 
Apr 25 11:06:23 🔔京东赚赚, 开始!
Apr 25 11:06:23 
Apr 25 11:06:23 ====================共0个京东账号Cookie=========
Apr 25 11:06:23 
Apr 25 11:06:23 ==================脚本执行- 北京时间(UTC+8)：4/25/2021, 11:06:23 AM=====================
Apr 25 11:06:23 
Apr 25 11:06:23 开始获取京东赚赚配置文件
Apr 25 11:06:23 
Apr 25 11:06:23 共0个京东账号
Apr 25 11:06:23 
Apr 25 11:06:23 您提供了13个账号的京东赚赚助力码
Apr 25 11:06:23 
Apr 25 11:06:23 
Apr 25 11:06:23 ==============📣系统通知📣==============
Apr 25 11:06:23 京东赚赚
Apr 25 11:06:23 【提示】请先获取京东账号一cookie
Apr 25 11:06:23 直接使用NobyDa的京东签到获取
Apr 25 11:06:23 https://bean.m.jd.com/bean/signIndex.action
Apr 25 11:06:23 
Apr 25 11:06:23 🔔京东赚赚, 结束! 🕛 0.015 秒
Apr 25 11:06:23 
