Apr 25 00:00:00 
Apr 25 00:00:00 🔔宠汪汪积分兑换奖品, 开始!
Apr 25 00:00:00 
Apr 25 00:00:00 ====================共0个京东账号Cookie=========
Apr 25 00:00:00 
Apr 25 00:00:00 ==================脚本执行- 北京时间(UTC+8)：4/25/2021, 12:00:00 AM=====================
Apr 25 00:00:00 
Apr 25 00:00:00 
Apr 25 00:00:00 ==============📣系统通知📣==============
Apr 25 00:00:00 【京东账号一】宠汪汪积分兑换奖品失败
Apr 25 00:00:00 【提示】请先获取京东账号一cookie
Apr 25 00:00:00 直接使用NobyDa的京东签到获取
Apr 25 00:00:00 https://bean.m.jd.com/bean/signIndex.action
Apr 25 00:00:00 
Apr 25 00:00:00 🔔宠汪汪积分兑换奖品, 结束! 🕛 0.036 秒
Apr 25 00:00:00 
Apr 25 08:00:00 
Apr 25 08:00:00 🔔宠汪汪积分兑换奖品, 开始!
Apr 25 08:00:00 
Apr 25 08:00:00 ====================共0个京东账号Cookie=========
Apr 25 08:00:00 
Apr 25 08:00:00 ==================脚本执行- 北京时间(UTC+8)：4/25/2021, 8:00:00 AM=====================
Apr 25 08:00:00 
Apr 25 08:00:00 
Apr 25 08:00:00 ==============📣系统通知📣==============
Apr 25 08:00:00 【京东账号一】宠汪汪积分兑换奖品失败
Apr 25 08:00:00 【提示】请先获取京东账号一cookie
Apr 25 08:00:00 直接使用NobyDa的京东签到获取
Apr 25 08:00:00 https://bean.m.jd.com/bean/signIndex.action
Apr 25 08:00:00 
Apr 25 08:00:00 🔔宠汪汪积分兑换奖品, 结束! 🕛 0.027 秒
Apr 25 08:00:00 
Apr 25 16:00:00 
Apr 25 16:00:00 🔔宠汪汪积分兑换奖品, 开始!
Apr 25 16:00:00 
Apr 25 16:00:00 ====================共0个京东账号Cookie=========
Apr 25 16:00:00 
Apr 25 16:00:00 ==================脚本执行- 北京时间(UTC+8)：4/25/2021, 4:00:00 PM=====================
Apr 25 16:00:00 
Apr 25 16:00:00 
Apr 25 16:00:00 ==============📣系统通知📣==============
Apr 25 16:00:00 【京东账号一】宠汪汪积分兑换奖品失败
Apr 25 16:00:00 【提示】请先获取京东账号一cookie
Apr 25 16:00:00 直接使用NobyDa的京东签到获取
Apr 25 16:00:00 https://bean.m.jd.com/bean/signIndex.action
Apr 25 16:00:00 
Apr 25 16:00:00 🔔宠汪汪积分兑换奖品, 结束! 🕛 0.019 秒
Apr 25 16:00:00 
