Apr 25 09:30:54 
Apr 25 09:30:54 🔔京喜农场, 开始!
Apr 25 09:30:54 开始获取配置文件
Apr 25 09:30:54 
Apr 25 09:30:54 
Apr 25 09:30:54 ====================共0个京东账号Cookie=========
Apr 25 09:30:54 
Apr 25 09:30:54 ==================脚本执行- 北京时间(UTC+8)：4/25/2021, 9:30:54 AM=====================
Apr 25 09:30:54 
Apr 25 09:30:54 由于您环境变量里面(JXNC_SHARECODES)未提供助力码，故此处运行将会给脚本内置的码进行助力，请知晓！
Apr 25 09:30:54 共0个京东账号
Apr 25 09:30:54 
Apr 25 09:30:54 您提供了2个账号的京喜农场助力码
Apr 25 09:30:54 
Apr 25 09:30:54 ==============📣系统通知📣==============
Apr 25 09:30:54 京喜农场
Apr 25 09:30:54 【提示】请先获取京东账号一cookie
Apr 25 09:30:54 直接使用NobyDa的京东签到获取
Apr 25 09:30:54 https://bean.m.jd.com/bean/signIndex.action
Apr 25 09:30:54 
Apr 25 09:30:54 🔔京喜农场, 结束! 🕛 0.264 秒
Apr 25 09:30:54 
Apr 25 12:31:06 
Apr 25 12:31:06 🔔京喜农场, 开始!
Apr 25 12:31:06 开始获取配置文件
Apr 25 12:31:06 
Apr 25 12:31:06 
Apr 25 12:31:06 ====================共0个京东账号Cookie=========
Apr 25 12:31:06 
Apr 25 12:31:06 ==================脚本执行- 北京时间(UTC+8)：4/25/2021, 12:31:06 PM=====================
Apr 25 12:31:06 
Apr 25 12:31:06 由于您环境变量里面(JXNC_SHARECODES)未提供助力码，故此处运行将会给脚本内置的码进行助力，请知晓！
Apr 25 12:31:06 共0个京东账号
Apr 25 12:31:06 
Apr 25 12:31:06 您提供了2个账号的京喜农场助力码
Apr 25 12:31:07 
Apr 25 12:31:07 ==============📣系统通知📣==============
Apr 25 12:31:07 京喜农场
Apr 25 12:31:07 【提示】请先获取京东账号一cookie
Apr 25 12:31:07 直接使用NobyDa的京东签到获取
Apr 25 12:31:07 https://bean.m.jd.com/bean/signIndex.action
Apr 25 12:31:07 
Apr 25 12:31:07 🔔京喜农场, 结束! 🕛 0.274 秒
Apr 25 12:31:07 
Apr 25 18:31:56 
Apr 25 18:31:56 🔔京喜农场, 开始!
Apr 25 18:31:56 开始获取配置文件
Apr 25 18:31:56 
Apr 25 18:31:56 
Apr 25 18:31:56 ====================共0个京东账号Cookie=========
Apr 25 18:31:56 
Apr 25 18:31:56 ==================脚本执行- 北京时间(UTC+8)：4/25/2021, 6:31:56 PM=====================
Apr 25 18:31:56 
Apr 25 18:31:56 由于您环境变量里面(JXNC_SHARECODES)未提供助力码，故此处运行将会给脚本内置的码进行助力，请知晓！
Apr 25 18:31:56 共0个京东账号
Apr 25 18:31:56 
Apr 25 18:31:56 您提供了2个账号的京喜农场助力码
Apr 25 18:31:56 
Apr 25 18:31:56 ==============📣系统通知📣==============
Apr 25 18:31:56 京喜农场
Apr 25 18:31:56 【提示】请先获取京东账号一cookie
Apr 25 18:31:56 直接使用NobyDa的京东签到获取
Apr 25 18:31:56 https://bean.m.jd.com/bean/signIndex.action
Apr 25 18:31:56 
Apr 25 18:31:56 🔔京喜农场, 结束! 🕛 0.309 秒
Apr 25 18:31:56 
