Apr 25 00:27:14 
Apr 25 00:27:14 🔔东东工厂, 开始!
Apr 25 00:27:14 
Apr 25 00:27:14 ====================共0个京东账号Cookie=========
Apr 25 00:27:14 
Apr 25 00:27:14 ==================脚本执行- 北京时间(UTC+8)：4/25/2021, 12:27:14 AM=====================
Apr 25 00:27:14 
Apr 25 00:27:14 开始获取东东工厂配置文件
Apr 25 00:27:14 
Apr 25 00:27:14 您的互助码选择的是用&隔开
Apr 25 00:27:14 
Apr 25 00:27:14 共0个京东账号
Apr 25 00:27:14 
Apr 25 00:27:14 您提供了13个账号的东东工厂助力码
Apr 25 00:27:14 
Apr 25 00:27:14 
Apr 25 00:27:14 ==============📣系统通知📣==============
Apr 25 00:27:14 东东工厂
Apr 25 00:27:14 【提示】请先获取京东账号一cookie
Apr 25 00:27:14 直接使用NobyDa的京东签到获取
Apr 25 00:27:14 https://bean.m.jd.com/bean/signIndex.action
Apr 25 00:27:14 
Apr 25 00:27:14 🔔东东工厂, 结束! 🕛 0.02 秒
Apr 25 00:27:14 
Apr 25 01:26:33 
Apr 25 01:26:33 🔔东东工厂, 开始!
Apr 25 01:26:33 
Apr 25 01:26:33 ====================共0个京东账号Cookie=========
Apr 25 01:26:33 
Apr 25 01:26:33 ==================脚本执行- 北京时间(UTC+8)：4/25/2021, 1:26:33 AM=====================
Apr 25 01:26:33 
Apr 25 01:26:33 开始获取东东工厂配置文件
Apr 25 01:26:33 
Apr 25 01:26:33 您的互助码选择的是用&隔开
Apr 25 01:26:33 
Apr 25 01:26:33 共0个京东账号
Apr 25 01:26:33 
Apr 25 01:26:33 您提供了13个账号的东东工厂助力码
Apr 25 01:26:33 
Apr 25 01:26:33 
Apr 25 01:26:33 ==============📣系统通知📣==============
Apr 25 01:26:33 东东工厂
Apr 25 01:26:33 【提示】请先获取京东账号一cookie
Apr 25 01:26:33 直接使用NobyDa的京东签到获取
Apr 25 01:26:33 https://bean.m.jd.com/bean/signIndex.action
Apr 25 01:26:33 
Apr 25 01:26:33 🔔东东工厂, 结束! 🕛 0.025 秒
Apr 25 01:26:33 
Apr 25 02:26:52 
Apr 25 02:26:52 🔔东东工厂, 开始!
Apr 25 02:26:52 
Apr 25 02:26:52 ====================共0个京东账号Cookie=========
Apr 25 02:26:52 
Apr 25 02:26:52 ==================脚本执行- 北京时间(UTC+8)：4/25/2021, 2:26:52 AM=====================
Apr 25 02:26:52 
Apr 25 02:26:52 开始获取东东工厂配置文件
Apr 25 02:26:52 
Apr 25 02:26:52 您的互助码选择的是用&隔开
Apr 25 02:26:52 
Apr 25 02:26:52 共0个京东账号
Apr 25 02:26:52 
Apr 25 02:26:52 您提供了13个账号的东东工厂助力码
Apr 25 02:26:52 
Apr 25 02:26:52 
Apr 25 02:26:52 ==============📣系统通知📣==============
Apr 25 02:26:52 东东工厂
Apr 25 02:26:52 【提示】请先获取京东账号一cookie
Apr 25 02:26:52 直接使用NobyDa的京东签到获取
Apr 25 02:26:52 https://bean.m.jd.com/bean/signIndex.action
Apr 25 02:26:52 
Apr 25 02:26:52 🔔东东工厂, 结束! 🕛 0.019 秒
Apr 25 02:26:52 
Apr 25 03:26:57 
Apr 25 03:26:57 🔔东东工厂, 开始!
Apr 25 03:26:57 
Apr 25 03:26:57 ====================共0个京东账号Cookie=========
Apr 25 03:26:57 
Apr 25 03:26:57 ==================脚本执行- 北京时间(UTC+8)：4/25/2021, 3:26:57 AM=====================
Apr 25 03:26:57 
Apr 25 03:26:57 开始获取东东工厂配置文件
Apr 25 03:26:57 
Apr 25 03:26:57 您的互助码选择的是用&隔开
Apr 25 03:26:57 
Apr 25 03:26:57 共0个京东账号
Apr 25 03:26:57 
Apr 25 03:26:57 您提供了13个账号的东东工厂助力码
Apr 25 03:26:57 
Apr 25 03:26:57 
Apr 25 03:26:57 ==============📣系统通知📣==============
Apr 25 03:26:57 东东工厂
Apr 25 03:26:57 【提示】请先获取京东账号一cookie
Apr 25 03:26:57 直接使用NobyDa的京东签到获取
Apr 25 03:26:57 https://bean.m.jd.com/bean/signIndex.action
Apr 25 03:26:57 
Apr 25 03:26:57 🔔东东工厂, 结束! 🕛 0.017 秒
Apr 25 03:26:57 
Apr 25 04:26:25 
Apr 25 04:26:25 🔔东东工厂, 开始!
Apr 25 04:26:25 
Apr 25 04:26:25 ====================共0个京东账号Cookie=========
Apr 25 04:26:25 
Apr 25 04:26:25 ==================脚本执行- 北京时间(UTC+8)：4/25/2021, 4:26:25 AM=====================
Apr 25 04:26:25 
Apr 25 04:26:25 开始获取东东工厂配置文件
Apr 25 04:26:25 
Apr 25 04:26:25 您的互助码选择的是用&隔开
Apr 25 04:26:25 
Apr 25 04:26:25 共0个京东账号
Apr 25 04:26:25 
Apr 25 04:26:25 您提供了13个账号的东东工厂助力码
Apr 25 04:26:25 
Apr 25 04:26:25 
Apr 25 04:26:25 ==============📣系统通知📣==============
Apr 25 04:26:25 东东工厂
Apr 25 04:26:25 【提示】请先获取京东账号一cookie
Apr 25 04:26:25 直接使用NobyDa的京东签到获取
Apr 25 04:26:25 https://bean.m.jd.com/bean/signIndex.action
Apr 25 04:26:25 
Apr 25 04:26:25 🔔东东工厂, 结束! 🕛 0.018 秒
Apr 25 04:26:25 
Apr 25 05:27:14 
Apr 25 05:27:14 🔔东东工厂, 开始!
Apr 25 05:27:14 
Apr 25 05:27:14 ====================共0个京东账号Cookie=========
Apr 25 05:27:14 
Apr 25 05:27:14 ==================脚本执行- 北京时间(UTC+8)：4/25/2021, 5:27:14 AM=====================
Apr 25 05:27:14 
Apr 25 05:27:14 开始获取东东工厂配置文件
Apr 25 05:27:14 
Apr 25 05:27:14 您的互助码选择的是用&隔开
Apr 25 05:27:14 
Apr 25 05:27:14 共0个京东账号
Apr 25 05:27:14 
Apr 25 05:27:14 您提供了13个账号的东东工厂助力码
Apr 25 05:27:14 
Apr 25 05:27:14 
Apr 25 05:27:14 ==============📣系统通知📣==============
Apr 25 05:27:14 东东工厂
Apr 25 05:27:14 【提示】请先获取京东账号一cookie
Apr 25 05:27:14 直接使用NobyDa的京东签到获取
Apr 25 05:27:14 https://bean.m.jd.com/bean/signIndex.action
Apr 25 05:27:14 
Apr 25 05:27:14 🔔东东工厂, 结束! 🕛 0.017 秒
Apr 25 05:27:14 
Apr 25 06:27:07 
Apr 25 06:27:07 🔔东东工厂, 开始!
Apr 25 06:27:07 
Apr 25 06:27:07 ====================共0个京东账号Cookie=========
Apr 25 06:27:07 
Apr 25 06:27:07 ==================脚本执行- 北京时间(UTC+8)：4/25/2021, 6:27:07 AM=====================
Apr 25 06:27:07 
Apr 25 06:27:07 开始获取东东工厂配置文件
Apr 25 06:27:07 
Apr 25 06:27:07 您的互助码选择的是用&隔开
Apr 25 06:27:07 
Apr 25 06:27:07 共0个京东账号
Apr 25 06:27:07 
Apr 25 06:27:07 您提供了13个账号的东东工厂助力码
Apr 25 06:27:07 
Apr 25 06:27:07 
Apr 25 06:27:07 ==============📣系统通知📣==============
Apr 25 06:27:07 东东工厂
Apr 25 06:27:07 【提示】请先获取京东账号一cookie
Apr 25 06:27:07 直接使用NobyDa的京东签到获取
Apr 25 06:27:07 https://bean.m.jd.com/bean/signIndex.action
Apr 25 06:27:07 
Apr 25 06:27:07 🔔东东工厂, 结束! 🕛 0.016 秒
Apr 25 06:27:07 
Apr 25 07:26:20 
Apr 25 07:26:20 🔔东东工厂, 开始!
Apr 25 07:26:20 
Apr 25 07:26:20 ====================共0个京东账号Cookie=========
Apr 25 07:26:20 
Apr 25 07:26:20 ==================脚本执行- 北京时间(UTC+8)：4/25/2021, 7:26:20 AM=====================
Apr 25 07:26:20 
Apr 25 07:26:20 开始获取东东工厂配置文件
Apr 25 07:26:20 
Apr 25 07:26:20 您的互助码选择的是用&隔开
Apr 25 07:26:20 
Apr 25 07:26:20 共0个京东账号
Apr 25 07:26:20 
Apr 25 07:26:20 您提供了13个账号的东东工厂助力码
Apr 25 07:26:20 
Apr 25 07:26:20 
Apr 25 07:26:20 ==============📣系统通知📣==============
Apr 25 07:26:20 东东工厂
Apr 25 07:26:20 【提示】请先获取京东账号一cookie
Apr 25 07:26:20 直接使用NobyDa的京东签到获取
Apr 25 07:26:20 https://bean.m.jd.com/bean/signIndex.action
Apr 25 07:26:20 
Apr 25 07:26:20 🔔东东工厂, 结束! 🕛 0.035 秒
Apr 25 07:26:20 
Apr 25 08:26:04 
Apr 25 08:26:04 🔔东东工厂, 开始!
Apr 25 08:26:04 
Apr 25 08:26:04 ====================共0个京东账号Cookie=========
Apr 25 08:26:04 
Apr 25 08:26:04 ==================脚本执行- 北京时间(UTC+8)：4/25/2021, 8:26:04 AM=====================
Apr 25 08:26:04 
Apr 25 08:26:04 开始获取东东工厂配置文件
Apr 25 08:26:04 
Apr 25 08:26:04 您的互助码选择的是用&隔开
Apr 25 08:26:04 
Apr 25 08:26:04 共0个京东账号
Apr 25 08:26:04 
Apr 25 08:26:04 您提供了13个账号的东东工厂助力码
Apr 25 08:26:04 
Apr 25 08:26:04 
Apr 25 08:26:04 ==============📣系统通知📣==============
Apr 25 08:26:04 东东工厂
Apr 25 08:26:04 【提示】请先获取京东账号一cookie
Apr 25 08:26:04 直接使用NobyDa的京东签到获取
Apr 25 08:26:04 https://bean.m.jd.com/bean/signIndex.action
Apr 25 08:26:04 
Apr 25 08:26:04 🔔东东工厂, 结束! 🕛 0.067 秒
Apr 25 08:26:04 
Apr 25 09:26:37 
Apr 25 09:26:37 🔔东东工厂, 开始!
Apr 25 09:26:37 
Apr 25 09:26:37 ====================共0个京东账号Cookie=========
Apr 25 09:26:37 
Apr 25 09:26:37 ==================脚本执行- 北京时间(UTC+8)：4/25/2021, 9:26:37 AM=====================
Apr 25 09:26:37 
Apr 25 09:26:37 开始获取东东工厂配置文件
Apr 25 09:26:37 
Apr 25 09:26:37 您的互助码选择的是用&隔开
Apr 25 09:26:37 
Apr 25 09:26:37 共0个京东账号
Apr 25 09:26:37 
Apr 25 09:26:37 您提供了13个账号的东东工厂助力码
Apr 25 09:26:37 
Apr 25 09:26:37 
Apr 25 09:26:37 ==============📣系统通知📣==============
Apr 25 09:26:37 东东工厂
Apr 25 09:26:37 【提示】请先获取京东账号一cookie
Apr 25 09:26:37 直接使用NobyDa的京东签到获取
Apr 25 09:26:37 https://bean.m.jd.com/bean/signIndex.action
Apr 25 09:26:37 
Apr 25 09:26:37 🔔东东工厂, 结束! 🕛 0.017 秒
Apr 25 09:26:37 
Apr 25 10:27:24 
Apr 25 10:27:24 🔔东东工厂, 开始!
Apr 25 10:27:24 
Apr 25 10:27:24 ====================共0个京东账号Cookie=========
Apr 25 10:27:24 
Apr 25 10:27:24 ==================脚本执行- 北京时间(UTC+8)：4/25/2021, 10:27:24 AM=====================
Apr 25 10:27:24 
Apr 25 10:27:24 开始获取东东工厂配置文件
Apr 25 10:27:24 
Apr 25 10:27:24 您的互助码选择的是用&隔开
Apr 25 10:27:24 
Apr 25 10:27:24 共0个京东账号
Apr 25 10:27:24 
Apr 25 10:27:24 您提供了13个账号的东东工厂助力码
Apr 25 10:27:24 
Apr 25 10:27:24 
Apr 25 10:27:24 ==============📣系统通知📣==============
Apr 25 10:27:24 东东工厂
Apr 25 10:27:24 【提示】请先获取京东账号一cookie
Apr 25 10:27:24 直接使用NobyDa的京东签到获取
Apr 25 10:27:24 https://bean.m.jd.com/bean/signIndex.action
Apr 25 10:27:24 
Apr 25 10:27:24 🔔东东工厂, 结束! 🕛 0.018 秒
Apr 25 10:27:24 
Apr 25 11:26:24 
Apr 25 11:26:24 🔔东东工厂, 开始!
Apr 25 11:26:24 
Apr 25 11:26:24 ====================共0个京东账号Cookie=========
Apr 25 11:26:24 
Apr 25 11:26:24 ==================脚本执行- 北京时间(UTC+8)：4/25/2021, 11:26:24 AM=====================
Apr 25 11:26:24 
Apr 25 11:26:24 开始获取东东工厂配置文件
Apr 25 11:26:24 
Apr 25 11:26:24 您的互助码选择的是用&隔开
Apr 25 11:26:24 
Apr 25 11:26:24 共0个京东账号
Apr 25 11:26:24 
Apr 25 11:26:24 您提供了13个账号的东东工厂助力码
Apr 25 11:26:24 
Apr 25 11:26:24 
Apr 25 11:26:24 ==============📣系统通知📣==============
Apr 25 11:26:24 东东工厂
Apr 25 11:26:24 【提示】请先获取京东账号一cookie
Apr 25 11:26:24 直接使用NobyDa的京东签到获取
Apr 25 11:26:24 https://bean.m.jd.com/bean/signIndex.action
Apr 25 11:26:24 
Apr 25 11:26:24 🔔东东工厂, 结束! 🕛 0.017 秒
Apr 25 11:26:24 
Apr 25 12:26:28 
Apr 25 12:26:28 🔔东东工厂, 开始!
Apr 25 12:26:28 
Apr 25 12:26:28 ====================共0个京东账号Cookie=========
Apr 25 12:26:28 
Apr 25 12:26:28 ==================脚本执行- 北京时间(UTC+8)：4/25/2021, 12:26:28 PM=====================
Apr 25 12:26:28 
Apr 25 12:26:28 开始获取东东工厂配置文件
Apr 25 12:26:28 
Apr 25 12:26:28 您的互助码选择的是用&隔开
Apr 25 12:26:28 
Apr 25 12:26:28 共0个京东账号
Apr 25 12:26:28 
Apr 25 12:26:28 您提供了13个账号的东东工厂助力码
Apr 25 12:26:28 
Apr 25 12:26:28 
Apr 25 12:26:28 ==============📣系统通知📣==============
Apr 25 12:26:28 东东工厂
Apr 25 12:26:28 【提示】请先获取京东账号一cookie
Apr 25 12:26:28 直接使用NobyDa的京东签到获取
Apr 25 12:26:28 https://bean.m.jd.com/bean/signIndex.action
Apr 25 12:26:28 
Apr 25 12:26:28 🔔东东工厂, 结束! 🕛 0.018 秒
Apr 25 12:26:28 
Apr 25 13:27:38 
Apr 25 13:27:38 🔔东东工厂, 开始!
Apr 25 13:27:38 
Apr 25 13:27:38 ====================共0个京东账号Cookie=========
Apr 25 13:27:38 
Apr 25 13:27:38 ==================脚本执行- 北京时间(UTC+8)：4/25/2021, 1:27:38 PM=====================
Apr 25 13:27:38 
Apr 25 13:27:38 开始获取东东工厂配置文件
Apr 25 13:27:38 
Apr 25 13:27:38 您的互助码选择的是用&隔开
Apr 25 13:27:38 
Apr 25 13:27:38 共0个京东账号
Apr 25 13:27:38 
Apr 25 13:27:38 您提供了13个账号的东东工厂助力码
Apr 25 13:27:38 
Apr 25 13:27:38 
Apr 25 13:27:38 ==============📣系统通知📣==============
Apr 25 13:27:38 东东工厂
Apr 25 13:27:38 【提示】请先获取京东账号一cookie
Apr 25 13:27:38 直接使用NobyDa的京东签到获取
Apr 25 13:27:38 https://bean.m.jd.com/bean/signIndex.action
Apr 25 13:27:38 
Apr 25 13:27:38 🔔东东工厂, 结束! 🕛 0.016 秒
Apr 25 13:27:38 
Apr 25 14:27:04 
Apr 25 14:27:04 🔔东东工厂, 开始!
Apr 25 14:27:04 
Apr 25 14:27:04 ====================共0个京东账号Cookie=========
Apr 25 14:27:04 
Apr 25 14:27:04 ==================脚本执行- 北京时间(UTC+8)：4/25/2021, 2:27:04 PM=====================
Apr 25 14:27:04 
Apr 25 14:27:04 开始获取东东工厂配置文件
Apr 25 14:27:04 
Apr 25 14:27:04 您的互助码选择的是用&隔开
Apr 25 14:27:04 
Apr 25 14:27:04 共0个京东账号
Apr 25 14:27:04 
Apr 25 14:27:04 您提供了13个账号的东东工厂助力码
Apr 25 14:27:04 
Apr 25 14:27:04 
Apr 25 14:27:04 ==============📣系统通知📣==============
Apr 25 14:27:04 东东工厂
Apr 25 14:27:04 【提示】请先获取京东账号一cookie
Apr 25 14:27:04 直接使用NobyDa的京东签到获取
Apr 25 14:27:04 https://bean.m.jd.com/bean/signIndex.action
Apr 25 14:27:04 
Apr 25 14:27:04 🔔东东工厂, 结束! 🕛 0.02 秒
Apr 25 14:27:04 
Apr 25 15:27:20 
Apr 25 15:27:20 🔔东东工厂, 开始!
Apr 25 15:27:20 
Apr 25 15:27:20 ====================共0个京东账号Cookie=========
Apr 25 15:27:20 
Apr 25 15:27:20 ==================脚本执行- 北京时间(UTC+8)：4/25/2021, 3:27:20 PM=====================
Apr 25 15:27:20 
Apr 25 15:27:20 开始获取东东工厂配置文件
Apr 25 15:27:20 
Apr 25 15:27:20 您的互助码选择的是用&隔开
Apr 25 15:27:20 
Apr 25 15:27:20 共0个京东账号
Apr 25 15:27:20 
Apr 25 15:27:20 您提供了13个账号的东东工厂助力码
Apr 25 15:27:20 
Apr 25 15:27:20 
Apr 25 15:27:20 ==============📣系统通知📣==============
Apr 25 15:27:20 东东工厂
Apr 25 15:27:20 【提示】请先获取京东账号一cookie
Apr 25 15:27:20 直接使用NobyDa的京东签到获取
Apr 25 15:27:20 https://bean.m.jd.com/bean/signIndex.action
Apr 25 15:27:20 
Apr 25 15:27:20 🔔东东工厂, 结束! 🕛 0.03 秒
Apr 25 15:27:20 
Apr 25 16:26:41 
Apr 25 16:26:41 🔔东东工厂, 开始!
Apr 25 16:26:41 
Apr 25 16:26:41 ====================共0个京东账号Cookie=========
Apr 25 16:26:41 
Apr 25 16:26:41 ==================脚本执行- 北京时间(UTC+8)：4/25/2021, 4:26:41 PM=====================
Apr 25 16:26:41 
Apr 25 16:26:41 开始获取东东工厂配置文件
Apr 25 16:26:41 
Apr 25 16:26:41 您的互助码选择的是用&隔开
Apr 25 16:26:41 
Apr 25 16:26:41 共0个京东账号
Apr 25 16:26:41 
Apr 25 16:26:41 您提供了13个账号的东东工厂助力码
Apr 25 16:26:41 
Apr 25 16:26:41 
Apr 25 16:26:41 ==============📣系统通知📣==============
Apr 25 16:26:41 东东工厂
Apr 25 16:26:41 【提示】请先获取京东账号一cookie
Apr 25 16:26:41 直接使用NobyDa的京东签到获取
Apr 25 16:26:41 https://bean.m.jd.com/bean/signIndex.action
Apr 25 16:26:41 
Apr 25 16:26:41 🔔东东工厂, 结束! 🕛 0.017 秒
Apr 25 16:26:41 
Apr 25 17:27:03 
Apr 25 17:27:03 🔔东东工厂, 开始!
Apr 25 17:27:03 
Apr 25 17:27:03 ====================共0个京东账号Cookie=========
Apr 25 17:27:03 
Apr 25 17:27:03 ==================脚本执行- 北京时间(UTC+8)：4/25/2021, 5:27:03 PM=====================
Apr 25 17:27:03 
Apr 25 17:27:03 开始获取东东工厂配置文件
Apr 25 17:27:03 
Apr 25 17:27:03 您的互助码选择的是用&隔开
Apr 25 17:27:03 
Apr 25 17:27:03 共0个京东账号
Apr 25 17:27:03 
Apr 25 17:27:03 您提供了13个账号的东东工厂助力码
Apr 25 17:27:03 
Apr 25 17:27:03 
Apr 25 17:27:03 ==============📣系统通知📣==============
Apr 25 17:27:03 东东工厂
Apr 25 17:27:03 【提示】请先获取京东账号一cookie
Apr 25 17:27:03 直接使用NobyDa的京东签到获取
Apr 25 17:27:03 https://bean.m.jd.com/bean/signIndex.action
Apr 25 17:27:03 
Apr 25 17:27:03 🔔东东工厂, 结束! 🕛 0.02 秒
Apr 25 17:27:03 
Apr 25 18:26:43 
Apr 25 18:26:43 🔔东东工厂, 开始!
Apr 25 18:26:43 
Apr 25 18:26:43 ====================共0个京东账号Cookie=========
Apr 25 18:26:43 
Apr 25 18:26:43 ==================脚本执行- 北京时间(UTC+8)：4/25/2021, 6:26:43 PM=====================
Apr 25 18:26:43 
Apr 25 18:26:43 开始获取东东工厂配置文件
Apr 25 18:26:43 
Apr 25 18:26:43 您的互助码选择的是用&隔开
Apr 25 18:26:43 
Apr 25 18:26:43 共0个京东账号
Apr 25 18:26:43 
Apr 25 18:26:43 您提供了13个账号的东东工厂助力码
Apr 25 18:26:43 
Apr 25 18:26:43 
Apr 25 18:26:43 ==============📣系统通知📣==============
Apr 25 18:26:43 东东工厂
Apr 25 18:26:43 【提示】请先获取京东账号一cookie
Apr 25 18:26:43 直接使用NobyDa的京东签到获取
Apr 25 18:26:43 https://bean.m.jd.com/bean/signIndex.action
Apr 25 18:26:43 
Apr 25 18:26:43 🔔东东工厂, 结束! 🕛 0.019 秒
Apr 25 18:26:43 
Apr 25 19:26:27 
Apr 25 19:26:27 🔔东东工厂, 开始!
Apr 25 19:26:27 
Apr 25 19:26:27 ====================共0个京东账号Cookie=========
Apr 25 19:26:27 
Apr 25 19:26:27 ==================脚本执行- 北京时间(UTC+8)：4/25/2021, 7:26:27 PM=====================
Apr 25 19:26:27 
Apr 25 19:26:27 开始获取东东工厂配置文件
Apr 25 19:26:27 
Apr 25 19:26:27 您的互助码选择的是用&隔开
Apr 25 19:26:27 
Apr 25 19:26:27 共0个京东账号
Apr 25 19:26:27 
Apr 25 19:26:27 您提供了13个账号的东东工厂助力码
Apr 25 19:26:27 
Apr 25 19:26:27 
Apr 25 19:26:27 ==============📣系统通知📣==============
Apr 25 19:26:27 东东工厂
Apr 25 19:26:27 【提示】请先获取京东账号一cookie
Apr 25 19:26:27 直接使用NobyDa的京东签到获取
Apr 25 19:26:27 https://bean.m.jd.com/bean/signIndex.action
Apr 25 19:26:27 
Apr 25 19:26:27 🔔东东工厂, 结束! 🕛 0.017 秒
Apr 25 19:26:27 
Apr 25 20:27:24 
Apr 25 20:27:24 🔔东东工厂, 开始!
Apr 25 20:27:24 
Apr 25 20:27:24 ====================共0个京东账号Cookie=========
Apr 25 20:27:24 
Apr 25 20:27:24 ==================脚本执行- 北京时间(UTC+8)：4/25/2021, 8:27:24 PM=====================
Apr 25 20:27:24 
Apr 25 20:27:24 开始获取东东工厂配置文件
Apr 25 20:27:24 
Apr 25 20:27:24 您的互助码选择的是用&隔开
Apr 25 20:27:24 
Apr 25 20:27:24 共0个京东账号
Apr 25 20:27:24 
Apr 25 20:27:24 您提供了13个账号的东东工厂助力码
Apr 25 20:27:24 
Apr 25 20:27:24 
Apr 25 20:27:24 ==============📣系统通知📣==============
Apr 25 20:27:24 东东工厂
Apr 25 20:27:24 【提示】请先获取京东账号一cookie
Apr 25 20:27:24 直接使用NobyDa的京东签到获取
Apr 25 20:27:24 https://bean.m.jd.com/bean/signIndex.action
Apr 25 20:27:24 
Apr 25 20:27:24 🔔东东工厂, 结束! 🕛 0.019 秒
Apr 25 20:27:24 
Apr 25 21:26:44 
Apr 25 21:26:44 🔔东东工厂, 开始!
Apr 25 21:26:44 
Apr 25 21:26:44 ====================共0个京东账号Cookie=========
Apr 25 21:26:44 
Apr 25 21:26:44 ==================脚本执行- 北京时间(UTC+8)：4/25/2021, 9:26:44 PM=====================
Apr 25 21:26:44 
Apr 25 21:26:44 开始获取东东工厂配置文件
Apr 25 21:26:44 
Apr 25 21:26:44 您的互助码选择的是用&隔开
Apr 25 21:26:44 
Apr 25 21:26:44 共0个京东账号
Apr 25 21:26:44 
Apr 25 21:26:44 您提供了13个账号的东东工厂助力码
Apr 25 21:26:44 
Apr 25 21:26:44 
Apr 25 21:26:44 ==============📣系统通知📣==============
Apr 25 21:26:44 东东工厂
Apr 25 21:26:44 【提示】请先获取京东账号一cookie
Apr 25 21:26:44 直接使用NobyDa的京东签到获取
Apr 25 21:26:44 https://bean.m.jd.com/bean/signIndex.action
Apr 25 21:26:44 
Apr 25 21:26:44 🔔东东工厂, 结束! 🕛 0.02 秒
Apr 25 21:26:44 
Apr 25 22:27:11 
Apr 25 22:27:11 🔔东东工厂, 开始!
Apr 25 22:27:11 
Apr 25 22:27:11 ====================共0个京东账号Cookie=========
Apr 25 22:27:11 
Apr 25 22:27:11 ==================脚本执行- 北京时间(UTC+8)：4/25/2021, 10:27:11 PM=====================
Apr 25 22:27:11 
Apr 25 22:27:11 开始获取东东工厂配置文件
Apr 25 22:27:11 
Apr 25 22:27:11 您的互助码选择的是用&隔开
Apr 25 22:27:11 
Apr 25 22:27:11 共0个京东账号
Apr 25 22:27:11 
Apr 25 22:27:11 您提供了13个账号的东东工厂助力码
Apr 25 22:27:11 
Apr 25 22:27:11 
Apr 25 22:27:11 ==============📣系统通知📣==============
Apr 25 22:27:11 东东工厂
Apr 25 22:27:11 【提示】请先获取京东账号一cookie
Apr 25 22:27:11 直接使用NobyDa的京东签到获取
Apr 25 22:27:11 https://bean.m.jd.com/bean/signIndex.action
Apr 25 22:27:11 
Apr 25 22:27:11 🔔东东工厂, 结束! 🕛 0.016 秒
Apr 25 22:27:11 
