Apr 25 00:35:00 
Apr 25 00:35:00 🔔宠汪汪🐕喂食, 开始!
Apr 25 00:35:00 
Apr 25 00:35:00 ====================共0个京东账号Cookie=========
Apr 25 00:35:00 
Apr 25 00:35:00 ==================脚本执行- 北京时间(UTC+8)：4/25/2021, 12:35:00 AM=====================
Apr 25 00:35:00 
Apr 25 00:35:00 
Apr 25 00:35:00 ==============📣系统通知📣==============
Apr 25 00:35:00 宠汪汪🐕喂食
Apr 25 00:35:00 【提示】请先获取京东账号一cookie
Apr 25 00:35:00 直接使用NobyDa的京东签到获取
Apr 25 00:35:00 https://bean.m.jd.com/bean/signIndex.action
Apr 25 00:35:00 
Apr 25 00:35:00 🔔宠汪汪🐕喂食, 结束! 🕛 0.025 秒
Apr 25 00:35:00 
Apr 25 01:35:00 
Apr 25 01:35:00 🔔宠汪汪🐕喂食, 开始!
Apr 25 01:35:00 
Apr 25 01:35:00 ====================共0个京东账号Cookie=========
Apr 25 01:35:00 
Apr 25 01:35:00 ==================脚本执行- 北京时间(UTC+8)：4/25/2021, 1:35:00 AM=====================
Apr 25 01:35:00 
Apr 25 01:35:00 
Apr 25 01:35:00 ==============📣系统通知📣==============
Apr 25 01:35:00 宠汪汪🐕喂食
Apr 25 01:35:00 【提示】请先获取京东账号一cookie
Apr 25 01:35:00 直接使用NobyDa的京东签到获取
Apr 25 01:35:00 https://bean.m.jd.com/bean/signIndex.action
Apr 25 01:35:00 
Apr 25 01:35:00 🔔宠汪汪🐕喂食, 结束! 🕛 0.026 秒
Apr 25 01:35:00 
Apr 25 02:35:00 
Apr 25 02:35:00 🔔宠汪汪🐕喂食, 开始!
Apr 25 02:35:00 
Apr 25 02:35:00 ====================共0个京东账号Cookie=========
Apr 25 02:35:00 
Apr 25 02:35:00 ==================脚本执行- 北京时间(UTC+8)：4/25/2021, 2:35:00 AM=====================
Apr 25 02:35:00 
Apr 25 02:35:00 
Apr 25 02:35:00 ==============📣系统通知📣==============
Apr 25 02:35:00 宠汪汪🐕喂食
Apr 25 02:35:00 【提示】请先获取京东账号一cookie
Apr 25 02:35:00 直接使用NobyDa的京东签到获取
Apr 25 02:35:00 https://bean.m.jd.com/bean/signIndex.action
Apr 25 02:35:00 
Apr 25 02:35:00 🔔宠汪汪🐕喂食, 结束! 🕛 0.02 秒
Apr 25 02:35:00 
Apr 25 03:35:00 
Apr 25 03:35:00 🔔宠汪汪🐕喂食, 开始!
Apr 25 03:35:00 
Apr 25 03:35:00 ====================共0个京东账号Cookie=========
Apr 25 03:35:00 
Apr 25 03:35:00 ==================脚本执行- 北京时间(UTC+8)：4/25/2021, 3:35:00 AM=====================
Apr 25 03:35:00 
Apr 25 03:35:00 
Apr 25 03:35:00 ==============📣系统通知📣==============
Apr 25 03:35:00 宠汪汪🐕喂食
Apr 25 03:35:00 【提示】请先获取京东账号一cookie
Apr 25 03:35:00 直接使用NobyDa的京东签到获取
Apr 25 03:35:00 https://bean.m.jd.com/bean/signIndex.action
Apr 25 03:35:00 
Apr 25 03:35:00 🔔宠汪汪🐕喂食, 结束! 🕛 0.02 秒
Apr 25 03:35:00 
Apr 25 04:35:00 
Apr 25 04:35:00 🔔宠汪汪🐕喂食, 开始!
Apr 25 04:35:00 
Apr 25 04:35:00 ====================共0个京东账号Cookie=========
Apr 25 04:35:00 
Apr 25 04:35:00 ==================脚本执行- 北京时间(UTC+8)：4/25/2021, 4:35:00 AM=====================
Apr 25 04:35:00 
Apr 25 04:35:00 
Apr 25 04:35:00 ==============📣系统通知📣==============
Apr 25 04:35:00 宠汪汪🐕喂食
Apr 25 04:35:00 【提示】请先获取京东账号一cookie
Apr 25 04:35:00 直接使用NobyDa的京东签到获取
Apr 25 04:35:00 https://bean.m.jd.com/bean/signIndex.action
Apr 25 04:35:00 
Apr 25 04:35:00 🔔宠汪汪🐕喂食, 结束! 🕛 0.029 秒
Apr 25 04:35:00 
Apr 25 05:35:00 
Apr 25 05:35:00 🔔宠汪汪🐕喂食, 开始!
Apr 25 05:35:00 
Apr 25 05:35:00 ====================共0个京东账号Cookie=========
Apr 25 05:35:00 
Apr 25 05:35:00 ==================脚本执行- 北京时间(UTC+8)：4/25/2021, 5:35:00 AM=====================
Apr 25 05:35:00 
Apr 25 05:35:00 
Apr 25 05:35:00 ==============📣系统通知📣==============
Apr 25 05:35:00 宠汪汪🐕喂食
Apr 25 05:35:00 【提示】请先获取京东账号一cookie
Apr 25 05:35:00 直接使用NobyDa的京东签到获取
Apr 25 05:35:00 https://bean.m.jd.com/bean/signIndex.action
Apr 25 05:35:00 
Apr 25 05:35:00 🔔宠汪汪🐕喂食, 结束! 🕛 0.021 秒
Apr 25 05:35:00 
Apr 25 06:35:00 
Apr 25 06:35:00 🔔宠汪汪🐕喂食, 开始!
Apr 25 06:35:00 
Apr 25 06:35:00 ====================共0个京东账号Cookie=========
Apr 25 06:35:00 
Apr 25 06:35:00 ==================脚本执行- 北京时间(UTC+8)：4/25/2021, 6:35:00 AM=====================
Apr 25 06:35:00 
Apr 25 06:35:00 
Apr 25 06:35:00 ==============📣系统通知📣==============
Apr 25 06:35:00 宠汪汪🐕喂食
Apr 25 06:35:00 【提示】请先获取京东账号一cookie
Apr 25 06:35:00 直接使用NobyDa的京东签到获取
Apr 25 06:35:00 https://bean.m.jd.com/bean/signIndex.action
Apr 25 06:35:00 
Apr 25 06:35:00 🔔宠汪汪🐕喂食, 结束! 🕛 0.022 秒
Apr 25 06:35:00 
Apr 25 07:35:00 
Apr 25 07:35:00 🔔宠汪汪🐕喂食, 开始!
Apr 25 07:35:00 
Apr 25 07:35:00 ====================共0个京东账号Cookie=========
Apr 25 07:35:00 
Apr 25 07:35:00 ==================脚本执行- 北京时间(UTC+8)：4/25/2021, 7:35:00 AM=====================
Apr 25 07:35:00 
Apr 25 07:35:00 
Apr 25 07:35:00 ==============📣系统通知📣==============
Apr 25 07:35:00 宠汪汪🐕喂食
Apr 25 07:35:00 【提示】请先获取京东账号一cookie
Apr 25 07:35:00 直接使用NobyDa的京东签到获取
Apr 25 07:35:00 https://bean.m.jd.com/bean/signIndex.action
Apr 25 07:35:00 
Apr 25 07:35:00 🔔宠汪汪🐕喂食, 结束! 🕛 0.025 秒
Apr 25 07:35:00 
Apr 25 08:35:00 
Apr 25 08:35:00 🔔宠汪汪🐕喂食, 开始!
Apr 25 08:35:00 
Apr 25 08:35:00 ====================共0个京东账号Cookie=========
Apr 25 08:35:00 
Apr 25 08:35:00 ==================脚本执行- 北京时间(UTC+8)：4/25/2021, 8:35:00 AM=====================
Apr 25 08:35:00 
Apr 25 08:35:00 
Apr 25 08:35:00 ==============📣系统通知📣==============
Apr 25 08:35:00 宠汪汪🐕喂食
Apr 25 08:35:00 【提示】请先获取京东账号一cookie
Apr 25 08:35:00 直接使用NobyDa的京东签到获取
Apr 25 08:35:00 https://bean.m.jd.com/bean/signIndex.action
Apr 25 08:35:00 
Apr 25 08:35:00 🔔宠汪汪🐕喂食, 结束! 🕛 0.02 秒
Apr 25 08:35:00 
Apr 25 09:35:00 
Apr 25 09:35:00 🔔宠汪汪🐕喂食, 开始!
Apr 25 09:35:00 
Apr 25 09:35:00 ====================共0个京东账号Cookie=========
Apr 25 09:35:00 
Apr 25 09:35:00 ==================脚本执行- 北京时间(UTC+8)：4/25/2021, 9:35:00 AM=====================
Apr 25 09:35:00 
Apr 25 09:35:00 
Apr 25 09:35:00 ==============📣系统通知📣==============
Apr 25 09:35:00 宠汪汪🐕喂食
Apr 25 09:35:00 【提示】请先获取京东账号一cookie
Apr 25 09:35:00 直接使用NobyDa的京东签到获取
Apr 25 09:35:00 https://bean.m.jd.com/bean/signIndex.action
Apr 25 09:35:00 
Apr 25 09:35:00 🔔宠汪汪🐕喂食, 结束! 🕛 0.018 秒
Apr 25 09:35:00 
Apr 25 10:35:00 
Apr 25 10:35:00 🔔宠汪汪🐕喂食, 开始!
Apr 25 10:35:00 
Apr 25 10:35:00 ====================共0个京东账号Cookie=========
Apr 25 10:35:00 
Apr 25 10:35:00 ==================脚本执行- 北京时间(UTC+8)：4/25/2021, 10:35:00 AM=====================
Apr 25 10:35:00 
Apr 25 10:35:00 
Apr 25 10:35:00 ==============📣系统通知📣==============
Apr 25 10:35:00 宠汪汪🐕喂食
Apr 25 10:35:00 【提示】请先获取京东账号一cookie
Apr 25 10:35:00 直接使用NobyDa的京东签到获取
Apr 25 10:35:00 https://bean.m.jd.com/bean/signIndex.action
Apr 25 10:35:00 
Apr 25 10:35:00 🔔宠汪汪🐕喂食, 结束! 🕛 0.028 秒
Apr 25 10:35:00 
Apr 25 11:35:00 
Apr 25 11:35:00 🔔宠汪汪🐕喂食, 开始!
Apr 25 11:35:00 
Apr 25 11:35:00 ====================共0个京东账号Cookie=========
Apr 25 11:35:00 
Apr 25 11:35:00 ==================脚本执行- 北京时间(UTC+8)：4/25/2021, 11:35:00 AM=====================
Apr 25 11:35:00 
Apr 25 11:35:00 
Apr 25 11:35:00 ==============📣系统通知📣==============
Apr 25 11:35:00 宠汪汪🐕喂食
Apr 25 11:35:00 【提示】请先获取京东账号一cookie
Apr 25 11:35:00 直接使用NobyDa的京东签到获取
Apr 25 11:35:00 https://bean.m.jd.com/bean/signIndex.action
Apr 25 11:35:00 
Apr 25 11:35:00 🔔宠汪汪🐕喂食, 结束! 🕛 0.025 秒
Apr 25 11:35:00 
Apr 25 12:35:00 
Apr 25 12:35:00 🔔宠汪汪🐕喂食, 开始!
Apr 25 12:35:00 
Apr 25 12:35:00 ====================共0个京东账号Cookie=========
Apr 25 12:35:00 
Apr 25 12:35:00 ==================脚本执行- 北京时间(UTC+8)：4/25/2021, 12:35:00 PM=====================
Apr 25 12:35:00 
Apr 25 12:35:00 
Apr 25 12:35:00 ==============📣系统通知📣==============
Apr 25 12:35:00 宠汪汪🐕喂食
Apr 25 12:35:00 【提示】请先获取京东账号一cookie
Apr 25 12:35:00 直接使用NobyDa的京东签到获取
Apr 25 12:35:00 https://bean.m.jd.com/bean/signIndex.action
Apr 25 12:35:00 
Apr 25 12:35:00 🔔宠汪汪🐕喂食, 结束! 🕛 0.026 秒
Apr 25 12:35:00 
Apr 25 13:35:00 
Apr 25 13:35:00 🔔宠汪汪🐕喂食, 开始!
Apr 25 13:35:00 
Apr 25 13:35:00 ====================共0个京东账号Cookie=========
Apr 25 13:35:00 
Apr 25 13:35:00 ==================脚本执行- 北京时间(UTC+8)：4/25/2021, 1:35:00 PM=====================
Apr 25 13:35:00 
Apr 25 13:35:00 
Apr 25 13:35:00 ==============📣系统通知📣==============
Apr 25 13:35:00 宠汪汪🐕喂食
Apr 25 13:35:00 【提示】请先获取京东账号一cookie
Apr 25 13:35:00 直接使用NobyDa的京东签到获取
Apr 25 13:35:00 https://bean.m.jd.com/bean/signIndex.action
Apr 25 13:35:00 
Apr 25 13:35:00 🔔宠汪汪🐕喂食, 结束! 🕛 0.021 秒
Apr 25 13:35:00 
Apr 25 14:35:01 
Apr 25 14:35:01 🔔宠汪汪🐕喂食, 开始!
Apr 25 14:35:01 
Apr 25 14:35:01 ====================共0个京东账号Cookie=========
Apr 25 14:35:01 
Apr 25 14:35:01 ==================脚本执行- 北京时间(UTC+8)：4/25/2021, 2:35:01 PM=====================
Apr 25 14:35:01 
Apr 25 14:35:01 
Apr 25 14:35:01 ==============📣系统通知📣==============
Apr 25 14:35:01 宠汪汪🐕喂食
Apr 25 14:35:01 【提示】请先获取京东账号一cookie
Apr 25 14:35:01 直接使用NobyDa的京东签到获取
Apr 25 14:35:01 https://bean.m.jd.com/bean/signIndex.action
Apr 25 14:35:01 
Apr 25 14:35:01 🔔宠汪汪🐕喂食, 结束! 🕛 0.025 秒
Apr 25 14:35:01 
Apr 25 15:35:00 
Apr 25 15:35:00 🔔宠汪汪🐕喂食, 开始!
Apr 25 15:35:00 
Apr 25 15:35:00 ====================共0个京东账号Cookie=========
Apr 25 15:35:00 
Apr 25 15:35:00 ==================脚本执行- 北京时间(UTC+8)：4/25/2021, 3:35:00 PM=====================
Apr 25 15:35:00 
Apr 25 15:35:00 
Apr 25 15:35:00 ==============📣系统通知📣==============
Apr 25 15:35:00 宠汪汪🐕喂食
Apr 25 15:35:00 【提示】请先获取京东账号一cookie
Apr 25 15:35:00 直接使用NobyDa的京东签到获取
Apr 25 15:35:00 https://bean.m.jd.com/bean/signIndex.action
Apr 25 15:35:00 
Apr 25 15:35:00 🔔宠汪汪🐕喂食, 结束! 🕛 0.025 秒
Apr 25 15:35:00 
Apr 25 16:35:00 
Apr 25 16:35:00 🔔宠汪汪🐕喂食, 开始!
Apr 25 16:35:00 
Apr 25 16:35:00 ====================共0个京东账号Cookie=========
Apr 25 16:35:00 
Apr 25 16:35:00 ==================脚本执行- 北京时间(UTC+8)：4/25/2021, 4:35:00 PM=====================
Apr 25 16:35:00 
Apr 25 16:35:00 
Apr 25 16:35:00 ==============📣系统通知📣==============
Apr 25 16:35:00 宠汪汪🐕喂食
Apr 25 16:35:00 【提示】请先获取京东账号一cookie
Apr 25 16:35:00 直接使用NobyDa的京东签到获取
Apr 25 16:35:00 https://bean.m.jd.com/bean/signIndex.action
Apr 25 16:35:00 
Apr 25 16:35:00 🔔宠汪汪🐕喂食, 结束! 🕛 0.025 秒
Apr 25 16:35:00 
Apr 25 17:35:00 
Apr 25 17:35:00 🔔宠汪汪🐕喂食, 开始!
Apr 25 17:35:00 
Apr 25 17:35:00 ====================共0个京东账号Cookie=========
Apr 25 17:35:00 
Apr 25 17:35:00 ==================脚本执行- 北京时间(UTC+8)：4/25/2021, 5:35:00 PM=====================
Apr 25 17:35:00 
Apr 25 17:35:00 
Apr 25 17:35:00 ==============📣系统通知📣==============
Apr 25 17:35:00 宠汪汪🐕喂食
Apr 25 17:35:00 【提示】请先获取京东账号一cookie
Apr 25 17:35:00 直接使用NobyDa的京东签到获取
Apr 25 17:35:00 https://bean.m.jd.com/bean/signIndex.action
Apr 25 17:35:00 
Apr 25 17:35:00 🔔宠汪汪🐕喂食, 结束! 🕛 0.019 秒
Apr 25 17:35:00 
Apr 25 18:35:00 
Apr 25 18:35:00 🔔宠汪汪🐕喂食, 开始!
Apr 25 18:35:00 
Apr 25 18:35:00 ====================共0个京东账号Cookie=========
Apr 25 18:35:00 
Apr 25 18:35:00 ==================脚本执行- 北京时间(UTC+8)：4/25/2021, 6:35:00 PM=====================
Apr 25 18:35:00 
Apr 25 18:35:00 
Apr 25 18:35:00 ==============📣系统通知📣==============
Apr 25 18:35:00 宠汪汪🐕喂食
Apr 25 18:35:00 【提示】请先获取京东账号一cookie
Apr 25 18:35:00 直接使用NobyDa的京东签到获取
Apr 25 18:35:00 https://bean.m.jd.com/bean/signIndex.action
Apr 25 18:35:00 
Apr 25 18:35:00 🔔宠汪汪🐕喂食, 结束! 🕛 0.02 秒
Apr 25 18:35:00 
Apr 25 19:35:00 
Apr 25 19:35:00 🔔宠汪汪🐕喂食, 开始!
Apr 25 19:35:00 
Apr 25 19:35:00 ====================共0个京东账号Cookie=========
Apr 25 19:35:00 
Apr 25 19:35:00 ==================脚本执行- 北京时间(UTC+8)：4/25/2021, 7:35:00 PM=====================
Apr 25 19:35:00 
Apr 25 19:35:00 
Apr 25 19:35:00 ==============📣系统通知📣==============
Apr 25 19:35:00 宠汪汪🐕喂食
Apr 25 19:35:00 【提示】请先获取京东账号一cookie
Apr 25 19:35:00 直接使用NobyDa的京东签到获取
Apr 25 19:35:00 https://bean.m.jd.com/bean/signIndex.action
Apr 25 19:35:00 
Apr 25 19:35:00 🔔宠汪汪🐕喂食, 结束! 🕛 0.042 秒
Apr 25 19:35:00 
Apr 25 20:35:00 
Apr 25 20:35:00 🔔宠汪汪🐕喂食, 开始!
Apr 25 20:35:00 
Apr 25 20:35:00 ====================共0个京东账号Cookie=========
Apr 25 20:35:00 
Apr 25 20:35:00 ==================脚本执行- 北京时间(UTC+8)：4/25/2021, 8:35:00 PM=====================
Apr 25 20:35:00 
Apr 25 20:35:00 
Apr 25 20:35:00 ==============📣系统通知📣==============
Apr 25 20:35:00 宠汪汪🐕喂食
Apr 25 20:35:00 【提示】请先获取京东账号一cookie
Apr 25 20:35:00 直接使用NobyDa的京东签到获取
Apr 25 20:35:00 https://bean.m.jd.com/bean/signIndex.action
Apr 25 20:35:00 
Apr 25 20:35:00 🔔宠汪汪🐕喂食, 结束! 🕛 0.022 秒
Apr 25 20:35:00 
Apr 25 21:35:00 
Apr 25 21:35:00 🔔宠汪汪🐕喂食, 开始!
Apr 25 21:35:00 
Apr 25 21:35:00 ====================共0个京东账号Cookie=========
Apr 25 21:35:00 
Apr 25 21:35:00 ==================脚本执行- 北京时间(UTC+8)：4/25/2021, 9:35:00 PM=====================
Apr 25 21:35:00 
Apr 25 21:35:00 
Apr 25 21:35:00 ==============📣系统通知📣==============
Apr 25 21:35:00 宠汪汪🐕喂食
Apr 25 21:35:00 【提示】请先获取京东账号一cookie
Apr 25 21:35:00 直接使用NobyDa的京东签到获取
Apr 25 21:35:00 https://bean.m.jd.com/bean/signIndex.action
Apr 25 21:35:00 
Apr 25 21:35:00 🔔宠汪汪🐕喂食, 结束! 🕛 0.025 秒
Apr 25 21:35:00 
Apr 25 22:35:00 
Apr 25 22:35:00 🔔宠汪汪🐕喂食, 开始!
Apr 25 22:35:00 
Apr 25 22:35:00 ====================共0个京东账号Cookie=========
Apr 25 22:35:00 
Apr 25 22:35:00 ==================脚本执行- 北京时间(UTC+8)：4/25/2021, 10:35:00 PM=====================
Apr 25 22:35:00 
Apr 25 22:35:00 
Apr 25 22:35:00 ==============📣系统通知📣==============
Apr 25 22:35:00 宠汪汪🐕喂食
Apr 25 22:35:00 【提示】请先获取京东账号一cookie
Apr 25 22:35:00 直接使用NobyDa的京东签到获取
Apr 25 22:35:00 https://bean.m.jd.com/bean/signIndex.action
Apr 25 22:35:00 
Apr 25 22:35:00 🔔宠汪汪🐕喂食, 结束! 🕛 0.023 秒
Apr 25 22:35:00 
