Apr 25 13:11:58 
Apr 25 13:11:58 🔔宠汪汪赛跑, 开始!
Apr 25 13:11:58 
Apr 25 13:11:58 ====================共0个京东账号Cookie=========
Apr 25 13:11:58 
Apr 25 13:11:58 ==================脚本执行- 北京时间(UTC+8)：4/25/2021, 1:11:58 PM=====================
Apr 25 13:11:58 
Apr 25 13:11:58 
Apr 25 13:11:58 ==============📣系统通知📣==============
Apr 25 13:11:58 宠汪汪赛跑
Apr 25 13:11:58 【提示】请先获取京东账号一cookie
Apr 25 13:11:58 直接使用NobyDa的京东签到获取
Apr 25 13:11:58 https://bean.m.jd.com/bean/signIndex.action
Apr 25 14:10:26 
Apr 25 14:10:26 🔔宠汪汪赛跑, 开始!
Apr 25 14:10:26 
Apr 25 14:10:26 ====================共0个京东账号Cookie=========
Apr 25 14:10:26 
Apr 25 14:10:26 ==================脚本执行- 北京时间(UTC+8)：4/25/2021, 2:10:26 PM=====================
Apr 25 14:10:26 
Apr 25 14:10:26 
Apr 25 14:10:26 ==============📣系统通知📣==============
Apr 25 14:10:26 宠汪汪赛跑
Apr 25 14:10:26 【提示】请先获取京东账号一cookie
Apr 25 14:10:26 直接使用NobyDa的京东签到获取
Apr 25 14:10:26 https://bean.m.jd.com/bean/signIndex.action
Apr 25 15:11:54 
Apr 25 15:11:54 🔔宠汪汪赛跑, 开始!
Apr 25 15:11:54 
Apr 25 15:11:54 ====================共0个京东账号Cookie=========
Apr 25 15:11:54 
Apr 25 15:11:54 ==================脚本执行- 北京时间(UTC+8)：4/25/2021, 3:11:54 PM=====================
Apr 25 15:11:54 
Apr 25 15:11:54 
Apr 25 15:11:54 ==============📣系统通知📣==============
Apr 25 15:11:54 宠汪汪赛跑
Apr 25 15:11:54 【提示】请先获取京东账号一cookie
Apr 25 15:11:54 直接使用NobyDa的京东签到获取
Apr 25 15:11:54 https://bean.m.jd.com/bean/signIndex.action
Apr 25 16:10:25 
Apr 25 16:10:25 🔔宠汪汪赛跑, 开始!
Apr 25 16:10:25 
Apr 25 16:10:25 ====================共0个京东账号Cookie=========
Apr 25 16:10:25 
Apr 25 16:10:25 ==================脚本执行- 北京时间(UTC+8)：4/25/2021, 4:10:25 PM=====================
Apr 25 16:10:25 
Apr 25 16:10:25 
Apr 25 16:10:25 ==============📣系统通知📣==============
Apr 25 16:10:25 宠汪汪赛跑
Apr 25 16:10:25 【提示】请先获取京东账号一cookie
Apr 25 16:10:25 直接使用NobyDa的京东签到获取
Apr 25 16:10:25 https://bean.m.jd.com/bean/signIndex.action
Apr 25 17:11:28 
Apr 25 17:11:28 🔔宠汪汪赛跑, 开始!
Apr 25 17:11:28 
Apr 25 17:11:28 ====================共0个京东账号Cookie=========
Apr 25 17:11:28 
Apr 25 17:11:28 ==================脚本执行- 北京时间(UTC+8)：4/25/2021, 5:11:28 PM=====================
Apr 25 17:11:28 
Apr 25 17:11:28 
Apr 25 17:11:28 ==============📣系统通知📣==============
Apr 25 17:11:28 宠汪汪赛跑
Apr 25 17:11:28 【提示】请先获取京东账号一cookie
Apr 25 17:11:28 直接使用NobyDa的京东签到获取
Apr 25 17:11:28 https://bean.m.jd.com/bean/signIndex.action
Apr 25 18:10:39 
Apr 25 18:10:39 🔔宠汪汪赛跑, 开始!
Apr 25 18:10:39 
Apr 25 18:10:39 ====================共0个京东账号Cookie=========
Apr 25 18:10:39 
Apr 25 18:10:39 ==================脚本执行- 北京时间(UTC+8)：4/25/2021, 6:10:39 PM=====================
Apr 25 18:10:39 
Apr 25 18:10:39 
Apr 25 18:10:39 ==============📣系统通知📣==============
Apr 25 18:10:39 宠汪汪赛跑
Apr 25 18:10:39 【提示】请先获取京东账号一cookie
Apr 25 18:10:39 直接使用NobyDa的京东签到获取
Apr 25 18:10:39 https://bean.m.jd.com/bean/signIndex.action
Apr 25 19:11:27 
Apr 25 19:11:27 🔔宠汪汪赛跑, 开始!
Apr 25 19:11:27 
Apr 25 19:11:27 ====================共0个京东账号Cookie=========
Apr 25 19:11:27 
Apr 25 19:11:27 ==================脚本执行- 北京时间(UTC+8)：4/25/2021, 7:11:27 PM=====================
Apr 25 19:11:27 
Apr 25 19:11:27 
Apr 25 19:11:27 ==============📣系统通知📣==============
Apr 25 19:11:27 宠汪汪赛跑
Apr 25 19:11:27 【提示】请先获取京东账号一cookie
Apr 25 19:11:27 直接使用NobyDa的京东签到获取
Apr 25 19:11:27 https://bean.m.jd.com/bean/signIndex.action
Apr 25 20:11:56 
Apr 25 20:11:56 🔔宠汪汪赛跑, 开始!
Apr 25 20:11:56 
Apr 25 20:11:56 ====================共0个京东账号Cookie=========
Apr 25 20:11:56 
Apr 25 20:11:56 ==================脚本执行- 北京时间(UTC+8)：4/25/2021, 8:11:56 PM=====================
Apr 25 20:11:56 
Apr 25 20:11:56 
Apr 25 20:11:56 ==============📣系统通知📣==============
Apr 25 20:11:56 宠汪汪赛跑
Apr 25 20:11:56 【提示】请先获取京东账号一cookie
Apr 25 20:11:56 直接使用NobyDa的京东签到获取
Apr 25 20:11:56 https://bean.m.jd.com/bean/signIndex.action
