Apr 25 00:01:17 
Apr 25 00:01:17 🔔京东抽奖机, 开始!
Apr 25 00:01:17 
Apr 25 00:01:17 ====================共0个京东账号Cookie=========
Apr 25 00:01:17 
Apr 25 00:01:17 ==================脚本执行- 北京时间(UTC+8)：4/25/2021, 12:01:17 AM=====================
Apr 25 00:01:17 
Apr 25 00:01:17 
Apr 25 00:01:17 ==============📣系统通知📣==============
Apr 25 00:01:17 京东抽奖机
Apr 25 00:01:17 【提示】请先获取cookie
Apr 25 00:01:17 直接使用NobyDa的京东签到获取
Apr 25 00:01:17 https://bean.m.jd.com/
Apr 25 00:01:17 
Apr 25 00:01:17 🔔京东抽奖机, 开始!
Apr 25 00:01:17 共0个京东账号
Apr 25 00:01:17 
Apr 25 00:01:17 
Apr 25 00:01:17 ==============📣系统通知📣==============
Apr 25 00:01:17 京东抽奖机
Apr 25 00:01:17 【提示】请先获取cookie
Apr 25 00:01:17 直接使用NobyDa的京东签到获取
Apr 25 00:01:17 https://bean.m.jd.com/
Apr 25 00:01:17 
Apr 25 00:01:17 🔔京东抽奖机, 结束! 🕛 0.017 秒
Apr 25 00:01:17 
Apr 25 00:01:18 jd_lotteryMachine.js文件  CDN刷新成功
Apr 25 12:00:11 
Apr 25 12:00:11 🔔京东抽奖机, 开始!
Apr 25 12:00:11 
Apr 25 12:00:11 ====================共0个京东账号Cookie=========
Apr 25 12:00:11 
Apr 25 12:00:11 ==================脚本执行- 北京时间(UTC+8)：4/25/2021, 12:00:11 PM=====================
Apr 25 12:00:11 
Apr 25 12:00:11 
Apr 25 12:00:11 ==============📣系统通知📣==============
Apr 25 12:00:11 京东抽奖机
Apr 25 12:00:11 【提示】请先获取cookie
Apr 25 12:00:11 直接使用NobyDa的京东签到获取
Apr 25 12:00:11 https://bean.m.jd.com/
Apr 25 12:00:12 
Apr 25 12:00:12 🔔京东抽奖机, 开始!
Apr 25 12:00:12 共0个京东账号
Apr 25 12:00:12 
Apr 25 12:00:12 
Apr 25 12:00:12 ==============📣系统通知📣==============
Apr 25 12:00:12 京东抽奖机
Apr 25 12:00:12 【提示】请先获取cookie
Apr 25 12:00:12 直接使用NobyDa的京东签到获取
Apr 25 12:00:12 https://bean.m.jd.com/
Apr 25 12:00:12 
Apr 25 12:00:12 🔔京东抽奖机, 结束! 🕛 0.015 秒
Apr 25 12:00:12 
Apr 25 12:00:13 jd_lotteryMachine.js文件  CDN刷新成功
Apr 25 23:00:46 
Apr 25 23:00:46 🔔京东抽奖机, 开始!
Apr 25 23:00:46 
Apr 25 23:00:46 ====================共0个京东账号Cookie=========
Apr 25 23:00:46 
Apr 25 23:00:46 ==================脚本执行- 北京时间(UTC+8)：4/25/2021, 11:00:46 PM=====================
Apr 25 23:00:46 
Apr 25 23:00:46 
Apr 25 23:00:46 ==============📣系统通知📣==============
Apr 25 23:00:46 京东抽奖机
Apr 25 23:00:46 【提示】请先获取cookie
Apr 25 23:00:46 直接使用NobyDa的京东签到获取
Apr 25 23:00:46 https://bean.m.jd.com/
Apr 25 23:00:47 
Apr 25 23:00:47 🔔京东抽奖机, 开始!
Apr 25 23:00:47 共0个京东账号
Apr 25 23:00:47 
Apr 25 23:00:47 
Apr 25 23:00:47 ==============📣系统通知📣==============
Apr 25 23:00:47 京东抽奖机
Apr 25 23:00:47 【提示】请先获取cookie
Apr 25 23:00:47 直接使用NobyDa的京东签到获取
Apr 25 23:00:47 https://bean.m.jd.com/
Apr 25 23:00:47 
Apr 25 23:00:47 🔔京东抽奖机, 结束! 🕛 0.022 秒
Apr 25 23:00:47 
Apr 25 23:00:48 jd_lotteryMachine.js文件  CDN刷新成功
