Apr 25 00:02:29 
Apr 25 00:02:29 🔔超级直播间红包雨, 开始!
Apr 25 00:02:29 
Apr 25 00:02:29 ====================共0个京东账号Cookie=========
Apr 25 00:02:29 
Apr 25 00:02:29 ==================脚本执行- 北京时间(UTC+8)：4/25/2021, 12:02:29 AM=====================
Apr 25 00:02:29 
Apr 25 00:02:29 
Apr 25 00:02:29 ==============📣系统通知📣==============
Apr 25 00:02:29 超级直播间红包雨
Apr 25 00:02:29 【提示】请先获取京东账号一cookie
Apr 25 00:02:29 直接使用NobyDa的京东签到获取
Apr 25 00:02:29 https://bean.m.jd.com/
Apr 25 00:02:29 
Apr 25 00:02:29 🔔超级直播间红包雨, 结束! 🕛 0.019 秒
Apr 25 00:02:29 
Apr 25 00:32:25 
Apr 25 00:32:25 🔔超级直播间红包雨, 开始!
Apr 25 00:32:25 
Apr 25 00:32:25 ====================共0个京东账号Cookie=========
Apr 25 00:32:25 
Apr 25 00:32:25 ==================脚本执行- 北京时间(UTC+8)：4/25/2021, 12:32:25 AM=====================
Apr 25 00:32:25 
Apr 25 00:32:25 
Apr 25 00:32:25 ==============📣系统通知📣==============
Apr 25 00:32:25 超级直播间红包雨
Apr 25 00:32:25 【提示】请先获取京东账号一cookie
Apr 25 00:32:25 直接使用NobyDa的京东签到获取
Apr 25 00:32:25 https://bean.m.jd.com/
Apr 25 00:32:25 
Apr 25 00:32:25 🔔超级直播间红包雨, 结束! 🕛 0.033 秒
Apr 25 00:32:25 
Apr 25 01:02:20 
Apr 25 01:02:20 🔔超级直播间红包雨, 开始!
Apr 25 01:02:20 
Apr 25 01:02:20 ====================共0个京东账号Cookie=========
Apr 25 01:02:20 
Apr 25 01:02:20 ==================脚本执行- 北京时间(UTC+8)：4/25/2021, 1:02:20 AM=====================
Apr 25 01:02:20 
Apr 25 01:02:20 
Apr 25 01:02:20 ==============📣系统通知📣==============
Apr 25 01:02:20 超级直播间红包雨
Apr 25 01:02:20 【提示】请先获取京东账号一cookie
Apr 25 01:02:20 直接使用NobyDa的京东签到获取
Apr 25 01:02:20 https://bean.m.jd.com/
Apr 25 01:02:20 
Apr 25 01:02:20 🔔超级直播间红包雨, 结束! 🕛 0.017 秒
Apr 25 01:02:20 
Apr 25 01:31:47 
Apr 25 01:31:47 🔔超级直播间红包雨, 开始!
Apr 25 01:31:47 
Apr 25 01:31:47 ====================共0个京东账号Cookie=========
Apr 25 01:31:47 
Apr 25 01:31:47 ==================脚本执行- 北京时间(UTC+8)：4/25/2021, 1:31:47 AM=====================
Apr 25 01:31:47 
Apr 25 01:31:47 
Apr 25 01:31:47 ==============📣系统通知📣==============
Apr 25 01:31:47 超级直播间红包雨
Apr 25 01:31:47 【提示】请先获取京东账号一cookie
Apr 25 01:31:47 直接使用NobyDa的京东签到获取
Apr 25 01:31:47 https://bean.m.jd.com/
Apr 25 01:31:47 
Apr 25 01:31:47 🔔超级直播间红包雨, 结束! 🕛 0.02 秒
Apr 25 01:31:47 
Apr 25 02:01:56 
Apr 25 02:01:56 🔔超级直播间红包雨, 开始!
Apr 25 02:01:56 
Apr 25 02:01:56 ====================共0个京东账号Cookie=========
Apr 25 02:01:56 
Apr 25 02:01:56 ==================脚本执行- 北京时间(UTC+8)：4/25/2021, 2:01:56 AM=====================
Apr 25 02:01:56 
Apr 25 02:01:56 
Apr 25 02:01:56 ==============📣系统通知📣==============
Apr 25 02:01:56 超级直播间红包雨
Apr 25 02:01:56 【提示】请先获取京东账号一cookie
Apr 25 02:01:56 直接使用NobyDa的京东签到获取
Apr 25 02:01:56 https://bean.m.jd.com/
Apr 25 02:01:56 
Apr 25 02:01:56 🔔超级直播间红包雨, 结束! 🕛 0.023 秒
Apr 25 02:01:56 
Apr 25 02:32:04 
Apr 25 02:32:04 🔔超级直播间红包雨, 开始!
Apr 25 02:32:04 
Apr 25 02:32:04 ====================共0个京东账号Cookie=========
Apr 25 02:32:04 
Apr 25 02:32:04 ==================脚本执行- 北京时间(UTC+8)：4/25/2021, 2:32:04 AM=====================
Apr 25 02:32:04 
Apr 25 02:32:04 
Apr 25 02:32:04 ==============📣系统通知📣==============
Apr 25 02:32:04 超级直播间红包雨
Apr 25 02:32:04 【提示】请先获取京东账号一cookie
Apr 25 02:32:04 直接使用NobyDa的京东签到获取
Apr 25 02:32:04 https://bean.m.jd.com/
Apr 25 02:32:04 
Apr 25 02:32:04 🔔超级直播间红包雨, 结束! 🕛 0.016 秒
Apr 25 02:32:04 
Apr 25 03:02:52 
Apr 25 03:02:52 🔔超级直播间红包雨, 开始!
Apr 25 03:02:52 
Apr 25 03:02:52 ====================共0个京东账号Cookie=========
Apr 25 03:02:52 
Apr 25 03:02:52 ==================脚本执行- 北京时间(UTC+8)：4/25/2021, 3:02:52 AM=====================
Apr 25 03:02:52 
Apr 25 03:02:52 
Apr 25 03:02:52 ==============📣系统通知📣==============
Apr 25 03:02:52 超级直播间红包雨
Apr 25 03:02:52 【提示】请先获取京东账号一cookie
Apr 25 03:02:52 直接使用NobyDa的京东签到获取
Apr 25 03:02:52 https://bean.m.jd.com/
Apr 25 03:02:52 
Apr 25 03:02:52 🔔超级直播间红包雨, 结束! 🕛 0.02 秒
Apr 25 03:02:52 
Apr 25 03:32:04 
Apr 25 03:32:04 🔔超级直播间红包雨, 开始!
Apr 25 03:32:04 
Apr 25 03:32:04 ====================共0个京东账号Cookie=========
Apr 25 03:32:04 
Apr 25 03:32:04 ==================脚本执行- 北京时间(UTC+8)：4/25/2021, 3:32:04 AM=====================
Apr 25 03:32:04 
Apr 25 03:32:04 
Apr 25 03:32:04 ==============📣系统通知📣==============
Apr 25 03:32:04 超级直播间红包雨
Apr 25 03:32:04 【提示】请先获取京东账号一cookie
Apr 25 03:32:04 直接使用NobyDa的京东签到获取
Apr 25 03:32:04 https://bean.m.jd.com/
Apr 25 03:32:04 
Apr 25 03:32:04 🔔超级直播间红包雨, 结束! 🕛 0.02 秒
Apr 25 03:32:04 
Apr 25 04:02:18 
Apr 25 04:02:18 🔔超级直播间红包雨, 开始!
Apr 25 04:02:18 
Apr 25 04:02:18 ====================共0个京东账号Cookie=========
Apr 25 04:02:18 
Apr 25 04:02:18 ==================脚本执行- 北京时间(UTC+8)：4/25/2021, 4:02:18 AM=====================
Apr 25 04:02:18 
Apr 25 04:02:18 
Apr 25 04:02:18 ==============📣系统通知📣==============
Apr 25 04:02:18 超级直播间红包雨
Apr 25 04:02:18 【提示】请先获取京东账号一cookie
Apr 25 04:02:18 直接使用NobyDa的京东签到获取
Apr 25 04:02:18 https://bean.m.jd.com/
Apr 25 04:02:18 
Apr 25 04:02:18 🔔超级直播间红包雨, 结束! 🕛 0.022 秒
Apr 25 04:02:18 
Apr 25 04:31:52 
Apr 25 04:31:52 🔔超级直播间红包雨, 开始!
Apr 25 04:31:52 
Apr 25 04:31:52 ====================共0个京东账号Cookie=========
Apr 25 04:31:52 
Apr 25 04:31:52 ==================脚本执行- 北京时间(UTC+8)：4/25/2021, 4:31:52 AM=====================
Apr 25 04:31:52 
Apr 25 04:31:52 
Apr 25 04:31:52 ==============📣系统通知📣==============
Apr 25 04:31:52 超级直播间红包雨
Apr 25 04:31:52 【提示】请先获取京东账号一cookie
Apr 25 04:31:52 直接使用NobyDa的京东签到获取
Apr 25 04:31:52 https://bean.m.jd.com/
Apr 25 04:31:52 
Apr 25 04:31:52 🔔超级直播间红包雨, 结束! 🕛 0.02 秒
Apr 25 04:31:52 
Apr 25 05:02:32 
Apr 25 05:02:32 🔔超级直播间红包雨, 开始!
Apr 25 05:02:32 
Apr 25 05:02:32 ====================共0个京东账号Cookie=========
Apr 25 05:02:32 
Apr 25 05:02:32 ==================脚本执行- 北京时间(UTC+8)：4/25/2021, 5:02:32 AM=====================
Apr 25 05:02:32 
Apr 25 05:02:32 
Apr 25 05:02:32 ==============📣系统通知📣==============
Apr 25 05:02:32 超级直播间红包雨
Apr 25 05:02:32 【提示】请先获取京东账号一cookie
Apr 25 05:02:32 直接使用NobyDa的京东签到获取
Apr 25 05:02:32 https://bean.m.jd.com/
Apr 25 05:02:32 
Apr 25 05:02:32 🔔超级直播间红包雨, 结束! 🕛 0.014 秒
Apr 25 05:02:32 
Apr 25 05:32:52 
Apr 25 05:32:52 🔔超级直播间红包雨, 开始!
Apr 25 05:32:52 
Apr 25 05:32:52 ====================共0个京东账号Cookie=========
Apr 25 05:32:52 
Apr 25 05:32:52 ==================脚本执行- 北京时间(UTC+8)：4/25/2021, 5:32:52 AM=====================
Apr 25 05:32:52 
Apr 25 05:32:52 
Apr 25 05:32:52 ==============📣系统通知📣==============
Apr 25 05:32:52 超级直播间红包雨
Apr 25 05:32:52 【提示】请先获取京东账号一cookie
Apr 25 05:32:52 直接使用NobyDa的京东签到获取
Apr 25 05:32:52 https://bean.m.jd.com/
Apr 25 05:32:52 
Apr 25 05:32:52 🔔超级直播间红包雨, 结束! 🕛 0.028 秒
Apr 25 05:32:52 
Apr 25 06:02:33 
Apr 25 06:02:33 🔔超级直播间红包雨, 开始!
Apr 25 06:02:33 
Apr 25 06:02:33 ====================共0个京东账号Cookie=========
Apr 25 06:02:33 
Apr 25 06:02:33 ==================脚本执行- 北京时间(UTC+8)：4/25/2021, 6:02:33 AM=====================
Apr 25 06:02:33 
Apr 25 06:02:33 
Apr 25 06:02:33 ==============📣系统通知📣==============
Apr 25 06:02:33 超级直播间红包雨
Apr 25 06:02:33 【提示】请先获取京东账号一cookie
Apr 25 06:02:33 直接使用NobyDa的京东签到获取
Apr 25 06:02:33 https://bean.m.jd.com/
Apr 25 06:02:33 
Apr 25 06:02:33 🔔超级直播间红包雨, 结束! 🕛 0.023 秒
Apr 25 06:02:33 
Apr 25 06:31:11 
Apr 25 06:31:11 🔔超级直播间红包雨, 开始!
Apr 25 06:31:11 
Apr 25 06:31:11 ====================共0个京东账号Cookie=========
Apr 25 06:31:11 
Apr 25 06:31:11 ==================脚本执行- 北京时间(UTC+8)：4/25/2021, 6:31:11 AM=====================
Apr 25 06:31:11 
Apr 25 06:31:11 
Apr 25 06:31:11 ==============📣系统通知📣==============
Apr 25 06:31:11 超级直播间红包雨
Apr 25 06:31:11 【提示】请先获取京东账号一cookie
Apr 25 06:31:11 直接使用NobyDa的京东签到获取
Apr 25 06:31:11 https://bean.m.jd.com/
Apr 25 06:31:11 
Apr 25 06:31:11 🔔超级直播间红包雨, 结束! 🕛 0.02 秒
Apr 25 06:31:11 
Apr 25 07:01:52 
Apr 25 07:01:52 🔔超级直播间红包雨, 开始!
Apr 25 07:01:52 
Apr 25 07:01:52 ====================共0个京东账号Cookie=========
Apr 25 07:01:52 
Apr 25 07:01:52 ==================脚本执行- 北京时间(UTC+8)：4/25/2021, 7:01:52 AM=====================
Apr 25 07:01:52 
Apr 25 07:01:52 
Apr 25 07:01:52 ==============📣系统通知📣==============
Apr 25 07:01:52 超级直播间红包雨
Apr 25 07:01:52 【提示】请先获取京东账号一cookie
Apr 25 07:01:52 直接使用NobyDa的京东签到获取
Apr 25 07:01:52 https://bean.m.jd.com/
Apr 25 07:01:52 
Apr 25 07:01:52 🔔超级直播间红包雨, 结束! 🕛 0.021 秒
Apr 25 07:01:52 
Apr 25 07:32:14 
Apr 25 07:32:14 🔔超级直播间红包雨, 开始!
Apr 25 07:32:14 
Apr 25 07:32:14 ====================共0个京东账号Cookie=========
Apr 25 07:32:14 
Apr 25 07:32:14 ==================脚本执行- 北京时间(UTC+8)：4/25/2021, 7:32:14 AM=====================
Apr 25 07:32:14 
Apr 25 07:32:14 
Apr 25 07:32:14 ==============📣系统通知📣==============
Apr 25 07:32:14 超级直播间红包雨
Apr 25 07:32:14 【提示】请先获取京东账号一cookie
Apr 25 07:32:14 直接使用NobyDa的京东签到获取
Apr 25 07:32:14 https://bean.m.jd.com/
Apr 25 07:32:14 
Apr 25 07:32:14 🔔超级直播间红包雨, 结束! 🕛 0.021 秒
Apr 25 07:32:14 
Apr 25 08:01:26 
Apr 25 08:01:26 🔔超级直播间红包雨, 开始!
Apr 25 08:01:26 
Apr 25 08:01:26 ====================共0个京东账号Cookie=========
Apr 25 08:01:26 
Apr 25 08:01:26 ==================脚本执行- 北京时间(UTC+8)：4/25/2021, 8:01:26 AM=====================
Apr 25 08:01:26 
Apr 25 08:01:26 
Apr 25 08:01:26 ==============📣系统通知📣==============
Apr 25 08:01:26 超级直播间红包雨
Apr 25 08:01:26 【提示】请先获取京东账号一cookie
Apr 25 08:01:26 直接使用NobyDa的京东签到获取
Apr 25 08:01:26 https://bean.m.jd.com/
Apr 25 08:01:26 
Apr 25 08:01:26 🔔超级直播间红包雨, 结束! 🕛 0.025 秒
Apr 25 08:01:26 
Apr 25 08:31:47 
Apr 25 08:31:47 🔔超级直播间红包雨, 开始!
Apr 25 08:31:47 
Apr 25 08:31:47 ====================共0个京东账号Cookie=========
Apr 25 08:31:47 
Apr 25 08:31:47 ==================脚本执行- 北京时间(UTC+8)：4/25/2021, 8:31:47 AM=====================
Apr 25 08:31:47 
Apr 25 08:31:47 
Apr 25 08:31:47 ==============📣系统通知📣==============
Apr 25 08:31:47 超级直播间红包雨
Apr 25 08:31:47 【提示】请先获取京东账号一cookie
Apr 25 08:31:47 直接使用NobyDa的京东签到获取
Apr 25 08:31:47 https://bean.m.jd.com/
Apr 25 08:31:47 
Apr 25 08:31:47 🔔超级直播间红包雨, 结束! 🕛 0.018 秒
Apr 25 08:31:47 
Apr 25 09:01:05 
Apr 25 09:01:05 🔔超级直播间红包雨, 开始!
Apr 25 09:01:05 
Apr 25 09:01:05 ====================共0个京东账号Cookie=========
Apr 25 09:01:05 
Apr 25 09:01:05 ==================脚本执行- 北京时间(UTC+8)：4/25/2021, 9:01:05 AM=====================
Apr 25 09:01:05 
Apr 25 09:01:05 
Apr 25 09:01:05 ==============📣系统通知📣==============
Apr 25 09:01:05 超级直播间红包雨
Apr 25 09:01:05 【提示】请先获取京东账号一cookie
Apr 25 09:01:05 直接使用NobyDa的京东签到获取
Apr 25 09:01:05 https://bean.m.jd.com/
Apr 25 09:01:05 
Apr 25 09:01:05 🔔超级直播间红包雨, 结束! 🕛 0.017 秒
Apr 25 09:01:05 
Apr 25 09:32:30 
Apr 25 09:32:30 🔔超级直播间红包雨, 开始!
Apr 25 09:32:30 
Apr 25 09:32:30 ====================共0个京东账号Cookie=========
Apr 25 09:32:30 
Apr 25 09:32:30 ==================脚本执行- 北京时间(UTC+8)：4/25/2021, 9:32:30 AM=====================
Apr 25 09:32:30 
Apr 25 09:32:30 
Apr 25 09:32:30 ==============📣系统通知📣==============
Apr 25 09:32:30 超级直播间红包雨
Apr 25 09:32:30 【提示】请先获取京东账号一cookie
Apr 25 09:32:30 直接使用NobyDa的京东签到获取
Apr 25 09:32:30 https://bean.m.jd.com/
Apr 25 09:32:30 
Apr 25 09:32:30 🔔超级直播间红包雨, 结束! 🕛 0.017 秒
Apr 25 09:32:30 
Apr 25 10:01:53 
Apr 25 10:01:53 🔔超级直播间红包雨, 开始!
Apr 25 10:01:53 
Apr 25 10:01:53 ====================共0个京东账号Cookie=========
Apr 25 10:01:53 
Apr 25 10:01:53 ==================脚本执行- 北京时间(UTC+8)：4/25/2021, 10:01:53 AM=====================
Apr 25 10:01:53 
Apr 25 10:01:53 
Apr 25 10:01:53 ==============📣系统通知📣==============
Apr 25 10:01:53 超级直播间红包雨
Apr 25 10:01:53 【提示】请先获取京东账号一cookie
Apr 25 10:01:53 直接使用NobyDa的京东签到获取
Apr 25 10:01:53 https://bean.m.jd.com/
Apr 25 10:01:53 
Apr 25 10:01:53 🔔超级直播间红包雨, 结束! 🕛 0.02 秒
Apr 25 10:01:53 
Apr 25 10:32:12 
Apr 25 10:32:12 🔔超级直播间红包雨, 开始!
Apr 25 10:32:12 
Apr 25 10:32:12 ====================共0个京东账号Cookie=========
Apr 25 10:32:12 
Apr 25 10:32:12 ==================脚本执行- 北京时间(UTC+8)：4/25/2021, 10:32:12 AM=====================
Apr 25 10:32:12 
Apr 25 10:32:12 
Apr 25 10:32:12 ==============📣系统通知📣==============
Apr 25 10:32:12 超级直播间红包雨
Apr 25 10:32:12 【提示】请先获取京东账号一cookie
Apr 25 10:32:12 直接使用NobyDa的京东签到获取
Apr 25 10:32:12 https://bean.m.jd.com/
Apr 25 10:32:12 
Apr 25 10:32:12 🔔超级直播间红包雨, 结束! 🕛 0.016 秒
Apr 25 10:32:12 
Apr 25 11:01:57 
Apr 25 11:01:57 🔔超级直播间红包雨, 开始!
Apr 25 11:01:57 
Apr 25 11:01:57 ====================共0个京东账号Cookie=========
Apr 25 11:01:57 
Apr 25 11:01:57 ==================脚本执行- 北京时间(UTC+8)：4/25/2021, 11:01:57 AM=====================
Apr 25 11:01:57 
Apr 25 11:01:57 
Apr 25 11:01:57 ==============📣系统通知📣==============
Apr 25 11:01:57 超级直播间红包雨
Apr 25 11:01:57 【提示】请先获取京东账号一cookie
Apr 25 11:01:57 直接使用NobyDa的京东签到获取
Apr 25 11:01:57 https://bean.m.jd.com/
Apr 25 11:01:57 
Apr 25 11:01:57 🔔超级直播间红包雨, 结束! 🕛 0.019 秒
Apr 25 11:01:57 
Apr 25 11:32:46 
Apr 25 11:32:46 🔔超级直播间红包雨, 开始!
Apr 25 11:32:46 
Apr 25 11:32:46 ====================共0个京东账号Cookie=========
Apr 25 11:32:46 
Apr 25 11:32:46 ==================脚本执行- 北京时间(UTC+8)：4/25/2021, 11:32:46 AM=====================
Apr 25 11:32:46 
Apr 25 11:32:46 
Apr 25 11:32:46 ==============📣系统通知📣==============
Apr 25 11:32:46 超级直播间红包雨
Apr 25 11:32:46 【提示】请先获取京东账号一cookie
Apr 25 11:32:46 直接使用NobyDa的京东签到获取
Apr 25 11:32:46 https://bean.m.jd.com/
Apr 25 11:32:46 
Apr 25 11:32:46 🔔超级直播间红包雨, 结束! 🕛 0.017 秒
Apr 25 11:32:46 
Apr 25 12:01:04 
Apr 25 12:01:04 🔔超级直播间红包雨, 开始!
Apr 25 12:01:04 
Apr 25 12:01:04 ====================共0个京东账号Cookie=========
Apr 25 12:01:04 
Apr 25 12:01:04 ==================脚本执行- 北京时间(UTC+8)：4/25/2021, 12:01:04 PM=====================
Apr 25 12:01:04 
Apr 25 12:01:04 
Apr 25 12:01:04 ==============📣系统通知📣==============
Apr 25 12:01:04 超级直播间红包雨
Apr 25 12:01:04 【提示】请先获取京东账号一cookie
Apr 25 12:01:04 直接使用NobyDa的京东签到获取
Apr 25 12:01:04 https://bean.m.jd.com/
Apr 25 12:01:04 
Apr 25 12:01:04 🔔超级直播间红包雨, 结束! 🕛 0.016 秒
Apr 25 12:01:04 
Apr 25 12:32:23 
Apr 25 12:32:23 🔔超级直播间红包雨, 开始!
Apr 25 12:32:23 
Apr 25 12:32:23 ====================共0个京东账号Cookie=========
Apr 25 12:32:23 
Apr 25 12:32:23 ==================脚本执行- 北京时间(UTC+8)：4/25/2021, 12:32:23 PM=====================
Apr 25 12:32:23 
Apr 25 12:32:23 
Apr 25 12:32:23 ==============📣系统通知📣==============
Apr 25 12:32:23 超级直播间红包雨
Apr 25 12:32:23 【提示】请先获取京东账号一cookie
Apr 25 12:32:23 直接使用NobyDa的京东签到获取
Apr 25 12:32:23 https://bean.m.jd.com/
Apr 25 12:32:23 
Apr 25 12:32:23 🔔超级直播间红包雨, 结束! 🕛 0.018 秒
Apr 25 12:32:23 
Apr 25 13:01:15 
Apr 25 13:01:15 🔔超级直播间红包雨, 开始!
Apr 25 13:01:15 
Apr 25 13:01:15 ====================共0个京东账号Cookie=========
Apr 25 13:01:15 
Apr 25 13:01:15 ==================脚本执行- 北京时间(UTC+8)：4/25/2021, 1:01:15 PM=====================
Apr 25 13:01:15 
Apr 25 13:01:15 
Apr 25 13:01:15 ==============📣系统通知📣==============
Apr 25 13:01:15 超级直播间红包雨
Apr 25 13:01:15 【提示】请先获取京东账号一cookie
Apr 25 13:01:15 直接使用NobyDa的京东签到获取
Apr 25 13:01:15 https://bean.m.jd.com/
Apr 25 13:01:15 
Apr 25 13:01:15 🔔超级直播间红包雨, 结束! 🕛 0.019 秒
Apr 25 13:01:15 
Apr 25 13:31:58 
Apr 25 13:31:58 🔔超级直播间红包雨, 开始!
Apr 25 13:31:58 
Apr 25 13:31:58 ====================共0个京东账号Cookie=========
Apr 25 13:31:58 
Apr 25 13:31:58 ==================脚本执行- 北京时间(UTC+8)：4/25/2021, 1:31:58 PM=====================
Apr 25 13:31:58 
Apr 25 13:31:58 
Apr 25 13:31:58 ==============📣系统通知📣==============
Apr 25 13:31:58 超级直播间红包雨
Apr 25 13:31:58 【提示】请先获取京东账号一cookie
Apr 25 13:31:58 直接使用NobyDa的京东签到获取
Apr 25 13:31:58 https://bean.m.jd.com/
Apr 25 13:31:58 
Apr 25 13:31:58 🔔超级直播间红包雨, 结束! 🕛 0.019 秒
Apr 25 13:31:58 
Apr 25 14:01:28 
Apr 25 14:01:28 🔔超级直播间红包雨, 开始!
Apr 25 14:01:28 
Apr 25 14:01:28 ====================共0个京东账号Cookie=========
Apr 25 14:01:28 
Apr 25 14:01:28 ==================脚本执行- 北京时间(UTC+8)：4/25/2021, 2:01:28 PM=====================
Apr 25 14:01:28 
Apr 25 14:01:28 
Apr 25 14:01:28 ==============📣系统通知📣==============
Apr 25 14:01:28 超级直播间红包雨
Apr 25 14:01:28 【提示】请先获取京东账号一cookie
Apr 25 14:01:28 直接使用NobyDa的京东签到获取
Apr 25 14:01:28 https://bean.m.jd.com/
Apr 25 14:01:28 
Apr 25 14:01:28 🔔超级直播间红包雨, 结束! 🕛 0.016 秒
Apr 25 14:01:28 
Apr 25 14:32:51 
Apr 25 14:32:51 🔔超级直播间红包雨, 开始!
Apr 25 14:32:51 
Apr 25 14:32:51 ====================共0个京东账号Cookie=========
Apr 25 14:32:51 
Apr 25 14:32:52 ==================脚本执行- 北京时间(UTC+8)：4/25/2021, 2:32:51 PM=====================
Apr 25 14:32:52 
Apr 25 14:32:52 
Apr 25 14:32:52 ==============📣系统通知📣==============
Apr 25 14:32:52 超级直播间红包雨
Apr 25 14:32:52 【提示】请先获取京东账号一cookie
Apr 25 14:32:52 直接使用NobyDa的京东签到获取
Apr 25 14:32:52 https://bean.m.jd.com/
Apr 25 14:32:52 
Apr 25 14:32:52 🔔超级直播间红包雨, 结束! 🕛 0.018 秒
Apr 25 14:32:52 
Apr 25 15:01:16 
Apr 25 15:01:16 🔔超级直播间红包雨, 开始!
Apr 25 15:01:16 
Apr 25 15:01:16 ====================共0个京东账号Cookie=========
Apr 25 15:01:16 
Apr 25 15:01:16 ==================脚本执行- 北京时间(UTC+8)：4/25/2021, 3:01:16 PM=====================
Apr 25 15:01:16 
Apr 25 15:01:16 
Apr 25 15:01:16 ==============📣系统通知📣==============
Apr 25 15:01:16 超级直播间红包雨
Apr 25 15:01:16 【提示】请先获取京东账号一cookie
Apr 25 15:01:16 直接使用NobyDa的京东签到获取
Apr 25 15:01:16 https://bean.m.jd.com/
Apr 25 15:01:16 
Apr 25 15:01:16 🔔超级直播间红包雨, 结束! 🕛 0.044 秒
Apr 25 15:01:16 
Apr 25 15:32:03 
Apr 25 15:32:03 🔔超级直播间红包雨, 开始!
Apr 25 15:32:03 
Apr 25 15:32:03 ====================共0个京东账号Cookie=========
Apr 25 15:32:03 
Apr 25 15:32:03 ==================脚本执行- 北京时间(UTC+8)：4/25/2021, 3:32:03 PM=====================
Apr 25 15:32:03 
Apr 25 15:32:03 
Apr 25 15:32:03 ==============📣系统通知📣==============
Apr 25 15:32:03 超级直播间红包雨
Apr 25 15:32:03 【提示】请先获取京东账号一cookie
Apr 25 15:32:03 直接使用NobyDa的京东签到获取
Apr 25 15:32:03 https://bean.m.jd.com/
Apr 25 15:32:03 
Apr 25 15:32:03 🔔超级直播间红包雨, 结束! 🕛 0.023 秒
Apr 25 15:32:03 
Apr 25 16:02:22 
Apr 25 16:02:22 🔔超级直播间红包雨, 开始!
Apr 25 16:02:22 
Apr 25 16:02:22 ====================共0个京东账号Cookie=========
Apr 25 16:02:22 
Apr 25 16:02:22 ==================脚本执行- 北京时间(UTC+8)：4/25/2021, 4:02:22 PM=====================
Apr 25 16:02:22 
Apr 25 16:02:22 
Apr 25 16:02:22 ==============📣系统通知📣==============
Apr 25 16:02:22 超级直播间红包雨
Apr 25 16:02:22 【提示】请先获取京东账号一cookie
Apr 25 16:02:22 直接使用NobyDa的京东签到获取
Apr 25 16:02:22 https://bean.m.jd.com/
Apr 25 16:02:22 
Apr 25 16:02:22 🔔超级直播间红包雨, 结束! 🕛 0.02 秒
Apr 25 16:02:22 
Apr 25 16:31:32 
Apr 25 16:31:32 🔔超级直播间红包雨, 开始!
Apr 25 16:31:32 
Apr 25 16:31:32 ====================共0个京东账号Cookie=========
Apr 25 16:31:32 
Apr 25 16:31:32 ==================脚本执行- 北京时间(UTC+8)：4/25/2021, 4:31:32 PM=====================
Apr 25 16:31:32 
Apr 25 16:31:32 
Apr 25 16:31:32 ==============📣系统通知📣==============
Apr 25 16:31:32 超级直播间红包雨
Apr 25 16:31:32 【提示】请先获取京东账号一cookie
Apr 25 16:31:32 直接使用NobyDa的京东签到获取
Apr 25 16:31:32 https://bean.m.jd.com/
Apr 25 16:31:32 
Apr 25 16:31:32 🔔超级直播间红包雨, 结束! 🕛 0.014 秒
Apr 25 16:31:32 
Apr 25 17:02:50 
Apr 25 17:02:50 🔔超级直播间红包雨, 开始!
Apr 25 17:02:50 
Apr 25 17:02:50 ====================共0个京东账号Cookie=========
Apr 25 17:02:50 
Apr 25 17:02:50 ==================脚本执行- 北京时间(UTC+8)：4/25/2021, 5:02:50 PM=====================
Apr 25 17:02:50 
Apr 25 17:02:50 
Apr 25 17:02:50 ==============📣系统通知📣==============
Apr 25 17:02:50 超级直播间红包雨
Apr 25 17:02:50 【提示】请先获取京东账号一cookie
Apr 25 17:02:50 直接使用NobyDa的京东签到获取
Apr 25 17:02:50 https://bean.m.jd.com/
Apr 25 17:02:50 
Apr 25 17:02:50 🔔超级直播间红包雨, 结束! 🕛 0.018 秒
Apr 25 17:02:50 
Apr 25 17:32:32 
Apr 25 17:32:32 🔔超级直播间红包雨, 开始!
Apr 25 17:32:32 
Apr 25 17:32:32 ====================共0个京东账号Cookie=========
Apr 25 17:32:32 
Apr 25 17:32:32 ==================脚本执行- 北京时间(UTC+8)：4/25/2021, 5:32:32 PM=====================
Apr 25 17:32:32 
Apr 25 17:32:32 
Apr 25 17:32:32 ==============📣系统通知📣==============
Apr 25 17:32:32 超级直播间红包雨
Apr 25 17:32:32 【提示】请先获取京东账号一cookie
Apr 25 17:32:32 直接使用NobyDa的京东签到获取
Apr 25 17:32:32 https://bean.m.jd.com/
Apr 25 17:32:32 
Apr 25 17:32:32 🔔超级直播间红包雨, 结束! 🕛 0.023 秒
Apr 25 17:32:32 
Apr 25 18:01:51 
Apr 25 18:01:51 🔔超级直播间红包雨, 开始!
Apr 25 18:01:51 
Apr 25 18:01:51 ====================共0个京东账号Cookie=========
Apr 25 18:01:51 
Apr 25 18:01:51 ==================脚本执行- 北京时间(UTC+8)：4/25/2021, 6:01:51 PM=====================
Apr 25 18:01:51 
Apr 25 18:01:51 
Apr 25 18:01:51 ==============📣系统通知📣==============
Apr 25 18:01:51 超级直播间红包雨
Apr 25 18:01:51 【提示】请先获取京东账号一cookie
Apr 25 18:01:51 直接使用NobyDa的京东签到获取
Apr 25 18:01:51 https://bean.m.jd.com/
Apr 25 18:01:51 
Apr 25 18:01:51 🔔超级直播间红包雨, 结束! 🕛 0.019 秒
Apr 25 18:01:51 
Apr 25 18:32:58 
Apr 25 18:32:58 🔔超级直播间红包雨, 开始!
Apr 25 18:32:58 
Apr 25 18:32:58 ====================共0个京东账号Cookie=========
Apr 25 18:32:58 
Apr 25 18:32:58 ==================脚本执行- 北京时间(UTC+8)：4/25/2021, 6:32:58 PM=====================
Apr 25 18:32:58 
Apr 25 18:32:58 
Apr 25 18:32:58 ==============📣系统通知📣==============
Apr 25 18:32:58 超级直播间红包雨
Apr 25 18:32:58 【提示】请先获取京东账号一cookie
Apr 25 18:32:58 直接使用NobyDa的京东签到获取
Apr 25 18:32:58 https://bean.m.jd.com/
Apr 25 18:32:58 
Apr 25 18:32:58 🔔超级直播间红包雨, 结束! 🕛 0.025 秒
Apr 25 18:32:58 
Apr 25 19:02:17 
Apr 25 19:02:17 🔔超级直播间红包雨, 开始!
Apr 25 19:02:17 
Apr 25 19:02:17 ====================共0个京东账号Cookie=========
Apr 25 19:02:17 
Apr 25 19:02:17 ==================脚本执行- 北京时间(UTC+8)：4/25/2021, 7:02:17 PM=====================
Apr 25 19:02:17 
Apr 25 19:02:17 
Apr 25 19:02:17 ==============📣系统通知📣==============
Apr 25 19:02:17 超级直播间红包雨
Apr 25 19:02:17 【提示】请先获取京东账号一cookie
Apr 25 19:02:17 直接使用NobyDa的京东签到获取
Apr 25 19:02:17 https://bean.m.jd.com/
Apr 25 19:02:17 
Apr 25 19:02:17 🔔超级直播间红包雨, 结束! 🕛 0.018 秒
Apr 25 19:02:17 
Apr 25 19:32:08 
Apr 25 19:32:08 🔔超级直播间红包雨, 开始!
Apr 25 19:32:08 
Apr 25 19:32:08 ====================共0个京东账号Cookie=========
Apr 25 19:32:08 
Apr 25 19:32:08 ==================脚本执行- 北京时间(UTC+8)：4/25/2021, 7:32:08 PM=====================
Apr 25 19:32:08 
Apr 25 19:32:08 
Apr 25 19:32:08 ==============📣系统通知📣==============
Apr 25 19:32:08 超级直播间红包雨
Apr 25 19:32:08 【提示】请先获取京东账号一cookie
Apr 25 19:32:08 直接使用NobyDa的京东签到获取
Apr 25 19:32:08 https://bean.m.jd.com/
Apr 25 19:32:08 
Apr 25 19:32:08 🔔超级直播间红包雨, 结束! 🕛 0.018 秒
Apr 25 19:32:08 
Apr 25 20:02:23 
Apr 25 20:02:23 🔔超级直播间红包雨, 开始!
Apr 25 20:02:23 
Apr 25 20:02:23 ====================共0个京东账号Cookie=========
Apr 25 20:02:23 
Apr 25 20:02:23 ==================脚本执行- 北京时间(UTC+8)：4/25/2021, 8:02:23 PM=====================
Apr 25 20:02:23 
Apr 25 20:02:23 
Apr 25 20:02:23 ==============📣系统通知📣==============
Apr 25 20:02:23 超级直播间红包雨
Apr 25 20:02:23 【提示】请先获取京东账号一cookie
Apr 25 20:02:23 直接使用NobyDa的京东签到获取
Apr 25 20:02:23 https://bean.m.jd.com/
Apr 25 20:02:23 
Apr 25 20:02:23 🔔超级直播间红包雨, 结束! 🕛 0.021 秒
Apr 25 20:02:23 
Apr 25 20:32:19 
Apr 25 20:32:19 🔔超级直播间红包雨, 开始!
Apr 25 20:32:19 
Apr 25 20:32:19 ====================共0个京东账号Cookie=========
Apr 25 20:32:19 
Apr 25 20:32:19 ==================脚本执行- 北京时间(UTC+8)：4/25/2021, 8:32:19 PM=====================
Apr 25 20:32:19 
Apr 25 20:32:19 
Apr 25 20:32:19 ==============📣系统通知📣==============
Apr 25 20:32:19 超级直播间红包雨
Apr 25 20:32:19 【提示】请先获取京东账号一cookie
Apr 25 20:32:19 直接使用NobyDa的京东签到获取
Apr 25 20:32:19 https://bean.m.jd.com/
Apr 25 20:32:19 
Apr 25 20:32:19 🔔超级直播间红包雨, 结束! 🕛 0.018 秒
Apr 25 20:32:19 
Apr 25 21:02:50 
Apr 25 21:02:50 🔔超级直播间红包雨, 开始!
Apr 25 21:02:50 
Apr 25 21:02:50 ====================共0个京东账号Cookie=========
Apr 25 21:02:50 
Apr 25 21:02:50 ==================脚本执行- 北京时间(UTC+8)：4/25/2021, 9:02:50 PM=====================
Apr 25 21:02:50 
Apr 25 21:02:50 
Apr 25 21:02:50 ==============📣系统通知📣==============
Apr 25 21:02:50 超级直播间红包雨
Apr 25 21:02:50 【提示】请先获取京东账号一cookie
Apr 25 21:02:50 直接使用NobyDa的京东签到获取
Apr 25 21:02:50 https://bean.m.jd.com/
Apr 25 21:02:50 
Apr 25 21:02:50 🔔超级直播间红包雨, 结束! 🕛 0.017 秒
Apr 25 21:02:50 
Apr 25 21:32:10 
Apr 25 21:32:10 🔔超级直播间红包雨, 开始!
Apr 25 21:32:10 
Apr 25 21:32:10 ====================共0个京东账号Cookie=========
Apr 25 21:32:10 
Apr 25 21:32:10 ==================脚本执行- 北京时间(UTC+8)：4/25/2021, 9:32:10 PM=====================
Apr 25 21:32:10 
Apr 25 21:32:10 
Apr 25 21:32:10 ==============📣系统通知📣==============
Apr 25 21:32:10 超级直播间红包雨
Apr 25 21:32:10 【提示】请先获取京东账号一cookie
Apr 25 21:32:10 直接使用NobyDa的京东签到获取
Apr 25 21:32:10 https://bean.m.jd.com/
Apr 25 21:32:10 
Apr 25 21:32:10 🔔超级直播间红包雨, 结束! 🕛 0.018 秒
Apr 25 21:32:10 
Apr 25 22:02:41 
Apr 25 22:02:41 🔔超级直播间红包雨, 开始!
Apr 25 22:02:41 
Apr 25 22:02:41 ====================共0个京东账号Cookie=========
Apr 25 22:02:41 
Apr 25 22:02:41 ==================脚本执行- 北京时间(UTC+8)：4/25/2021, 10:02:41 PM=====================
Apr 25 22:02:41 
Apr 25 22:02:41 
Apr 25 22:02:41 ==============📣系统通知📣==============
Apr 25 22:02:41 超级直播间红包雨
Apr 25 22:02:41 【提示】请先获取京东账号一cookie
Apr 25 22:02:41 直接使用NobyDa的京东签到获取
Apr 25 22:02:41 https://bean.m.jd.com/
Apr 25 22:02:41 
Apr 25 22:02:41 🔔超级直播间红包雨, 结束! 🕛 0.018 秒
Apr 25 22:02:41 
Apr 25 22:32:57 
Apr 25 22:32:57 🔔超级直播间红包雨, 开始!
Apr 25 22:32:57 
Apr 25 22:32:57 ====================共0个京东账号Cookie=========
Apr 25 22:32:57 
Apr 25 22:32:57 ==================脚本执行- 北京时间(UTC+8)：4/25/2021, 10:32:57 PM=====================
Apr 25 22:32:57 
Apr 25 22:32:57 
Apr 25 22:32:57 ==============📣系统通知📣==============
Apr 25 22:32:57 超级直播间红包雨
Apr 25 22:32:57 【提示】请先获取京东账号一cookie
Apr 25 22:32:57 直接使用NobyDa的京东签到获取
Apr 25 22:32:57 https://bean.m.jd.com/
Apr 25 22:32:57 
Apr 25 22:32:57 🔔超级直播间红包雨, 结束! 🕛 0.019 秒
Apr 25 22:32:57 
