Apr 24 23:50:05 
Apr 24 23:50:05 🔔京东直播, 开始!
Apr 24 23:50:05 
Apr 24 23:50:05 ====================共0个京东账号Cookie=========
Apr 24 23:50:05 
Apr 24 23:50:05 ==================脚本执行- 北京时间(UTC+8)：4/24/2021, 11:50:05 PM=====================
Apr 24 23:50:05 
Apr 24 23:50:05 
Apr 24 23:50:05 ==============📣系统通知📣==============
Apr 24 23:50:05 京东直播
Apr 24 23:50:05 【提示】请先获取京东账号一cookie
Apr 24 23:50:05 直接使用NobyDa的京东签到获取
Apr 24 23:50:05 https://bean.m.jd.com/bean/signIndex.action
Apr 24 23:50:05 
Apr 24 23:50:05 🔔京东直播, 结束! 🕛 0.079 秒
Apr 24 23:50:05 
Apr 25 12:30:17 
Apr 25 12:30:17 🔔京东直播, 开始!
Apr 25 12:30:17 
Apr 25 12:30:17 ====================共0个京东账号Cookie=========
Apr 25 12:30:17 
Apr 25 12:30:17 ==================脚本执行- 北京时间(UTC+8)：4/25/2021, 12:30:17 PM=====================
Apr 25 12:30:17 
Apr 25 12:30:17 
Apr 25 12:30:17 ==============📣系统通知📣==============
Apr 25 12:30:17 京东直播
Apr 25 12:30:17 【提示】请先获取京东账号一cookie
Apr 25 12:30:17 直接使用NobyDa的京东签到获取
Apr 25 12:30:17 https://bean.m.jd.com/bean/signIndex.action
Apr 25 12:30:17 
Apr 25 12:30:17 🔔京东直播, 结束! 🕛 0.015 秒
Apr 25 12:30:17 
Apr 25 12:35:14 
Apr 25 12:35:14 🔔京东直播, 开始!
Apr 25 12:35:14 
Apr 25 12:35:14 ====================共0个京东账号Cookie=========
Apr 25 12:35:14 
Apr 25 12:35:14 ==================脚本执行- 北京时间(UTC+8)：4/25/2021, 12:35:14 PM=====================
Apr 25 12:35:14 
Apr 25 12:35:14 
Apr 25 12:35:14 ==============📣系统通知📣==============
Apr 25 12:35:14 京东直播
Apr 25 12:35:14 【提示】请先获取京东账号一cookie
Apr 25 12:35:14 直接使用NobyDa的京东签到获取
Apr 25 12:35:14 https://bean.m.jd.com/bean/signIndex.action
Apr 25 12:35:14 
Apr 25 12:35:14 🔔京东直播, 结束! 🕛 0.02 秒
Apr 25 12:35:14 
Apr 25 12:41:46 
Apr 25 12:41:46 🔔京东直播, 开始!
Apr 25 12:41:46 
Apr 25 12:41:46 ====================共0个京东账号Cookie=========
Apr 25 12:41:46 
Apr 25 12:41:46 ==================脚本执行- 北京时间(UTC+8)：4/25/2021, 12:41:46 PM=====================
Apr 25 12:41:46 
Apr 25 12:41:46 
Apr 25 12:41:46 ==============📣系统通知📣==============
Apr 25 12:41:46 京东直播
Apr 25 12:41:46 【提示】请先获取京东账号一cookie
Apr 25 12:41:46 直接使用NobyDa的京东签到获取
Apr 25 12:41:46 https://bean.m.jd.com/bean/signIndex.action
Apr 25 12:41:46 
Apr 25 12:41:46 🔔京东直播, 结束! 🕛 0.016 秒
Apr 25 12:41:46 
Apr 25 12:46:41 
Apr 25 12:46:41 🔔京东直播, 开始!
Apr 25 12:46:41 
Apr 25 12:46:41 ====================共0个京东账号Cookie=========
Apr 25 12:46:41 
Apr 25 12:46:41 ==================脚本执行- 北京时间(UTC+8)：4/25/2021, 12:46:41 PM=====================
Apr 25 12:46:41 
Apr 25 12:46:41 
Apr 25 12:46:41 ==============📣系统通知📣==============
Apr 25 12:46:41 京东直播
Apr 25 12:46:41 【提示】请先获取京东账号一cookie
Apr 25 12:46:41 直接使用NobyDa的京东签到获取
Apr 25 12:46:41 https://bean.m.jd.com/bean/signIndex.action
Apr 25 12:46:41 
Apr 25 12:46:41 🔔京东直播, 结束! 🕛 0.019 秒
Apr 25 12:46:41 
Apr 25 12:51:06 
Apr 25 12:51:06 🔔京东直播, 开始!
Apr 25 12:51:06 
Apr 25 12:51:06 ====================共0个京东账号Cookie=========
Apr 25 12:51:06 
Apr 25 12:51:06 ==================脚本执行- 北京时间(UTC+8)：4/25/2021, 12:51:06 PM=====================
Apr 25 12:51:06 
Apr 25 12:51:06 
Apr 25 12:51:06 ==============📣系统通知📣==============
Apr 25 12:51:06 京东直播
Apr 25 12:51:06 【提示】请先获取京东账号一cookie
Apr 25 12:51:06 直接使用NobyDa的京东签到获取
Apr 25 12:51:06 https://bean.m.jd.com/bean/signIndex.action
Apr 25 12:51:06 
Apr 25 12:51:06 🔔京东直播, 结束! 🕛 0.017 秒
Apr 25 12:51:06 
