Apr 25 00:23:07 
Apr 25 00:23:07 🔔京东摇钱树, 开始!
Apr 25 00:23:07 
Apr 25 00:23:07 ====================共0个京东账号Cookie=========
Apr 25 00:23:07 
Apr 25 00:23:07 ==================脚本执行- 北京时间(UTC+8)：4/25/2021, 12:23:07 AM=====================
Apr 25 00:23:07 
Apr 25 00:23:07 
Apr 25 00:23:07 ==============📣系统通知📣==============
Apr 25 00:23:07 京东摇钱树
Apr 25 00:23:07 【提示】请先获取cookie
Apr 25 00:23:07 直接使用NobyDa的京东签到获取
Apr 25 00:23:07 https://bean.m.jd.com/bean/signIndex.action
Apr 25 00:23:07 
Apr 25 00:23:07 🔔京东摇钱树, 结束! 🕛 0.019 秒
Apr 25 00:23:07 
Apr 25 02:24:46 
Apr 25 02:24:46 🔔京东摇钱树, 开始!
Apr 25 02:24:46 
Apr 25 02:24:46 ====================共0个京东账号Cookie=========
Apr 25 02:24:46 
Apr 25 02:24:46 ==================脚本执行- 北京时间(UTC+8)：4/25/2021, 2:24:46 AM=====================
Apr 25 02:24:46 
Apr 25 02:24:46 
Apr 25 02:24:46 ==============📣系统通知📣==============
Apr 25 02:24:46 京东摇钱树
Apr 25 02:24:46 【提示】请先获取cookie
Apr 25 02:24:46 直接使用NobyDa的京东签到获取
Apr 25 02:24:46 https://bean.m.jd.com/bean/signIndex.action
Apr 25 02:24:46 
Apr 25 02:24:46 🔔京东摇钱树, 结束! 🕛 0.02 秒
Apr 25 02:24:46 
Apr 25 04:23:59 
Apr 25 04:23:59 🔔京东摇钱树, 开始!
Apr 25 04:23:59 
Apr 25 04:23:59 ====================共0个京东账号Cookie=========
Apr 25 04:23:59 
Apr 25 04:23:59 ==================脚本执行- 北京时间(UTC+8)：4/25/2021, 4:23:59 AM=====================
Apr 25 04:23:59 
Apr 25 04:23:59 
Apr 25 04:23:59 ==============📣系统通知📣==============
Apr 25 04:23:59 京东摇钱树
Apr 25 04:23:59 【提示】请先获取cookie
Apr 25 04:23:59 直接使用NobyDa的京东签到获取
Apr 25 04:23:59 https://bean.m.jd.com/bean/signIndex.action
Apr 25 04:23:59 
Apr 25 04:23:59 🔔京东摇钱树, 结束! 🕛 0.017 秒
Apr 25 04:23:59 
Apr 25 06:23:14 
Apr 25 06:23:14 🔔京东摇钱树, 开始!
Apr 25 06:23:14 
Apr 25 06:23:14 ====================共0个京东账号Cookie=========
Apr 25 06:23:14 
Apr 25 06:23:14 ==================脚本执行- 北京时间(UTC+8)：4/25/2021, 6:23:14 AM=====================
Apr 25 06:23:14 
Apr 25 06:23:14 
Apr 25 06:23:14 ==============📣系统通知📣==============
Apr 25 06:23:14 京东摇钱树
Apr 25 06:23:14 【提示】请先获取cookie
Apr 25 06:23:14 直接使用NobyDa的京东签到获取
Apr 25 06:23:14 https://bean.m.jd.com/bean/signIndex.action
Apr 25 06:23:14 
Apr 25 06:23:14 🔔京东摇钱树, 结束! 🕛 0.018 秒
Apr 25 06:23:14 
Apr 25 08:23:46 
Apr 25 08:23:46 🔔京东摇钱树, 开始!
Apr 25 08:23:46 
Apr 25 08:23:46 ====================共0个京东账号Cookie=========
Apr 25 08:23:46 
Apr 25 08:23:46 ==================脚本执行- 北京时间(UTC+8)：4/25/2021, 8:23:46 AM=====================
Apr 25 08:23:46 
Apr 25 08:23:46 
Apr 25 08:23:46 ==============📣系统通知📣==============
Apr 25 08:23:46 京东摇钱树
Apr 25 08:23:46 【提示】请先获取cookie
Apr 25 08:23:46 直接使用NobyDa的京东签到获取
Apr 25 08:23:46 https://bean.m.jd.com/bean/signIndex.action
Apr 25 08:23:46 
Apr 25 08:23:46 🔔京东摇钱树, 结束! 🕛 0.019 秒
Apr 25 08:23:46 
Apr 25 10:23:57 
Apr 25 10:23:57 🔔京东摇钱树, 开始!
Apr 25 10:23:57 
Apr 25 10:23:57 ====================共0个京东账号Cookie=========
Apr 25 10:23:57 
Apr 25 10:23:57 ==================脚本执行- 北京时间(UTC+8)：4/25/2021, 10:23:57 AM=====================
Apr 25 10:23:57 
Apr 25 10:23:57 
Apr 25 10:23:57 ==============📣系统通知📣==============
Apr 25 10:23:57 京东摇钱树
Apr 25 10:23:57 【提示】请先获取cookie
Apr 25 10:23:57 直接使用NobyDa的京东签到获取
Apr 25 10:23:57 https://bean.m.jd.com/bean/signIndex.action
Apr 25 10:23:57 
Apr 25 10:23:57 🔔京东摇钱树, 结束! 🕛 0.02 秒
Apr 25 10:23:57 
Apr 25 12:24:53 
Apr 25 12:24:53 🔔京东摇钱树, 开始!
Apr 25 12:24:53 
Apr 25 12:24:53 ====================共0个京东账号Cookie=========
Apr 25 12:24:53 
Apr 25 12:24:53 ==================脚本执行- 北京时间(UTC+8)：4/25/2021, 12:24:53 PM=====================
Apr 25 12:24:53 
Apr 25 12:24:53 
Apr 25 12:24:53 ==============📣系统通知📣==============
Apr 25 12:24:53 京东摇钱树
Apr 25 12:24:53 【提示】请先获取cookie
Apr 25 12:24:53 直接使用NobyDa的京东签到获取
Apr 25 12:24:53 https://bean.m.jd.com/bean/signIndex.action
Apr 25 12:24:53 
Apr 25 12:24:53 🔔京东摇钱树, 结束! 🕛 0.02 秒
Apr 25 12:24:53 
Apr 25 14:23:49 
Apr 25 14:23:49 🔔京东摇钱树, 开始!
Apr 25 14:23:49 
Apr 25 14:23:49 ====================共0个京东账号Cookie=========
Apr 25 14:23:49 
Apr 25 14:23:49 ==================脚本执行- 北京时间(UTC+8)：4/25/2021, 2:23:49 PM=====================
Apr 25 14:23:49 
Apr 25 14:23:49 
Apr 25 14:23:49 ==============📣系统通知📣==============
Apr 25 14:23:49 京东摇钱树
Apr 25 14:23:49 【提示】请先获取cookie
Apr 25 14:23:49 直接使用NobyDa的京东签到获取
Apr 25 14:23:49 https://bean.m.jd.com/bean/signIndex.action
Apr 25 14:23:49 
Apr 25 14:23:49 🔔京东摇钱树, 结束! 🕛 0.018 秒
Apr 25 14:23:49 
Apr 25 16:24:27 
Apr 25 16:24:27 🔔京东摇钱树, 开始!
Apr 25 16:24:27 
Apr 25 16:24:27 ====================共0个京东账号Cookie=========
Apr 25 16:24:27 
Apr 25 16:24:27 ==================脚本执行- 北京时间(UTC+8)：4/25/2021, 4:24:27 PM=====================
Apr 25 16:24:27 
Apr 25 16:24:27 
Apr 25 16:24:27 ==============📣系统通知📣==============
Apr 25 16:24:27 京东摇钱树
Apr 25 16:24:27 【提示】请先获取cookie
Apr 25 16:24:27 直接使用NobyDa的京东签到获取
Apr 25 16:24:27 https://bean.m.jd.com/bean/signIndex.action
Apr 25 16:24:27 
Apr 25 16:24:27 🔔京东摇钱树, 结束! 🕛 0.023 秒
Apr 25 16:24:27 
Apr 25 18:24:47 
Apr 25 18:24:47 🔔京东摇钱树, 开始!
Apr 25 18:24:47 
Apr 25 18:24:47 ====================共0个京东账号Cookie=========
Apr 25 18:24:47 
Apr 25 18:24:47 ==================脚本执行- 北京时间(UTC+8)：4/25/2021, 6:24:47 PM=====================
Apr 25 18:24:47 
Apr 25 18:24:47 
Apr 25 18:24:47 ==============📣系统通知📣==============
Apr 25 18:24:47 京东摇钱树
Apr 25 18:24:47 【提示】请先获取cookie
Apr 25 18:24:47 直接使用NobyDa的京东签到获取
Apr 25 18:24:47 https://bean.m.jd.com/bean/signIndex.action
Apr 25 18:24:47 
Apr 25 18:24:47 🔔京东摇钱树, 结束! 🕛 0.016 秒
Apr 25 18:24:47 
Apr 25 20:23:33 
Apr 25 20:23:33 🔔京东摇钱树, 开始!
Apr 25 20:23:33 
Apr 25 20:23:33 ====================共0个京东账号Cookie=========
Apr 25 20:23:33 
Apr 25 20:23:33 ==================脚本执行- 北京时间(UTC+8)：4/25/2021, 8:23:33 PM=====================
Apr 25 20:23:33 
Apr 25 20:23:33 
Apr 25 20:23:33 ==============📣系统通知📣==============
Apr 25 20:23:33 京东摇钱树
Apr 25 20:23:33 【提示】请先获取cookie
Apr 25 20:23:33 直接使用NobyDa的京东签到获取
Apr 25 20:23:33 https://bean.m.jd.com/bean/signIndex.action
Apr 25 20:23:33 
Apr 25 20:23:33 🔔京东摇钱树, 结束! 🕛 0.016 秒
Apr 25 20:23:33 
Apr 25 22:24:25 
Apr 25 22:24:25 🔔京东摇钱树, 开始!
Apr 25 22:24:25 
Apr 25 22:24:25 ====================共0个京东账号Cookie=========
Apr 25 22:24:25 
Apr 25 22:24:25 ==================脚本执行- 北京时间(UTC+8)：4/25/2021, 10:24:25 PM=====================
Apr 25 22:24:25 
Apr 25 22:24:25 
Apr 25 22:24:25 ==============📣系统通知📣==============
Apr 25 22:24:25 京东摇钱树
Apr 25 22:24:25 【提示】请先获取cookie
Apr 25 22:24:25 直接使用NobyDa的京东签到获取
Apr 25 22:24:25 https://bean.m.jd.com/bean/signIndex.action
Apr 25 22:24:25 
Apr 25 22:24:25 🔔京东摇钱树, 结束! 🕛 0.018 秒
Apr 25 22:24:25 
