Apr 25 00:10:41 
Apr 25 00:10:41 🔔5G超级盲盒, 开始!
Apr 25 00:10:41 
Apr 25 00:10:41 ====================共0个京东账号Cookie=========
Apr 25 00:10:41 
Apr 25 00:10:41 ==================脚本执行- 北京时间(UTC+8)：4/25/2021, 12:10:41 AM=====================
Apr 25 00:10:41 
Apr 25 00:10:41 
Apr 25 00:10:41 ==============📣系统通知📣==============
Apr 25 00:10:41 5G超级盲盒
Apr 25 00:10:41 【提示】请先获取京东账号一cookie
Apr 25 00:10:41 直接使用NobyDa的京东签到获取
Apr 25 00:10:41 https://bean.m.jd.com/bean/signIndex.action
Apr 25 00:10:41 
Apr 25 00:10:41 🔔5G超级盲盒, 结束! 🕛 0.016 秒
Apr 25 00:10:41 
Apr 25 01:11:14 
Apr 25 01:11:14 🔔5G超级盲盒, 开始!
Apr 25 01:11:14 
Apr 25 01:11:14 ====================共0个京东账号Cookie=========
Apr 25 01:11:14 
Apr 25 01:11:14 ==================脚本执行- 北京时间(UTC+8)：4/25/2021, 1:11:14 AM=====================
Apr 25 01:11:14 
Apr 25 01:11:14 
Apr 25 01:11:14 ==============📣系统通知📣==============
Apr 25 01:11:14 5G超级盲盒
Apr 25 01:11:14 【提示】请先获取京东账号一cookie
Apr 25 01:11:14 直接使用NobyDa的京东签到获取
Apr 25 01:11:14 https://bean.m.jd.com/bean/signIndex.action
Apr 25 01:11:14 
Apr 25 01:11:14 🔔5G超级盲盒, 结束! 🕛 0.019 秒
Apr 25 01:11:14 
Apr 25 05:10:17 
Apr 25 05:10:17 🔔5G超级盲盒, 开始!
Apr 25 05:10:17 
Apr 25 05:10:17 ====================共0个京东账号Cookie=========
Apr 25 05:10:17 
Apr 25 05:10:17 ==================脚本执行- 北京时间(UTC+8)：4/25/2021, 5:10:17 AM=====================
Apr 25 05:10:17 
Apr 25 05:10:17 
Apr 25 05:10:17 ==============📣系统通知📣==============
Apr 25 05:10:17 5G超级盲盒
Apr 25 05:10:17 【提示】请先获取京东账号一cookie
Apr 25 05:10:17 直接使用NobyDa的京东签到获取
Apr 25 05:10:17 https://bean.m.jd.com/bean/signIndex.action
Apr 25 05:10:17 
Apr 25 05:10:17 🔔5G超级盲盒, 结束! 🕛 0.018 秒
Apr 25 05:10:17 
Apr 25 09:11:22 
Apr 25 09:11:22 🔔5G超级盲盒, 开始!
Apr 25 09:11:22 
Apr 25 09:11:22 ====================共0个京东账号Cookie=========
Apr 25 09:11:22 
Apr 25 09:11:22 ==================脚本执行- 北京时间(UTC+8)：4/25/2021, 9:11:22 AM=====================
Apr 25 09:11:22 
Apr 25 09:11:22 
Apr 25 09:11:22 ==============📣系统通知📣==============
Apr 25 09:11:22 5G超级盲盒
Apr 25 09:11:22 【提示】请先获取京东账号一cookie
Apr 25 09:11:22 直接使用NobyDa的京东签到获取
Apr 25 09:11:22 https://bean.m.jd.com/bean/signIndex.action
Apr 25 09:11:22 
Apr 25 09:11:22 🔔5G超级盲盒, 结束! 🕛 0.018 秒
Apr 25 09:11:22 
Apr 25 13:11:22 
Apr 25 13:11:22 🔔5G超级盲盒, 开始!
Apr 25 13:11:22 
Apr 25 13:11:22 ====================共0个京东账号Cookie=========
Apr 25 13:11:22 
Apr 25 13:11:22 ==================脚本执行- 北京时间(UTC+8)：4/25/2021, 1:11:22 PM=====================
Apr 25 13:11:22 
Apr 25 13:11:22 
Apr 25 13:11:22 ==============📣系统通知📣==============
Apr 25 13:11:22 5G超级盲盒
Apr 25 13:11:22 【提示】请先获取京东账号一cookie
Apr 25 13:11:22 直接使用NobyDa的京东签到获取
Apr 25 13:11:22 https://bean.m.jd.com/bean/signIndex.action
Apr 25 13:11:22 
Apr 25 13:11:22 🔔5G超级盲盒, 结束! 🕛 0.019 秒
Apr 25 13:11:22 
Apr 25 17:10:28 
Apr 25 17:10:28 🔔5G超级盲盒, 开始!
Apr 25 17:10:28 
Apr 25 17:10:28 ====================共0个京东账号Cookie=========
Apr 25 17:10:28 
Apr 25 17:10:28 ==================脚本执行- 北京时间(UTC+8)：4/25/2021, 5:10:28 PM=====================
Apr 25 17:10:28 
Apr 25 17:10:28 
Apr 25 17:10:28 ==============📣系统通知📣==============
Apr 25 17:10:28 5G超级盲盒
Apr 25 17:10:28 【提示】请先获取京东账号一cookie
Apr 25 17:10:28 直接使用NobyDa的京东签到获取
Apr 25 17:10:28 https://bean.m.jd.com/bean/signIndex.action
Apr 25 17:10:28 
Apr 25 17:10:28 🔔5G超级盲盒, 结束! 🕛 0.016 秒
Apr 25 17:10:28 
Apr 25 21:10:15 
Apr 25 21:10:15 🔔5G超级盲盒, 开始!
Apr 25 21:10:15 
Apr 25 21:10:15 ====================共0个京东账号Cookie=========
Apr 25 21:10:15 
Apr 25 21:10:15 ==================脚本执行- 北京时间(UTC+8)：4/25/2021, 9:10:15 PM=====================
Apr 25 21:10:15 
Apr 25 21:10:15 
Apr 25 21:10:15 ==============📣系统通知📣==============
Apr 25 21:10:15 5G超级盲盒
Apr 25 21:10:15 【提示】请先获取京东账号一cookie
Apr 25 21:10:15 直接使用NobyDa的京东签到获取
Apr 25 21:10:15 https://bean.m.jd.com/bean/signIndex.action
Apr 25 21:10:15 
Apr 25 21:10:15 🔔5G超级盲盒, 结束! 🕛 0.022 秒
Apr 25 21:10:15 
