Apr 25 00:41:36 
Apr 25 00:41:36 🔔点点券, 开始!
Apr 25 00:41:36 
Apr 25 00:41:36 ====================共0个京东账号Cookie=========
Apr 25 00:41:36 
Apr 25 00:41:36 ==================脚本执行- 北京时间(UTC+8)：4/25/2021, 12:41:36 AM=====================
Apr 25 00:41:36 
Apr 25 00:41:36 
Apr 25 00:41:36 ==============📣系统通知📣==============
Apr 25 00:41:36 点点券
Apr 25 00:41:36 【提示】请先获取京东账号一cookie
Apr 25 00:41:36 直接使用NobyDa的京东签到获取
Apr 25 00:41:36 https://bean.m.jd.com/bean/signIndex.action
Apr 25 00:41:36 
Apr 25 00:41:36 🔔点点券, 结束! 🕛 0.014 秒
Apr 25 00:41:36 
Apr 25 20:40:43 
Apr 25 20:40:43 🔔点点券, 开始!
Apr 25 20:40:43 
Apr 25 20:40:43 ====================共0个京东账号Cookie=========
Apr 25 20:40:43 
Apr 25 20:40:43 ==================脚本执行- 北京时间(UTC+8)：4/25/2021, 8:40:43 PM=====================
Apr 25 20:40:43 
Apr 25 20:40:43 
Apr 25 20:40:43 ==============📣系统通知📣==============
Apr 25 20:40:43 点点券
Apr 25 20:40:43 【提示】请先获取京东账号一cookie
Apr 25 20:40:43 直接使用NobyDa的京东签到获取
Apr 25 20:40:43 https://bean.m.jd.com/bean/signIndex.action
Apr 25 20:40:43 
Apr 25 20:40:43 🔔点点券, 结束! 🕛 0.016 秒
Apr 25 20:40:43 
