Apr 25 07:11:47 
Apr 25 07:11:47 🔔京东种豆得豆, 开始!
Apr 25 07:11:47 开始获取种豆得豆配置文件
Apr 25 07:11:47 
Apr 25 07:11:47 
Apr 25 07:11:47 ====================共0个京东账号Cookie=========
Apr 25 07:11:47 
Apr 25 07:11:47 ==================脚本执行- 北京时间(UTC+8)：4/25/2021, 7:11:47 AM=====================
Apr 25 07:11:47 
Apr 25 07:11:47 您的种豆互助码选择的是用&隔开
Apr 25 07:11:47 
Apr 25 07:11:47 共0个京东账号
Apr 25 07:11:47 
Apr 25 07:11:47 您提供了13个账号的种豆得豆助力码
Apr 25 07:11:47 
Apr 25 07:11:47 
Apr 25 07:11:47 ==============📣系统通知📣==============
Apr 25 07:11:47 京东种豆得豆
Apr 25 07:11:47 【提示】请先获取京东账号一cookie
Apr 25 07:11:47 直接使用NobyDa的京东签到获取
Apr 25 07:11:47 https://bean.m.jd.com/bean/signIndex.action
Apr 25 07:11:47 
Apr 25 07:11:47 🔔京东种豆得豆, 结束! 🕛 0.023 秒
Apr 25 07:11:47 
Apr 25 08:10:54 
Apr 25 08:10:54 🔔京东种豆得豆, 开始!
Apr 25 08:10:54 开始获取种豆得豆配置文件
Apr 25 08:10:54 
Apr 25 08:10:54 
Apr 25 08:10:54 ====================共0个京东账号Cookie=========
Apr 25 08:10:54 
Apr 25 08:10:54 ==================脚本执行- 北京时间(UTC+8)：4/25/2021, 8:10:54 AM=====================
Apr 25 08:10:54 
Apr 25 08:10:54 您的种豆互助码选择的是用&隔开
Apr 25 08:10:54 
Apr 25 08:10:54 共0个京东账号
Apr 25 08:10:54 
Apr 25 08:10:54 您提供了13个账号的种豆得豆助力码
Apr 25 08:10:54 
Apr 25 08:10:54 
Apr 25 08:10:54 ==============📣系统通知📣==============
Apr 25 08:10:54 京东种豆得豆
Apr 25 08:10:54 【提示】请先获取京东账号一cookie
Apr 25 08:10:54 直接使用NobyDa的京东签到获取
Apr 25 08:10:54 https://bean.m.jd.com/bean/signIndex.action
Apr 25 08:10:54 
Apr 25 08:10:54 🔔京东种豆得豆, 结束! 🕛 0.022 秒
Apr 25 08:10:54 
Apr 25 09:11:45 
Apr 25 09:11:45 🔔京东种豆得豆, 开始!
Apr 25 09:11:45 开始获取种豆得豆配置文件
Apr 25 09:11:45 
Apr 25 09:11:45 
Apr 25 09:11:45 ====================共0个京东账号Cookie=========
Apr 25 09:11:45 
Apr 25 09:11:45 ==================脚本执行- 北京时间(UTC+8)：4/25/2021, 9:11:45 AM=====================
Apr 25 09:11:45 
Apr 25 09:11:45 您的种豆互助码选择的是用&隔开
Apr 25 09:11:45 
Apr 25 09:11:45 共0个京东账号
Apr 25 09:11:45 
Apr 25 09:11:45 您提供了13个账号的种豆得豆助力码
Apr 25 09:11:45 
Apr 25 09:11:45 
Apr 25 09:11:45 ==============📣系统通知📣==============
Apr 25 09:11:45 京东种豆得豆
Apr 25 09:11:45 【提示】请先获取京东账号一cookie
Apr 25 09:11:45 直接使用NobyDa的京东签到获取
Apr 25 09:11:45 https://bean.m.jd.com/bean/signIndex.action
Apr 25 09:11:45 
Apr 25 09:11:45 🔔京东种豆得豆, 结束! 🕛 0.017 秒
Apr 25 09:11:45 
Apr 25 10:10:30 
Apr 25 10:10:30 🔔京东种豆得豆, 开始!
Apr 25 10:10:30 开始获取种豆得豆配置文件
Apr 25 10:10:30 
Apr 25 10:10:30 
Apr 25 10:10:30 ====================共0个京东账号Cookie=========
Apr 25 10:10:30 
Apr 25 10:10:30 ==================脚本执行- 北京时间(UTC+8)：4/25/2021, 10:10:30 AM=====================
Apr 25 10:10:30 
Apr 25 10:10:30 您的种豆互助码选择的是用&隔开
Apr 25 10:10:30 
Apr 25 10:10:30 共0个京东账号
Apr 25 10:10:30 
Apr 25 10:10:30 您提供了13个账号的种豆得豆助力码
Apr 25 10:10:30 
Apr 25 10:10:30 
Apr 25 10:10:30 ==============📣系统通知📣==============
Apr 25 10:10:30 京东种豆得豆
Apr 25 10:10:30 【提示】请先获取京东账号一cookie
Apr 25 10:10:30 直接使用NobyDa的京东签到获取
Apr 25 10:10:30 https://bean.m.jd.com/bean/signIndex.action
Apr 25 10:10:30 
Apr 25 10:10:30 🔔京东种豆得豆, 结束! 🕛 0.019 秒
Apr 25 10:10:30 
Apr 25 11:11:28 
Apr 25 11:11:28 🔔京东种豆得豆, 开始!
Apr 25 11:11:28 开始获取种豆得豆配置文件
Apr 25 11:11:28 
Apr 25 11:11:28 
Apr 25 11:11:28 ====================共0个京东账号Cookie=========
Apr 25 11:11:28 
Apr 25 11:11:28 ==================脚本执行- 北京时间(UTC+8)：4/25/2021, 11:11:28 AM=====================
Apr 25 11:11:28 
Apr 25 11:11:28 您的种豆互助码选择的是用&隔开
Apr 25 11:11:28 
Apr 25 11:11:28 共0个京东账号
Apr 25 11:11:28 
Apr 25 11:11:28 您提供了13个账号的种豆得豆助力码
Apr 25 11:11:28 
Apr 25 11:11:28 
Apr 25 11:11:28 ==============📣系统通知📣==============
Apr 25 11:11:28 京东种豆得豆
Apr 25 11:11:28 【提示】请先获取京东账号一cookie
Apr 25 11:11:28 直接使用NobyDa的京东签到获取
Apr 25 11:11:28 https://bean.m.jd.com/bean/signIndex.action
Apr 25 11:11:28 
Apr 25 11:11:28 🔔京东种豆得豆, 结束! 🕛 0.033 秒
Apr 25 11:11:28 
Apr 25 12:11:32 
Apr 25 12:11:32 🔔京东种豆得豆, 开始!
Apr 25 12:11:32 开始获取种豆得豆配置文件
Apr 25 12:11:32 
Apr 25 12:11:32 
Apr 25 12:11:32 ====================共0个京东账号Cookie=========
Apr 25 12:11:32 
Apr 25 12:11:32 ==================脚本执行- 北京时间(UTC+8)：4/25/2021, 12:11:32 PM=====================
Apr 25 12:11:32 
Apr 25 12:11:32 您的种豆互助码选择的是用&隔开
Apr 25 12:11:32 
Apr 25 12:11:32 共0个京东账号
Apr 25 12:11:32 
Apr 25 12:11:32 您提供了13个账号的种豆得豆助力码
Apr 25 12:11:32 
Apr 25 12:11:32 
Apr 25 12:11:32 ==============📣系统通知📣==============
Apr 25 12:11:32 京东种豆得豆
Apr 25 12:11:32 【提示】请先获取京东账号一cookie
Apr 25 12:11:32 直接使用NobyDa的京东签到获取
Apr 25 12:11:32 https://bean.m.jd.com/bean/signIndex.action
Apr 25 12:11:32 
Apr 25 12:11:32 🔔京东种豆得豆, 结束! 🕛 0.017 秒
Apr 25 12:11:32 
Apr 25 13:11:56 
Apr 25 13:11:56 🔔京东种豆得豆, 开始!
Apr 25 13:11:56 开始获取种豆得豆配置文件
Apr 25 13:11:56 
Apr 25 13:11:56 
Apr 25 13:11:56 ====================共0个京东账号Cookie=========
Apr 25 13:11:56 
Apr 25 13:11:56 ==================脚本执行- 北京时间(UTC+8)：4/25/2021, 1:11:56 PM=====================
Apr 25 13:11:56 
Apr 25 13:11:56 您的种豆互助码选择的是用&隔开
Apr 25 13:11:56 
Apr 25 13:11:56 共0个京东账号
Apr 25 13:11:56 
Apr 25 13:11:56 您提供了13个账号的种豆得豆助力码
Apr 25 13:11:56 
Apr 25 13:11:56 
Apr 25 13:11:56 ==============📣系统通知📣==============
Apr 25 13:11:56 京东种豆得豆
Apr 25 13:11:56 【提示】请先获取京东账号一cookie
Apr 25 13:11:56 直接使用NobyDa的京东签到获取
Apr 25 13:11:56 https://bean.m.jd.com/bean/signIndex.action
Apr 25 13:11:56 
Apr 25 13:11:56 🔔京东种豆得豆, 结束! 🕛 0.021 秒
Apr 25 13:11:56 
Apr 25 14:10:16 
Apr 25 14:10:16 🔔京东种豆得豆, 开始!
Apr 25 14:10:16 开始获取种豆得豆配置文件
Apr 25 14:10:16 
Apr 25 14:10:16 
Apr 25 14:10:16 ====================共0个京东账号Cookie=========
Apr 25 14:10:16 
Apr 25 14:10:16 ==================脚本执行- 北京时间(UTC+8)：4/25/2021, 2:10:16 PM=====================
Apr 25 14:10:16 
Apr 25 14:10:16 您的种豆互助码选择的是用&隔开
Apr 25 14:10:16 
Apr 25 14:10:16 共0个京东账号
Apr 25 14:10:16 
Apr 25 14:10:16 您提供了13个账号的种豆得豆助力码
Apr 25 14:10:16 
Apr 25 14:10:16 
Apr 25 14:10:16 ==============📣系统通知📣==============
Apr 25 14:10:16 京东种豆得豆
Apr 25 14:10:16 【提示】请先获取京东账号一cookie
Apr 25 14:10:16 直接使用NobyDa的京东签到获取
Apr 25 14:10:16 https://bean.m.jd.com/bean/signIndex.action
Apr 25 14:10:16 
Apr 25 14:10:16 🔔京东种豆得豆, 结束! 🕛 0.015 秒
Apr 25 14:10:16 
Apr 25 15:10:53 
Apr 25 15:10:53 🔔京东种豆得豆, 开始!
Apr 25 15:10:53 开始获取种豆得豆配置文件
Apr 25 15:10:53 
Apr 25 15:10:53 
Apr 25 15:10:53 ====================共0个京东账号Cookie=========
Apr 25 15:10:53 
Apr 25 15:10:53 ==================脚本执行- 北京时间(UTC+8)：4/25/2021, 3:10:53 PM=====================
Apr 25 15:10:53 
Apr 25 15:10:53 您的种豆互助码选择的是用&隔开
Apr 25 15:10:53 
Apr 25 15:10:53 共0个京东账号
Apr 25 15:10:53 
Apr 25 15:10:53 您提供了13个账号的种豆得豆助力码
Apr 25 15:10:53 
Apr 25 15:10:53 
Apr 25 15:10:53 ==============📣系统通知📣==============
Apr 25 15:10:53 京东种豆得豆
Apr 25 15:10:53 【提示】请先获取京东账号一cookie
Apr 25 15:10:53 直接使用NobyDa的京东签到获取
Apr 25 15:10:53 https://bean.m.jd.com/bean/signIndex.action
Apr 25 15:10:53 
Apr 25 15:10:53 🔔京东种豆得豆, 结束! 🕛 0.024 秒
Apr 25 15:10:53 
Apr 25 16:11:27 
Apr 25 16:11:27 🔔京东种豆得豆, 开始!
Apr 25 16:11:27 开始获取种豆得豆配置文件
Apr 25 16:11:27 
Apr 25 16:11:27 
Apr 25 16:11:27 ====================共0个京东账号Cookie=========
Apr 25 16:11:27 
Apr 25 16:11:27 ==================脚本执行- 北京时间(UTC+8)：4/25/2021, 4:11:27 PM=====================
Apr 25 16:11:27 
Apr 25 16:11:27 您的种豆互助码选择的是用&隔开
Apr 25 16:11:27 
Apr 25 16:11:27 共0个京东账号
Apr 25 16:11:27 
Apr 25 16:11:27 您提供了13个账号的种豆得豆助力码
Apr 25 16:11:27 
Apr 25 16:11:27 
Apr 25 16:11:27 ==============📣系统通知📣==============
Apr 25 16:11:27 京东种豆得豆
Apr 25 16:11:27 【提示】请先获取京东账号一cookie
Apr 25 16:11:27 直接使用NobyDa的京东签到获取
Apr 25 16:11:27 https://bean.m.jd.com/bean/signIndex.action
Apr 25 16:11:27 
Apr 25 16:11:27 🔔京东种豆得豆, 结束! 🕛 0.019 秒
Apr 25 16:11:27 
Apr 25 17:10:02 
Apr 25 17:10:02 🔔京东种豆得豆, 开始!
Apr 25 17:10:02 开始获取种豆得豆配置文件
Apr 25 17:10:02 
Apr 25 17:10:02 
Apr 25 17:10:02 ====================共0个京东账号Cookie=========
Apr 25 17:10:02 
Apr 25 17:10:02 ==================脚本执行- 北京时间(UTC+8)：4/25/2021, 5:10:02 PM=====================
Apr 25 17:10:02 
Apr 25 17:10:02 您的种豆互助码选择的是用&隔开
Apr 25 17:10:02 
Apr 25 17:10:02 共0个京东账号
Apr 25 17:10:02 
Apr 25 17:10:02 您提供了13个账号的种豆得豆助力码
Apr 25 17:10:02 
Apr 25 17:10:02 
Apr 25 17:10:02 ==============📣系统通知📣==============
Apr 25 17:10:02 京东种豆得豆
Apr 25 17:10:02 【提示】请先获取京东账号一cookie
Apr 25 17:10:02 直接使用NobyDa的京东签到获取
Apr 25 17:10:02 https://bean.m.jd.com/bean/signIndex.action
Apr 25 17:10:02 
Apr 25 17:10:02 🔔京东种豆得豆, 结束! 🕛 0.018 秒
Apr 25 17:10:02 
Apr 25 18:10:20 
Apr 25 18:10:20 🔔京东种豆得豆, 开始!
Apr 25 18:10:20 开始获取种豆得豆配置文件
Apr 25 18:10:20 
Apr 25 18:10:20 
Apr 25 18:10:20 ====================共0个京东账号Cookie=========
Apr 25 18:10:20 
Apr 25 18:10:20 ==================脚本执行- 北京时间(UTC+8)：4/25/2021, 6:10:20 PM=====================
Apr 25 18:10:20 
Apr 25 18:10:20 您的种豆互助码选择的是用&隔开
Apr 25 18:10:20 
Apr 25 18:10:20 共0个京东账号
Apr 25 18:10:20 
Apr 25 18:10:20 您提供了13个账号的种豆得豆助力码
Apr 25 18:10:20 
Apr 25 18:10:20 
Apr 25 18:10:20 ==============📣系统通知📣==============
Apr 25 18:10:20 京东种豆得豆
Apr 25 18:10:20 【提示】请先获取京东账号一cookie
Apr 25 18:10:20 直接使用NobyDa的京东签到获取
Apr 25 18:10:20 https://bean.m.jd.com/bean/signIndex.action
Apr 25 18:10:20 
Apr 25 18:10:20 🔔京东种豆得豆, 结束! 🕛 0.017 秒
Apr 25 18:10:20 
Apr 25 19:11:45 
Apr 25 19:11:45 🔔京东种豆得豆, 开始!
Apr 25 19:11:45 开始获取种豆得豆配置文件
Apr 25 19:11:45 
Apr 25 19:11:45 
Apr 25 19:11:45 ====================共0个京东账号Cookie=========
Apr 25 19:11:45 
Apr 25 19:11:45 ==================脚本执行- 北京时间(UTC+8)：4/25/2021, 7:11:45 PM=====================
Apr 25 19:11:45 
Apr 25 19:11:45 您的种豆互助码选择的是用&隔开
Apr 25 19:11:45 
Apr 25 19:11:45 共0个京东账号
Apr 25 19:11:45 
Apr 25 19:11:45 您提供了13个账号的种豆得豆助力码
Apr 25 19:11:45 
Apr 25 19:11:45 
Apr 25 19:11:45 ==============📣系统通知📣==============
Apr 25 19:11:45 京东种豆得豆
Apr 25 19:11:45 【提示】请先获取京东账号一cookie
Apr 25 19:11:45 直接使用NobyDa的京东签到获取
Apr 25 19:11:45 https://bean.m.jd.com/bean/signIndex.action
Apr 25 19:11:45 
Apr 25 19:11:45 🔔京东种豆得豆, 结束! 🕛 0.026 秒
Apr 25 19:11:45 
Apr 25 20:10:08 
Apr 25 20:10:08 🔔京东种豆得豆, 开始!
Apr 25 20:10:08 开始获取种豆得豆配置文件
Apr 25 20:10:08 
Apr 25 20:10:08 
Apr 25 20:10:08 ====================共0个京东账号Cookie=========
Apr 25 20:10:08 
Apr 25 20:10:08 ==================脚本执行- 北京时间(UTC+8)：4/25/2021, 8:10:08 PM=====================
Apr 25 20:10:08 
Apr 25 20:10:08 您的种豆互助码选择的是用&隔开
Apr 25 20:10:08 
Apr 25 20:10:08 共0个京东账号
Apr 25 20:10:08 
Apr 25 20:10:08 您提供了13个账号的种豆得豆助力码
Apr 25 20:10:08 
Apr 25 20:10:08 
Apr 25 20:10:08 ==============📣系统通知📣==============
Apr 25 20:10:08 京东种豆得豆
Apr 25 20:10:08 【提示】请先获取京东账号一cookie
Apr 25 20:10:08 直接使用NobyDa的京东签到获取
Apr 25 20:10:08 https://bean.m.jd.com/bean/signIndex.action
Apr 25 20:10:08 
Apr 25 20:10:08 🔔京东种豆得豆, 结束! 🕛 0.02 秒
Apr 25 20:10:08 
Apr 25 21:11:55 
Apr 25 21:11:55 🔔京东种豆得豆, 开始!
Apr 25 21:11:55 开始获取种豆得豆配置文件
Apr 25 21:11:55 
Apr 25 21:11:55 
Apr 25 21:11:55 ====================共0个京东账号Cookie=========
Apr 25 21:11:55 
Apr 25 21:11:55 ==================脚本执行- 北京时间(UTC+8)：4/25/2021, 9:11:55 PM=====================
Apr 25 21:11:55 
Apr 25 21:11:55 您的种豆互助码选择的是用&隔开
Apr 25 21:11:55 
Apr 25 21:11:55 共0个京东账号
Apr 25 21:11:55 
Apr 25 21:11:55 您提供了13个账号的种豆得豆助力码
Apr 25 21:11:55 
Apr 25 21:11:55 
Apr 25 21:11:55 ==============📣系统通知📣==============
Apr 25 21:11:55 京东种豆得豆
Apr 25 21:11:55 【提示】请先获取京东账号一cookie
Apr 25 21:11:55 直接使用NobyDa的京东签到获取
Apr 25 21:11:55 https://bean.m.jd.com/bean/signIndex.action
Apr 25 21:11:55 
Apr 25 21:11:55 🔔京东种豆得豆, 结束! 🕛 0.02 秒
Apr 25 21:11:55 
Apr 25 22:11:55 
Apr 25 22:11:55 🔔京东种豆得豆, 开始!
Apr 25 22:11:55 开始获取种豆得豆配置文件
Apr 25 22:11:55 
Apr 25 22:11:55 
Apr 25 22:11:55 ====================共0个京东账号Cookie=========
Apr 25 22:11:55 
Apr 25 22:11:55 ==================脚本执行- 北京时间(UTC+8)：4/25/2021, 10:11:55 PM=====================
Apr 25 22:11:55 
Apr 25 22:11:55 您的种豆互助码选择的是用&隔开
Apr 25 22:11:55 
Apr 25 22:11:55 共0个京东账号
Apr 25 22:11:55 
Apr 25 22:11:55 您提供了13个账号的种豆得豆助力码
Apr 25 22:11:55 
Apr 25 22:11:55 
Apr 25 22:11:55 ==============📣系统通知📣==============
Apr 25 22:11:55 京东种豆得豆
Apr 25 22:11:55 【提示】请先获取京东账号一cookie
Apr 25 22:11:55 直接使用NobyDa的京东签到获取
Apr 25 22:11:55 https://bean.m.jd.com/bean/signIndex.action
Apr 25 22:11:55 
Apr 25 22:11:55 🔔京东种豆得豆, 结束! 🕛 0.016 秒
Apr 25 22:11:55 
