Apr 25 00:12:22 
Apr 25 00:12:22 🔔京东全民开红包, 开始!
Apr 25 00:12:22 
Apr 25 00:12:22 ====================共0个京东账号Cookie=========
Apr 25 00:12:22 
Apr 25 00:12:22 ==================脚本执行- 北京时间(UTC+8)：4/25/2021, 12:12:22 AM=====================
Apr 25 00:12:22 
Apr 25 00:12:22 
Apr 25 00:12:22 ==============📣系统通知📣==============
Apr 25 00:12:22 京东全民开红包
Apr 25 00:12:22 【提示】请先获取京东账号一cookie
Apr 25 00:12:22 直接使用NobyDa的京东签到获取
Apr 25 00:12:22 https://bean.m.jd.com/bean/signIndex.action
Apr 25 00:12:22 
Apr 25 00:12:22 🔔京东全民开红包, 结束! 🕛 0.038 秒
Apr 25 00:12:22 
Apr 25 04:13:44 
Apr 25 04:13:44 🔔京东全民开红包, 开始!
Apr 25 04:13:44 
Apr 25 04:13:44 ====================共0个京东账号Cookie=========
Apr 25 04:13:44 
Apr 25 04:13:44 ==================脚本执行- 北京时间(UTC+8)：4/25/2021, 4:13:44 AM=====================
Apr 25 04:13:44 
Apr 25 04:13:44 
Apr 25 04:13:44 ==============📣系统通知📣==============
Apr 25 04:13:44 京东全民开红包
Apr 25 04:13:44 【提示】请先获取京东账号一cookie
Apr 25 04:13:44 直接使用NobyDa的京东签到获取
Apr 25 04:13:44 https://bean.m.jd.com/bean/signIndex.action
Apr 25 04:13:44 
Apr 25 04:13:44 🔔京东全民开红包, 结束! 🕛 0.041 秒
Apr 25 04:13:44 
Apr 25 08:13:43 
Apr 25 08:13:43 🔔京东全民开红包, 开始!
Apr 25 08:13:43 
Apr 25 08:13:43 ====================共0个京东账号Cookie=========
Apr 25 08:13:43 
Apr 25 08:13:43 ==================脚本执行- 北京时间(UTC+8)：4/25/2021, 8:13:43 AM=====================
Apr 25 08:13:43 
Apr 25 08:13:43 
Apr 25 08:13:43 ==============📣系统通知📣==============
Apr 25 08:13:43 京东全民开红包
Apr 25 08:13:43 【提示】请先获取京东账号一cookie
Apr 25 08:13:43 直接使用NobyDa的京东签到获取
Apr 25 08:13:43 https://bean.m.jd.com/bean/signIndex.action
Apr 25 08:13:43 
Apr 25 08:13:43 🔔京东全民开红包, 结束! 🕛 0.032 秒
Apr 25 08:13:43 
Apr 25 12:12:22 
Apr 25 12:12:22 🔔京东全民开红包, 开始!
Apr 25 12:12:22 
Apr 25 12:12:22 ====================共0个京东账号Cookie=========
Apr 25 12:12:22 
Apr 25 12:12:22 ==================脚本执行- 北京时间(UTC+8)：4/25/2021, 12:12:22 PM=====================
Apr 25 12:12:22 
Apr 25 12:12:22 
Apr 25 12:12:22 ==============📣系统通知📣==============
Apr 25 12:12:22 京东全民开红包
Apr 25 12:12:22 【提示】请先获取京东账号一cookie
Apr 25 12:12:22 直接使用NobyDa的京东签到获取
Apr 25 12:12:22 https://bean.m.jd.com/bean/signIndex.action
Apr 25 12:12:22 
Apr 25 12:12:22 🔔京东全民开红包, 结束! 🕛 0.041 秒
Apr 25 12:12:22 
Apr 25 16:12:06 
Apr 25 16:12:06 🔔京东全民开红包, 开始!
Apr 25 16:12:06 
Apr 25 16:12:06 ====================共0个京东账号Cookie=========
Apr 25 16:12:06 
Apr 25 16:12:06 ==================脚本执行- 北京时间(UTC+8)：4/25/2021, 4:12:06 PM=====================
Apr 25 16:12:06 
Apr 25 16:12:06 
Apr 25 16:12:06 ==============📣系统通知📣==============
Apr 25 16:12:06 京东全民开红包
Apr 25 16:12:06 【提示】请先获取京东账号一cookie
Apr 25 16:12:06 直接使用NobyDa的京东签到获取
Apr 25 16:12:06 https://bean.m.jd.com/bean/signIndex.action
Apr 25 16:12:06 
Apr 25 16:12:06 🔔京东全民开红包, 结束! 🕛 0.035 秒
Apr 25 16:12:06 
Apr 25 20:12:20 
Apr 25 20:12:20 🔔京东全民开红包, 开始!
Apr 25 20:12:20 
Apr 25 20:12:20 ====================共0个京东账号Cookie=========
Apr 25 20:12:20 
Apr 25 20:12:20 ==================脚本执行- 北京时间(UTC+8)：4/25/2021, 8:12:20 PM=====================
Apr 25 20:12:20 
Apr 25 20:12:20 
Apr 25 20:12:20 ==============📣系统通知📣==============
Apr 25 20:12:20 京东全民开红包
Apr 25 20:12:20 【提示】请先获取京东账号一cookie
Apr 25 20:12:20 直接使用NobyDa的京东签到获取
Apr 25 20:12:20 https://bean.m.jd.com/bean/signIndex.action
Apr 25 20:12:20 
Apr 25 20:12:20 🔔京东全民开红包, 结束! 🕛 0.032 秒
Apr 25 20:12:20 
