Apr 25 01:21:32 
Apr 25 01:21:32 🔔京东极速版, 开始!
Apr 25 01:21:32 
Apr 25 01:21:32 ====================共0个京东账号Cookie=========
Apr 25 01:21:32 
Apr 25 01:21:32 ==================脚本执行- 北京时间(UTC+8)：4/25/2021, 1:21:32 AM=====================
Apr 25 01:21:32 
Apr 25 01:21:32 
Apr 25 01:21:32 ==============📣系统通知📣==============
Apr 25 01:21:32 京东极速版
Apr 25 01:21:32 【提示】请先获取京东账号一cookie
Apr 25 01:21:32 直接使用NobyDa的京东签到获取
Apr 25 01:21:32 https://bean.m.jd.com/bean/signIndex.action
Apr 25 01:21:32 
Apr 25 01:21:32 🔔京东极速版, 结束! 🕛 0.035 秒
Apr 25 01:21:32 
Apr 25 06:22:32 
Apr 25 06:22:32 🔔京东极速版, 开始!
Apr 25 06:22:32 
Apr 25 06:22:32 ====================共0个京东账号Cookie=========
Apr 25 06:22:32 
Apr 25 06:22:32 ==================脚本执行- 北京时间(UTC+8)：4/25/2021, 6:22:32 AM=====================
Apr 25 06:22:32 
Apr 25 06:22:32 
Apr 25 06:22:32 ==============📣系统通知📣==============
Apr 25 06:22:32 京东极速版
Apr 25 06:22:32 【提示】请先获取京东账号一cookie
Apr 25 06:22:32 直接使用NobyDa的京东签到获取
Apr 25 06:22:32 https://bean.m.jd.com/bean/signIndex.action
Apr 25 06:22:32 
Apr 25 06:22:32 🔔京东极速版, 结束! 🕛 0.033 秒
Apr 25 06:22:32 
