Apr 25 00:31:37 
Apr 25 00:31:37 🔔东东超市, 开始!
Apr 25 00:31:37 
Apr 25 00:31:37 ====================共0个京东账号Cookie=========
Apr 25 00:31:37 
Apr 25 00:31:37 ==================脚本执行- 北京时间(UTC+8)：4/25/2021, 12:31:37 AM=====================
Apr 25 00:31:37 
Apr 25 00:31:37 共0个京东账号
Apr 25 00:31:37 
Apr 25 00:31:37 
Apr 25 00:31:37 ==============📣系统通知📣==============
Apr 25 00:31:37 东东超市
Apr 25 00:31:37 【提示】请先获取京东账号一cookie
Apr 25 00:31:37 直接使用NobyDa的京东签到获取
Apr 25 00:31:37 https://bean.m.jd.com/bean/signIndex.action
Apr 25 00:31:37 
Apr 25 00:31:37 🔔东东超市, 结束! 🕛 0.026 秒
Apr 25 00:31:37 
Apr 25 01:32:17 
Apr 25 01:32:17 🔔东东超市, 开始!
Apr 25 01:32:17 
Apr 25 01:32:17 ====================共0个京东账号Cookie=========
Apr 25 01:32:17 
Apr 25 01:32:17 ==================脚本执行- 北京时间(UTC+8)：4/25/2021, 1:32:17 AM=====================
Apr 25 01:32:17 
Apr 25 01:32:17 共0个京东账号
Apr 25 01:32:17 
Apr 25 01:32:17 
Apr 25 01:32:17 ==============📣系统通知📣==============
Apr 25 01:32:17 东东超市
Apr 25 01:32:17 【提示】请先获取京东账号一cookie
Apr 25 01:32:17 直接使用NobyDa的京东签到获取
Apr 25 01:32:17 https://bean.m.jd.com/bean/signIndex.action
Apr 25 01:32:17 
Apr 25 01:32:17 🔔东东超市, 结束! 🕛 0.024 秒
Apr 25 01:32:17 
Apr 25 03:31:21 
Apr 25 03:31:21 🔔东东超市, 开始!
Apr 25 03:31:21 
Apr 25 03:31:21 ====================共0个京东账号Cookie=========
Apr 25 03:31:21 
Apr 25 03:31:21 ==================脚本执行- 北京时间(UTC+8)：4/25/2021, 3:31:21 AM=====================
Apr 25 03:31:21 
Apr 25 03:31:21 共0个京东账号
Apr 25 03:31:21 
Apr 25 03:31:21 
Apr 25 03:31:21 ==============📣系统通知📣==============
Apr 25 03:31:21 东东超市
Apr 25 03:31:21 【提示】请先获取京东账号一cookie
Apr 25 03:31:21 直接使用NobyDa的京东签到获取
Apr 25 03:31:21 https://bean.m.jd.com/bean/signIndex.action
Apr 25 03:31:21 
Apr 25 03:31:21 🔔东东超市, 结束! 🕛 0.026 秒
Apr 25 03:31:21 
Apr 25 05:31:16 
Apr 25 05:31:16 🔔东东超市, 开始!
Apr 25 05:31:16 
Apr 25 05:31:16 ====================共0个京东账号Cookie=========
Apr 25 05:31:16 
Apr 25 05:31:16 ==================脚本执行- 北京时间(UTC+8)：4/25/2021, 5:31:16 AM=====================
Apr 25 05:31:16 
Apr 25 05:31:16 共0个京东账号
Apr 25 05:31:16 
Apr 25 05:31:16 
Apr 25 05:31:16 ==============📣系统通知📣==============
Apr 25 05:31:16 东东超市
Apr 25 05:31:16 【提示】请先获取京东账号一cookie
Apr 25 05:31:16 直接使用NobyDa的京东签到获取
Apr 25 05:31:16 https://bean.m.jd.com/bean/signIndex.action
Apr 25 05:31:16 
Apr 25 05:31:16 🔔东东超市, 结束! 🕛 0.023 秒
Apr 25 05:31:16 
Apr 25 07:32:35 
Apr 25 07:32:35 🔔东东超市, 开始!
Apr 25 07:32:35 
Apr 25 07:32:35 ====================共0个京东账号Cookie=========
Apr 25 07:32:35 
Apr 25 07:32:35 ==================脚本执行- 北京时间(UTC+8)：4/25/2021, 7:32:35 AM=====================
Apr 25 07:32:35 
Apr 25 07:32:35 共0个京东账号
Apr 25 07:32:35 
Apr 25 07:32:35 
Apr 25 07:32:35 ==============📣系统通知📣==============
Apr 25 07:32:35 东东超市
Apr 25 07:32:35 【提示】请先获取京东账号一cookie
Apr 25 07:32:35 直接使用NobyDa的京东签到获取
Apr 25 07:32:35 https://bean.m.jd.com/bean/signIndex.action
Apr 25 07:32:35 
Apr 25 07:32:35 🔔东东超市, 结束! 🕛 0.022 秒
Apr 25 07:32:35 
Apr 25 09:32:28 
Apr 25 09:32:28 🔔东东超市, 开始!
Apr 25 09:32:28 
Apr 25 09:32:28 ====================共0个京东账号Cookie=========
Apr 25 09:32:28 
Apr 25 09:32:28 ==================脚本执行- 北京时间(UTC+8)：4/25/2021, 9:32:28 AM=====================
Apr 25 09:32:28 
Apr 25 09:32:28 共0个京东账号
Apr 25 09:32:28 
Apr 25 09:32:28 
Apr 25 09:32:28 ==============📣系统通知📣==============
Apr 25 09:32:28 东东超市
Apr 25 09:32:28 【提示】请先获取京东账号一cookie
Apr 25 09:32:28 直接使用NobyDa的京东签到获取
Apr 25 09:32:28 https://bean.m.jd.com/bean/signIndex.action
Apr 25 09:32:28 
Apr 25 09:32:28 🔔东东超市, 结束! 🕛 0.021 秒
Apr 25 09:32:28 
Apr 25 11:31:40 
Apr 25 11:31:40 🔔东东超市, 开始!
Apr 25 11:31:40 
Apr 25 11:31:40 ====================共0个京东账号Cookie=========
Apr 25 11:31:40 
Apr 25 11:31:40 ==================脚本执行- 北京时间(UTC+8)：4/25/2021, 11:31:40 AM=====================
Apr 25 11:31:40 
Apr 25 11:31:40 共0个京东账号
Apr 25 11:31:40 
Apr 25 11:31:40 
Apr 25 11:31:40 ==============📣系统通知📣==============
Apr 25 11:31:40 东东超市
Apr 25 11:31:40 【提示】请先获取京东账号一cookie
Apr 25 11:31:40 直接使用NobyDa的京东签到获取
Apr 25 11:31:40 https://bean.m.jd.com/bean/signIndex.action
Apr 25 11:31:40 
Apr 25 11:31:40 🔔东东超市, 结束! 🕛 0.022 秒
Apr 25 11:31:40 
Apr 25 13:32:46 
Apr 25 13:32:46 🔔东东超市, 开始!
Apr 25 13:32:46 
Apr 25 13:32:46 ====================共0个京东账号Cookie=========
Apr 25 13:32:46 
Apr 25 13:32:46 ==================脚本执行- 北京时间(UTC+8)：4/25/2021, 1:32:46 PM=====================
Apr 25 13:32:46 
Apr 25 13:32:46 共0个京东账号
Apr 25 13:32:46 
Apr 25 13:32:46 
Apr 25 13:32:46 ==============📣系统通知📣==============
Apr 25 13:32:46 东东超市
Apr 25 13:32:46 【提示】请先获取京东账号一cookie
Apr 25 13:32:46 直接使用NobyDa的京东签到获取
Apr 25 13:32:46 https://bean.m.jd.com/bean/signIndex.action
Apr 25 13:32:46 
Apr 25 13:32:46 🔔东东超市, 结束! 🕛 0.024 秒
Apr 25 13:32:46 
Apr 25 15:32:11 
Apr 25 15:32:11 🔔东东超市, 开始!
Apr 25 15:32:11 
Apr 25 15:32:11 ====================共0个京东账号Cookie=========
Apr 25 15:32:11 
Apr 25 15:32:11 ==================脚本执行- 北京时间(UTC+8)：4/25/2021, 3:32:11 PM=====================
Apr 25 15:32:11 
Apr 25 15:32:11 共0个京东账号
Apr 25 15:32:11 
Apr 25 15:32:11 
Apr 25 15:32:11 ==============📣系统通知📣==============
Apr 25 15:32:11 东东超市
Apr 25 15:32:11 【提示】请先获取京东账号一cookie
Apr 25 15:32:11 直接使用NobyDa的京东签到获取
Apr 25 15:32:11 https://bean.m.jd.com/bean/signIndex.action
Apr 25 15:32:11 
Apr 25 15:32:11 🔔东东超市, 结束! 🕛 0.028 秒
Apr 25 15:32:11 
Apr 25 17:32:49 
Apr 25 17:32:49 🔔东东超市, 开始!
Apr 25 17:32:49 
Apr 25 17:32:49 ====================共0个京东账号Cookie=========
Apr 25 17:32:49 
Apr 25 17:32:49 ==================脚本执行- 北京时间(UTC+8)：4/25/2021, 5:32:49 PM=====================
Apr 25 17:32:49 
Apr 25 17:32:49 共0个京东账号
Apr 25 17:32:49 
Apr 25 17:32:49 
Apr 25 17:32:49 ==============📣系统通知📣==============
Apr 25 17:32:49 东东超市
Apr 25 17:32:49 【提示】请先获取京东账号一cookie
Apr 25 17:32:49 直接使用NobyDa的京东签到获取
Apr 25 17:32:49 https://bean.m.jd.com/bean/signIndex.action
Apr 25 17:32:49 
Apr 25 17:32:49 🔔东东超市, 结束! 🕛 0.022 秒
Apr 25 17:32:49 
Apr 25 19:31:58 
Apr 25 19:31:58 🔔东东超市, 开始!
Apr 25 19:31:58 
Apr 25 19:31:58 ====================共0个京东账号Cookie=========
Apr 25 19:31:58 
Apr 25 19:31:58 ==================脚本执行- 北京时间(UTC+8)：4/25/2021, 7:31:58 PM=====================
Apr 25 19:31:58 
Apr 25 19:31:58 共0个京东账号
Apr 25 19:31:58 
Apr 25 19:31:58 
Apr 25 19:31:58 ==============📣系统通知📣==============
Apr 25 19:31:58 东东超市
Apr 25 19:31:58 【提示】请先获取京东账号一cookie
Apr 25 19:31:58 直接使用NobyDa的京东签到获取
Apr 25 19:31:58 https://bean.m.jd.com/bean/signIndex.action
Apr 25 19:31:58 
Apr 25 19:31:58 🔔东东超市, 结束! 🕛 0.035 秒
Apr 25 19:31:58 
Apr 25 21:31:20 
Apr 25 21:31:20 🔔东东超市, 开始!
Apr 25 21:31:20 
Apr 25 21:31:20 ====================共0个京东账号Cookie=========
Apr 25 21:31:20 
Apr 25 21:31:20 ==================脚本执行- 北京时间(UTC+8)：4/25/2021, 9:31:20 PM=====================
Apr 25 21:31:20 
Apr 25 21:31:20 共0个京东账号
Apr 25 21:31:20 
Apr 25 21:31:20 
Apr 25 21:31:20 ==============📣系统通知📣==============
Apr 25 21:31:20 东东超市
Apr 25 21:31:20 【提示】请先获取京东账号一cookie
Apr 25 21:31:20 直接使用NobyDa的京东签到获取
Apr 25 21:31:20 https://bean.m.jd.com/bean/signIndex.action
Apr 25 21:31:20 
Apr 25 21:31:20 🔔东东超市, 结束! 🕛 0.022 秒
Apr 25 21:31:20 
